[15:19:08] This is prokka 1.12
[15:19:08] Written by Torsten Seemann <torsten.seemann@gmail.com>
[15:19:08] Homepage is https://github.com/tseemann/prokka
[15:19:08] Local time is Wed Jan 24 15:19:08 2018
[15:19:08] You are mingzhi
[15:19:08] Operating system is linux
[15:19:08] You have BioPerl 1.007001
[15:19:08] System has 4 cores.
[15:19:08] Will use maximum of 1 cores.
[15:19:08] Annotating as >>> Bacteria <<<
[15:19:08] Generating locus_tag from 'examples/genomes/GCF_900087465.1/GCF_900087465.1_genomic.fna' contents.
[15:19:08] Setting --locustag BJDFHBJJ from MD5 b3df1b33b766e2294af4054fdcd09f31
[15:19:08] Enabling options to ensure Genbank/ENA/DDJB submission compliance.
[15:19:08] Re-using existing --outdir examples/prokka/GCF_900087465.1
[15:19:08] Using filename prefix: GCF_900087465.1.XXX
[15:19:08] Setting HMMER_NCPU=1
[15:19:08] Writing log to: examples/prokka/GCF_900087465.1/GCF_900087465.1.log
[15:19:08] Command: /home/mingzhi/prokka/bin/prokka --cpus 1 --force --centre X --compliant --outdir examples/prokka/GCF_900087465.1 --prefix GCF_900087465.1 examples/genomes/GCF_900087465.1/GCF_900087465.1_genomic.fna --quiet
[15:19:08] Appending to PATH: /home/mingzhi/prokka/bin/../binaries/linux
[15:19:08] Appending to PATH: /home/mingzhi/prokka/bin/../binaries/linux/../common
[15:19:08] Appending to PATH: /home/mingzhi/prokka/bin
[15:19:08] Looking for 'aragorn' - found /home/mingzhi/prokka/bin/../binaries/linux/aragorn
[15:19:08] Determined aragorn version is 1.2
[15:19:08] Looking for 'blastp' - found /usr/bin/blastp
[15:19:08] Determined blastp version is 2.6
[15:19:08] Looking for 'cmpress' - found /usr/bin/cmpress
[15:19:08] Determined cmpress version is 1.1
[15:19:08] Looking for 'cmscan' - found /usr/bin/cmscan
[15:19:08] Determined cmscan version is 1.1
[15:19:08] Looking for 'egrep' - found /bin/egrep
[15:19:08] Looking for 'find' - found /usr/bin/find
[15:19:08] Looking for 'grep' - found /bin/grep
[15:19:08] Looking for 'hmmpress' - found /usr/bin/hmmpress
[15:19:08] Determined hmmpress version is 3.1
[15:19:08] Looking for 'hmmscan' - found /usr/bin/hmmscan
[15:19:08] Determined hmmscan version is 3.1
[15:19:08] Looking for 'java' - found /usr/bin/java
[15:19:08] Looking for 'less' - found /usr/bin/less
[15:19:08] Looking for 'makeblastdb' - found /usr/bin/makeblastdb
[15:19:08] Determined makeblastdb version is 2.6
[15:19:08] Looking for 'minced' - found /home/mingzhi/prokka/bin/../binaries/linux/../common/minced
[15:19:08] Determined minced version is 2.0
[15:19:08] Looking for 'parallel' - found /usr/bin/parallel
[15:19:08] Determined parallel version is 20161222
[15:19:08] Looking for 'prodigal' - found /home/mingzhi/prokka/bin/../binaries/linux/prodigal
[15:19:08] Determined prodigal version is 2.6
[15:19:08] Looking for 'prokka-genbank_to_fasta_db' - found /home/mingzhi/prokka/bin/prokka-genbank_to_fasta_db
[15:19:08] Looking for 'sed' - found /bin/sed
[15:19:08] Looking for 'tbl2asn' - found /home/mingzhi/prokka/bin/../binaries/linux/tbl2asn
[15:19:08] Determined tbl2asn version is 25.3
[15:19:08] Using genetic code table 11.
[15:19:08] Loading and checking input file: examples/genomes/GCF_900087465.1/GCF_900087465.1_genomic.fna
[15:19:08] Skipping short (<200 bp) contig: NZ_FLON01000057.1
[15:19:08] Skipping short (<200 bp) contig: NZ_FLON01000058.1
[15:19:08] Wrote 56 contigs totalling 1632246 bp.
[15:19:08] Predicting tRNAs and tmRNAs
[15:19:08] Running: aragorn -l -gc11  -w examples\/prokka\/GCF_900087465\.1\/GCF_900087465\.1\.fna
[15:19:09] 1 tRNA-Met c[17428,17504] 35 (cat)
[15:19:09] 2 tmRNA c[58101,58486] 84,128 VNNTDYAPAYAKAA*
[15:19:09] 3 tRNA-Arg [107619,107695] 35 (cct)
[15:19:09] 1 tRNA-Ser c[31557,31648] 36 (gct)
[15:19:09] 2 tRNA-Val [50325,50400] 34 (gac)
[15:19:09] 1 tRNA-Ala [69392,69467] 34 (ggc)
[15:19:09] 2 tRNA-Asn [92369,92443] 33 (gtt)
[15:19:09] 1 tRNA-Phe c[7298,7373] 34 (gaa)
[15:19:09] 1 tRNA-Pro [1736,1813] 36 (ggg)
[15:19:09] 2 tRNA-Ser [54762,54849] 35 (gga)
[15:19:09] 1 tRNA-Gly [17508,17582] 33 (gcc)
[15:19:09] 2 tRNA-Leu [17978,18064] 35 (taa)
[15:19:09] 3 tRNA-Cys [18138,18212] 33 (gca)
[15:19:09] 4 tRNA-Ser [18260,18347] 35 (tga)
[15:19:09] 1 tRNA-Glu c[57236,57311] 35 (ttc)
[15:19:09] 2 tRNA-Asp c[57374,57450] 35 (gtc)
[15:19:09] 3 tRNA-Val c[57491,57566] 34 (tac)
[15:19:09] 4 tRNA-Glu c[57608,57682] 34 (ttc)
[15:19:09] 5 tRNA-Lys c[57693,57768] 34 (ttt)
[15:19:09] 1 tRNA-Leu [29864,29950] 35 (gag)
[15:19:09] 2 tRNA-Leu [30006,30092] 35 (caa)
[15:19:09] 3 tRNA-Thr [35490,35565] 34 (tgt)
[15:19:09] 4 tRNA-Tyr [35593,35677] 35 (gta)
[15:19:09] 5 tRNA-Gly [35693,35769] 35 (tcc)
[15:19:09] 6 tRNA-Thr [35800,35874] 33 (ggt)
[15:19:09] 7 tRNA-Trp [37434,37509] 34 (cca)
[15:19:09] 1 tRNA-Met c[39666,39743] 36 (cat)
[15:19:09] 1 tRNA-Leu c[3080,3164] 35 (tag)
[15:19:09] 2 tRNA-Ile [7948,8024] 35 (gat)
[15:19:09] 3 tRNA-Ala [8039,8114] 34 (tgc)
[15:19:09] 4 tRNA-Arg c[32524,32600] 35 (gcg)
[15:19:09] 1 tRNA-Gln [37013,37087] 33 (ttg)
[15:19:09] 2 tRNA-Met [37106,37182] 35 (cat)
[15:19:09] 1 tRNA-Pro [34813,34890] 36 (tgg)
[15:19:09] 2 tRNA-His [34956,35032] 35 (gtg)
[15:19:09] 3 tRNA-Arg [35090,35166] 35 (tcg)
[15:19:09] 4 tRNA-Arg [35189,35265] 35 (tct)
[15:19:09] Found 37 tRNAs
[15:19:09] Predicting Ribosomal RNAs
[15:19:09] You need either Barrnap or RNAmmer installed to predict rRNAs!
[15:19:09] Skipping ncRNA search, enable with --rfam if desired.
[15:19:09] Total of 36 tRNA + rRNA features
[15:19:09] Searching for CRISPR repeats
[15:19:10] Found 0 CRISPRs
[15:19:10] Predicting coding sequences
[15:19:10] Contigs total 1632246 bp, so using single mode
[15:19:10] Running: prodigal -i examples\/prokka\/GCF_900087465\.1\/GCF_900087465\.1\.fna -c -m -g 11 -p single -f sco -q
[15:19:11] Excluding CDS which overlaps existing RNA (tRNA) at gnl|X|BJDFHBJJ_1:17466..18587 on - strand
[15:19:12] Excluding CDS which overlaps existing RNA (tRNA) at gnl|X|BJDFHBJJ_18:36431..37057 on - strand
[15:19:13] Found 1560 CDS
[15:19:13] Connecting features back to sequences
[15:19:13] Not using genus-specific database. Try --usegenus to enable it.
[15:19:13] Annotating CDS, please be patient.
[15:19:13] Will use 1 CPUs for similarity searching.
[15:19:13] There are still 1560 unannotated CDS left (started with 1560)
[15:19:13] Will use blast to search against /home/mingzhi/prokka/bin/../db/kingdom/Bacteria/sprot with 1 CPUs
[15:19:13] Running: cat examples\/prokka\/GCF_900087465\.1\/sprot\.faa | parallel --gnu --plain -j 1 --block 247862 --recstart '>' --pipe blastp -query - -db /home/mingzhi/prokka/bin/../db/kingdom/Bacteria/sprot -evalue 1e-06 -num_threads 1 -num_descriptions 1 -num_alignments 1 -seg no > examples\/prokka\/GCF_900087465\.1\/sprot\.blast 2> /dev/null
[15:21:29] Modify product: Probable FMN/FAD exporter YeeO => putative FMN/FAD exporter YeeO
[15:21:29] Modify product: Probable molybdenum cofactor guanylyltransferase => putative molybdenum cofactor guanylyltransferase
[15:21:29] Modify product: Probable adenylyltransferase/sulfurtransferase MoeZ => putative adenylyltransferase/sulfurtransferase MoeZ
[15:21:29] Modify product: Probable type I restriction enzyme BthVORF4518P M protein => putative type I restriction enzymeP M protein
[15:21:29] Modify product: Uncharacterized ABC transporter ATP-binding protein YbiT => putative ABC transporter ATP-binding protein YbiT
[15:21:29] Modify product: Uncharacterized ABC transporter ATP-binding protein HI_1470 => putative ABC transporter ATP-binding protein
[15:21:29] Modify product: Uncharacterized oxidoreductase Rv0484c => putative oxidoreductase
[15:21:29] Modify product: Bifunctional protein FolD => Bifunctional protein FolD protein
[15:21:29] Modify product: Uncharacterized ABC transporter ATP-binding protein TM_0288 => putative ABC transporter ATP-binding protein
[15:21:29] Modify product: Uncharacterized glycosyltransferase Rv1514c => putative glycosyltransferase
[15:21:29] Modify product: Putative 2-hydroxyacid dehydrogenase HI_1556 => Putative 2-hydroxyacid dehydrogenase
[15:21:30] Modify product: Nucleoid-associated protein HP_0035 => Nucleoid-associated protein
[15:21:30] Modify product: Uncharacterized GTP-binding protein YjiA => putative GTP-binding protein YjiA
[15:21:30] Modify product: Probable phospholipid ABC transporter permease protein MlaE => putative phospholipid ABC transporter permease protein MlaE
[15:21:30] Modify product: Uncharacterized zinc protease Rv2782c => putative zinc protease
[15:21:30] Modify product: Probable transcriptional regulatory protein HP_0162 => putative transcriptional regulatory protein
[15:21:30] Modify product: Uncharacterized protease YdcP => putative protease YdcP
[15:21:30] Modify product: Putative peptidyl-prolyl cis-trans isomerase HP_0175 => Putative peptidyl-prolyl cis-trans isomerase
[15:21:30] Modify product: Probable nicotinate-nucleotide adenylyltransferase => putative nicotinate-nucleotide adenylyltransferase
[15:21:30] Modify product: Probable protein-export membrane protein SecG => putative protein-export membrane protein SecG
[15:21:30] Modify product: Probable nicotinate-nucleotide pyrophosphorylase [carboxylating] => putative nicotinate-nucleotide pyrophosphorylase [carboxylating]
[15:21:30] Modify product: Uncharacterized zinc protease Rv2782c => putative zinc protease
[15:21:30] Modify product: Uncharacterized AAA domain-containing protein Rv2559c => putative AAA domain-containing protein
[15:21:30] Modify product: Aminopeptidase HP_1037 => Aminopeptidase
[15:21:30] Modify product: Probable septum site-determining protein MinC => putative septum site-determining protein MinC
[15:21:30] Modify product: Chemotaxis protein CheY homolog => Chemotaxis protein CheY 
[15:21:30] Modify product: Probable tautomerase HP_0924 => putative tautomerase
[15:21:30] Modify product: Protease HtpX homolog => Protease HtpX 
[15:21:30] Modify product: Probable amino-acid ABC transporter-binding protein HI_1080 => putative amino-acid ABC transporter-binding protein
[15:21:30] Modify product: RutC family protein HI_0719 => RutC family protein
[15:21:30] Modify product: Uncharacterized RNA pseudouridine synthase Rv1540 => putative RNA pseudouridine synthase
[15:21:30] Modify product: Probable peptidoglycan glycosyltransferase FtsW => putative peptidoglycan glycosyltransferase FtsW
[15:21:30] Modify product: Probable peroxiredoxin => putative peroxiredoxin
[15:21:30] Modify product: Probable GTP-binding protein EngB => putative GTP-binding protein EngB
[15:21:30] Modify product: Uncharacterized metal-dependent hydrolase YcfH => putative metal-dependent hydrolase YcfH
[15:21:30] Modify product: Probable undecaprenyl-phosphate N-acetylglucosaminyl 1-phosphate transferase => putative undecaprenyl-phosphate N-acetylglucosaminyl 1-phosphate transferase
[15:21:30] Modify product: N utilization substance protein B homolog => N utilization substance protein B 
[15:21:30] Modify product: Uncharacterized FAD-linked oxidoreductase Rv2280 => putative FAD-linked oxidoreductase
[15:21:30] Modify product: Uncharacterized RNA pseudouridine synthase HP_0347 => putative RNA pseudouridine synthase
[15:21:30] Modify product: Uncharacterized RNA pseudouridine synthase HP_0347 => putative RNA pseudouridine synthase
[15:21:31] Modify product: Probable cardiolipin synthase YwiE => putative cardiolipin synthase YwiE
[15:21:31] Modify product: Probable type I restriction enzyme BthVORF4518P M protein => putative type I restriction enzymeP M protein
[15:21:31] Modify product: Uncharacterized FAD-linked oxidoreductase Rv2280 => putative FAD-linked oxidoreductase
[15:21:31] Modify product: Probable thiol peroxidase => putative thiol peroxidase
[15:21:31] Modify product: Uncharacterized HIT-like protein HP_0404 => putative HIT-like protein
[15:21:31] Modify product: Probable cysteine desulfurase => putative cysteine desulfurase
[15:21:31] Modify product: Probable dual-specificity RNA methyltransferase RlmN => putative dual-specificity RNA methyltransferase RlmN
[15:21:31] Modify product: Probable chromosome-partitioning protein ParB => putative chromosome-partitioning protein ParB
[15:21:31] Modify product: Probable formaldehyde dehydrogenase AdhA => putative formaldehyde dehydrogenase AdhA
[15:21:31] Modify product: Probable BsuMI modification methylase subunit YdiO => putative BsuMI modification methylase subunit YdiO
[15:21:31] Modify product: Carbon storage regulator homolog => Carbon storage regulator 
[15:21:31] Modify product: Probable L-asparaginase => putative L-asparaginase
[15:21:31] Cleaned 52 /product names
[15:21:31] Deleting unwanted file: examples/prokka/GCF_900087465.1/sprot.faa
[15:21:31] Deleting unwanted file: examples/prokka/GCF_900087465.1/sprot.blast
[15:21:31] There are still 653 unannotated CDS left (started with 1560)
[15:21:31] Will use hmmer3 to search against /home/mingzhi/prokka/bin/../db/hmm/HAMAP.hmm with 1 CPUs
[15:21:31] Running: cat examples\/prokka\/GCF_900087465\.1\/HAMAP\.hmm\.faa | parallel --gnu --plain -j 1 --block 83367 --recstart '>' --pipe hmmscan --noali --notextw --acc -E 1e-06 --cpu 1 /home/mingzhi/prokka/bin/../db/hmm/HAMAP.hmm /dev/stdin > examples\/prokka\/GCF_900087465\.1\/HAMAP\.hmm\.hmmer3 2> /dev/null
[15:22:04] Deleting unwanted file: examples/prokka/GCF_900087465.1/HAMAP.hmm.faa
[15:22:04] Deleting unwanted file: examples/prokka/GCF_900087465.1/HAMAP.hmm.hmmer3
[15:22:04] Labelling remaining 604 proteins as 'hypothetical protein'
[15:22:04] Possible /pseudo 'Hydroxymethylpyrimidine/phosphomethylpyrimidine kinase' at gnl|X|BJDFHBJJ_1 position 115490
[15:22:04] Possible /pseudo 'Urease subunit beta' at gnl|X|BJDFHBJJ_3 position 52536
[15:22:04] Possible /pseudo 'Hydrogenase isoenzymes formation protein HypE' at gnl|X|BJDFHBJJ_3 position 83234
[15:22:04] Possible /pseudo 'Flagellar biosynthetic protein FliP' at gnl|X|BJDFHBJJ_6 position 40693
[15:22:04] Possible /pseudo 'UDP-3-O-acylglucosamine N-acyltransferase' at gnl|X|BJDFHBJJ_7 position 39017
[15:22:04] Possible /pseudo 'Chaperone protein HtpG' at gnl|X|BJDFHBJJ_7 position 53065
[15:22:04] Possible /pseudo 'NAD-dependent protein deacylase' at gnl|X|BJDFHBJJ_8 position 67799
[15:22:04] Possible /pseudo 'Copper-exporting P-type ATPase A' at gnl|X|BJDFHBJJ_10 position 60277
[15:22:04] Possible /pseudo 'Murein DD-endopeptidase MepM' at gnl|X|BJDFHBJJ_12 position 8011
[15:22:04] Possible /pseudo '30S ribosomal protein S2' at gnl|X|BJDFHBJJ_12 position 21207
[15:22:04] Possible /pseudo 'Vitamin B12-binding protein' at gnl|X|BJDFHBJJ_12 position 29104
[15:22:04] Possible /pseudo 'Glutamine transport system permease protein GlnP' at gnl|X|BJDFHBJJ_14 position 27618
[15:22:04] Possible /pseudo 'Adenine permease AdeQ' at gnl|X|BJDFHBJJ_14 position 32518
[15:22:04] Possible /pseudo 'putative RNA pseudouridine synthase' at gnl|X|BJDFHBJJ_15 position 23585
[15:22:04] Possible /pseudo 'Glutamate--tRNA ligase' at gnl|X|BJDFHBJJ_16 position 41648
[15:22:04] Possible /pseudo 'UDP-N-acetylmuramoylalanine--D-glutamate ligase' at gnl|X|BJDFHBJJ_17 position 34913
[15:22:04] Possible /pseudo 'Phosphate acetyltransferase' at gnl|X|BJDFHBJJ_18 position 31862
[15:22:04] Possible /pseudo 'Phosphate acetyltransferase' at gnl|X|BJDFHBJJ_18 position 32179
[15:22:04] Possible /pseudo 'Acetate kinase' at gnl|X|BJDFHBJJ_18 position 33262
[15:22:04] Possible /pseudo 'Citrate carrier' at gnl|X|BJDFHBJJ_19 position 13561
[15:22:04] Possible /pseudo 'L-lactate permease' at gnl|X|BJDFHBJJ_19 position 16931
[15:22:04] Possible /pseudo 'Isoleucine--tRNA ligase' at gnl|X|BJDFHBJJ_21 position 16587
[15:22:04] Possible /pseudo 'Methionine--tRNA ligase' at gnl|X|BJDFHBJJ_28 position 7130
[15:22:04] Found 835 unique /gene codes.
[15:22:04] Fixed 2 duplicate /gene - rpsB_1 rpsB_2
[15:22:04] Fixed 3 duplicate /gene - exbB_1 exbB_2 exbB_3
[15:22:04] Fixed 3 duplicate /gene - cheV_1 cheV_2 cheV_3
[15:22:04] Fixed 2 duplicate /gene - queE_1 queE_2
[15:22:04] Fixed 2 duplicate /gene - fliP_1 fliP_2
[15:22:04] Fixed 5 duplicate /gene - dpnA_1 dpnA_2 dpnA_3 dpnA_4 dpnA_5
[15:22:04] Fixed 2 duplicate /gene - xseA_1 xseA_2
[15:22:04] Fixed 3 duplicate /gene - copA_1 copA_2 copA_3
[15:22:04] Fixed 2 duplicate /gene - hypE_1 hypE_2
[15:22:04] Fixed 2 duplicate /gene - htpX_1 htpX_2
[15:22:04] Fixed 2 duplicate /gene - atpF_1 atpF_2
[15:22:04] Fixed 3 duplicate /gene - virB4_1 virB4_2 virB4_3
[15:22:04] Fixed 2 duplicate /gene - hemN_1 hemN_2
[15:22:04] Fixed 2 duplicate /gene - btuF_1 btuF_2
[15:22:04] Fixed 2 duplicate /gene - topA_1 topA_2
[15:22:04] Fixed 2 duplicate /gene - mnmA_1 mnmA_2
[15:22:04] Fixed 2 duplicate /gene - nth_1 nth_2
[15:22:04] Fixed 2 duplicate /gene - ftsH_1 ftsH_2
[15:22:04] Fixed 2 duplicate /gene - cobB_1 cobB_2
[15:22:04] Fixed 2 duplicate /gene - lpxD_1 lpxD_2
[15:22:04] Fixed 2 duplicate /gene - flgG_1 flgG_2
[15:22:04] Fixed 2 duplicate /gene - acpP_1 acpP_2
[15:22:04] Fixed 2 duplicate /gene - pyrD_1 pyrD_2
[15:22:04] Fixed 2 duplicate /gene - era_1 era_2
[15:22:04] Fixed 2 duplicate /gene - fucT_1 fucT_2
[15:22:04] Fixed 2 duplicate /gene - glnP_1 glnP_2
[15:22:04] Fixed 2 duplicate /gene - oppD_1 oppD_2
[15:22:04] Fixed 2 duplicate /gene - lpxE_1 lpxE_2
[15:22:04] Fixed 2 duplicate /gene - yafQ_1 yafQ_2
[15:22:04] Fixed 2 duplicate /gene - htpG_1 htpG_2
[15:22:04] Fixed 2 duplicate /gene - ackA_1 ackA_2
[15:22:04] Fixed 2 duplicate /gene - flhB_1 flhB_2
[15:22:04] Fixed 2 duplicate /gene - xerH_1 xerH_2
[15:22:04] Fixed 2 duplicate /gene - tyrA_1 tyrA_2
[15:22:04] Fixed 2 duplicate /gene - yohD_1 yohD_2
[15:22:04] Fixed 2 duplicate /gene - bhuA_1 bhuA_2
[15:22:04] Fixed 3 duplicate /gene - hsdR_1 hsdR_2 hsdR_3
[15:22:04] Fixed 2 duplicate /gene - atpD_1 atpD_2
[15:22:04] Fixed 2 duplicate /gene - pyrC_1 pyrC_2
[15:22:04] Fixed 2 duplicate /gene - hcpB_1 hcpB_2
[15:22:04] Fixed 2 duplicate /gene - trxA_1 trxA_2
[15:22:04] Fixed 2 duplicate /gene - fliN_1 fliN_2
[15:22:04] Fixed 2 duplicate /gene - lldP_1 lldP_2
[15:22:04] Fixed 2 duplicate /gene - flgE_1 flgE_2
[15:22:04] Fixed 2 duplicate /gene - adeQ_1 adeQ_2
[15:22:04] Fixed 2 duplicate /gene - smc_1 smc_2
[15:22:04] Fixed 2 duplicate /gene - gyrA_1 gyrA_2
[15:22:04] Fixed 3 duplicate /gene - fecA_1 fecA_2 fecA_3
[15:22:04] Fixed 3 duplicate /gene - exbD_1 exbD_2 exbD_3
[15:22:04] Fixed 2 duplicate /gene - murD_1 murD_2
[15:22:04] Fixed 2 duplicate /gene - hcpC_1 hcpC_2
[15:22:04] Fixed 2 duplicate /gene - der_1 der_2
[15:22:04] Fixed 2 duplicate /gene - metG_1 metG_2
[15:22:04] Fixed 3 duplicate /gene - pta_1 pta_2 pta_3
[15:22:04] Fixed 4 duplicate /gene - vacA_1 vacA_2 vacA_3 vacA_4
[15:22:04] Fixed 2 duplicate /gene - vapD_1 vapD_2
[15:22:04] Fixed 2 duplicate /gene - thiD_1 thiD_2
[15:22:04] Fixed 3 duplicate /gene - mepM_1 mepM_2 mepM_3
[15:22:04] Fixed 2 duplicate /gene - gltX_1 gltX_2
[15:22:04] Fixed 2 duplicate /gene - hydA_1 hydA_2
[15:22:04] Fixed 2 duplicate /gene - citT_1 citT_2
[15:22:04] Fixed 2 duplicate /gene - ureB_1 ureB_2
[15:22:04] Fixed 2 duplicate /gene - ileS_1 ileS_2
[15:22:04] Fixed 63 colliding /gene names.
[15:22:04] Adding /locus_tag identifiers
[15:22:05] Assigned 1597 locus_tags to CDS and RNA features.
[15:22:05] Writing outputs to examples/prokka/GCF_900087465.1/
[15:22:07] Generating annotation statistics file
[15:22:07] Generating Genbank and Sequin files
[15:22:07] Running: tbl2asn -V b -a r10k -l paired-ends -M n -N 1 -y 'Annotated using prokka 1.12 from https://github.com/tseemann/prokka' -Z examples\/prokka\/GCF_900087465\.1\/GCF_900087465\.1\.err -i examples\/prokka\/GCF_900087465\.1\/GCF_900087465\.1\.fsa 2> /dev/null
[15:22:11] Deleting unwanted file: examples/prokka/GCF_900087465.1/errorsummary.val
[15:22:11] Deleting unwanted file: examples/prokka/GCF_900087465.1/GCF_900087465.1.dr
[15:22:11] Deleting unwanted file: examples/prokka/GCF_900087465.1/GCF_900087465.1.fixedproducts
[15:22:11] Deleting unwanted file: examples/prokka/GCF_900087465.1/GCF_900087465.1.ecn
[15:22:11] Deleting unwanted file: examples/prokka/GCF_900087465.1/GCF_900087465.1.val
[15:22:11] Repairing broken .GBK output that tbl2asn produces...
[15:22:11] Running: sed 's/COORDINATES: profile/COORDINATES:profile/' < examples\/prokka\/GCF_900087465\.1\/GCF_900087465\.1\.gbf > examples\/prokka\/GCF_900087465\.1\/GCF_900087465\.1\.gbk
[15:22:12] Deleting unwanted file: examples/prokka/GCF_900087465.1/GCF_900087465.1.gbf
[15:22:12] Output files:
[15:22:12] examples/prokka/GCF_900087465.1/GCF_900087465.1.fna
[15:22:12] examples/prokka/GCF_900087465.1/GCF_900087465.1.sqn
[15:22:12] examples/prokka/GCF_900087465.1/GCF_900087465.1.faa
[15:22:12] examples/prokka/GCF_900087465.1/GCF_900087465.1.tbl
[15:22:12] examples/prokka/GCF_900087465.1/GCF_900087465.1.err
[15:22:12] examples/prokka/GCF_900087465.1/GCF_900087465.1.ffn
[15:22:12] examples/prokka/GCF_900087465.1/GCF_900087465.1.fsa
[15:22:12] examples/prokka/GCF_900087465.1/GCF_900087465.1.gff
[15:22:12] examples/prokka/GCF_900087465.1/GCF_900087465.1.gbk
[15:22:12] examples/prokka/GCF_900087465.1/GCF_900087465.1.log
[15:22:12] examples/prokka/GCF_900087465.1/GCF_900087465.1.tsv
[15:22:12] examples/prokka/GCF_900087465.1/GCF_900087465.1.txt
[15:22:12] Annotation finished successfully.
[15:22:12] Walltime used: 3.07 minutes
[15:22:12] If you use this result please cite the Prokka paper:
[15:22:12] Seemann T (2014) Prokka: rapid prokaryotic genome annotation. Bioinformatics. 30(14):2068-9.
[15:22:12] Type 'prokka --citation' for more details.
[15:22:12] Thank you, come again.
