[15:09:59] This is prokka 1.12
[15:09:59] Written by Torsten Seemann <torsten.seemann@gmail.com>
[15:09:59] Homepage is https://github.com/tseemann/prokka
[15:09:59] Local time is Wed Jan 24 15:09:59 2018
[15:09:59] You are mingzhi
[15:09:59] Operating system is linux
[15:09:59] You have BioPerl 1.007001
[15:09:59] System has 4 cores.
[15:09:59] Will use maximum of 1 cores.
[15:09:59] Annotating as >>> Bacteria <<<
[15:09:59] Generating locus_tag from 'examples/genomes/GCF_900087585.1/GCF_900087585.1_genomic.fna' contents.
[15:09:59] Setting --locustag DPDPODFO from MD5 d9d98df8466c130abafa85f643685a66
[15:09:59] Enabling options to ensure Genbank/ENA/DDJB submission compliance.
[15:09:59] Re-using existing --outdir examples/prokka/GCF_900087585.1
[15:09:59] Using filename prefix: GCF_900087585.1.XXX
[15:09:59] Setting HMMER_NCPU=1
[15:09:59] Writing log to: examples/prokka/GCF_900087585.1/GCF_900087585.1.log
[15:09:59] Command: /home/mingzhi/prokka/bin/prokka --cpus 1 --force --centre X --compliant --outdir examples/prokka/GCF_900087585.1 --prefix GCF_900087585.1 examples/genomes/GCF_900087585.1/GCF_900087585.1_genomic.fna --quiet
[15:09:59] Appending to PATH: /home/mingzhi/prokka/bin/../binaries/linux
[15:09:59] Appending to PATH: /home/mingzhi/prokka/bin/../binaries/linux/../common
[15:09:59] Appending to PATH: /home/mingzhi/prokka/bin
[15:09:59] Looking for 'aragorn' - found /home/mingzhi/prokka/bin/../binaries/linux/aragorn
[15:09:59] Determined aragorn version is 1.2
[15:09:59] Looking for 'blastp' - found /usr/bin/blastp
[15:09:59] Determined blastp version is 2.6
[15:09:59] Looking for 'cmpress' - found /usr/bin/cmpress
[15:09:59] Determined cmpress version is 1.1
[15:09:59] Looking for 'cmscan' - found /usr/bin/cmscan
[15:09:59] Determined cmscan version is 1.1
[15:09:59] Looking for 'egrep' - found /bin/egrep
[15:09:59] Looking for 'find' - found /usr/bin/find
[15:09:59] Looking for 'grep' - found /bin/grep
[15:09:59] Looking for 'hmmpress' - found /usr/bin/hmmpress
[15:09:59] Determined hmmpress version is 3.1
[15:09:59] Looking for 'hmmscan' - found /usr/bin/hmmscan
[15:09:59] Determined hmmscan version is 3.1
[15:09:59] Looking for 'java' - found /usr/bin/java
[15:09:59] Looking for 'less' - found /usr/bin/less
[15:09:59] Looking for 'makeblastdb' - found /usr/bin/makeblastdb
[15:09:59] Determined makeblastdb version is 2.6
[15:09:59] Looking for 'minced' - found /home/mingzhi/prokka/bin/../binaries/linux/../common/minced
[15:10:00] Determined minced version is 2.0
[15:10:00] Looking for 'parallel' - found /usr/bin/parallel
[15:10:00] Determined parallel version is 20161222
[15:10:00] Looking for 'prodigal' - found /home/mingzhi/prokka/bin/../binaries/linux/prodigal
[15:10:00] Determined prodigal version is 2.6
[15:10:00] Looking for 'prokka-genbank_to_fasta_db' - found /home/mingzhi/prokka/bin/prokka-genbank_to_fasta_db
[15:10:00] Looking for 'sed' - found /bin/sed
[15:10:00] Looking for 'tbl2asn' - found /home/mingzhi/prokka/bin/../binaries/linux/tbl2asn
[15:10:00] Determined tbl2asn version is 25.3
[15:10:00] Using genetic code table 11.
[15:10:00] Loading and checking input file: examples/genomes/GCF_900087585.1/GCF_900087585.1_genomic.fna
[15:10:00] Wrote 48 contigs totalling 1631876 bp.
[15:10:00] Predicting tRNAs and tmRNAs
[15:10:00] Running: aragorn -l -gc11  -w examples\/prokka\/GCF_900087585\.1\/GCF_900087585\.1\.fna
[15:10:01] 1 tmRNA [7444,7829] 84,128 VNNTDYAPAYAKAA*
[15:10:01] 2 tRNA-Met [48427,48503] 35 (cat)
[15:10:01] 1 tRNA-Arg c[12521,12597] 35 (cct)
[15:10:01] 1 tRNA-Ala [69692,69767] 34 (ggc)
[15:10:01] 2 tRNA-Asn [92674,92748] 33 (gtt)
[15:10:01] 1 tRNA-Glu c[27644,27719] 35 (ttc)
[15:10:01] 2 tRNA-Asp c[27782,27858] 35 (gtc)
[15:10:01] 3 tRNA-Val c[27899,27974] 34 (tac)
[15:10:01] 4 tRNA-Glu c[28016,28090] 34 (ttc)
[15:10:01] 5 tRNA-Lys c[28101,28176] 34 (ttt)
[15:10:01] 6 tRNA-Val c[101609,101684] 34 (gac)
[15:10:01] 7 tRNA-Ser [120362,120453] 36 (gct)
[15:10:01] 1 tRNA-Phe [95036,95111] 34 (gaa)
[15:10:01] 1 tRNA-Ser c[38717,38804] 35 (tga)
[15:10:01] 2 tRNA-Cys c[38852,38926] 33 (gca)
[15:10:01] 3 tRNA-Leu c[39000,39086] 35 (taa)
[15:10:01] 4 tRNA-Gly c[39482,39556] 33 (gcc)
[15:10:01] 1 tRNA-Leu [29463,29549] 35 (gag)
[15:10:01] 2 tRNA-Leu [29605,29691] 35 (caa)
[15:10:01] 3 tRNA-Thr [35089,35164] 34 (tgt)
[15:10:01] 4 tRNA-Tyr [35192,35276] 35 (gta)
[15:10:01] 5 tRNA-Gly [35292,35368] 35 (tcc)
[15:10:01] 6 tRNA-Thr [35399,35473] 33 (ggt)
[15:10:01] 7 tRNA-Trp [37033,37108] 34 (cca)
[15:10:01] 1 tRNA-Met [8610,8687] 36 (cat)
[15:10:01] 1 tRNA-Met c[1473,1549] 35 (cat)
[15:10:01] 2 tRNA-Gln c[1568,1642] 33 (ttg)
[15:10:01] 1 tRNA-Arg c[344,420] 35 (tct)
[15:10:01] 2 tRNA-Arg c[443,519] 35 (tcg)
[15:10:01] 3 tRNA-His c[577,653] 35 (gtg)
[15:10:01] 4 tRNA-Pro c[719,796] 36 (tgg)
[15:10:01] 1 tRNA-Pro [338,415] 36 (ggg)
[15:10:01] 2 tRNA-Ser [53368,53455] 35 (gga)
[15:10:01] 1 tRNA-Arg [11179,11255] 35 (gcg)
[15:10:01] 2 tRNA-Ala c[35668,35743] 34 (tgc)
[15:10:01] 3 tRNA-Ile c[35758,35834] 35 (gat)
[15:10:01] 4 tRNA-Leu [40626,40710] 35 (tag)
[15:10:01] Found 37 tRNAs
[15:10:01] Predicting Ribosomal RNAs
[15:10:01] You need either Barrnap or RNAmmer installed to predict rRNAs!
[15:10:01] Skipping ncRNA search, enable with --rfam if desired.
[15:10:01] Total of 36 tRNA + rRNA features
[15:10:01] Searching for CRISPR repeats
[15:10:01] Found 0 CRISPRs
[15:10:01] Predicting coding sequences
[15:10:01] Contigs total 1631876 bp, so using single mode
[15:10:01] Running: prodigal -i examples\/prokka\/GCF_900087585\.1\/GCF_900087585\.1\.fna -c -m -g 11 -p single -f sco -q
[15:10:03] Excluding CDS which overlaps existing RNA (tRNA) at gnl|X|DPDPODFO_2:47344..48465 on + strand
[15:10:04] Found 1532 CDS
[15:10:04] Connecting features back to sequences
[15:10:04] Not using genus-specific database. Try --usegenus to enable it.
[15:10:04] Annotating CDS, please be patient.
[15:10:04] Will use 1 CPUs for similarity searching.
[15:10:05] There are still 1532 unannotated CDS left (started with 1532)
[15:10:05] Will use blast to search against /home/mingzhi/prokka/bin/../db/kingdom/Bacteria/sprot with 1 CPUs
[15:10:05] Running: cat examples\/prokka\/GCF_900087585\.1\/sprot\.faa | parallel --gnu --plain -j 1 --block 249397 --recstart '>' --pipe blastp -query - -db /home/mingzhi/prokka/bin/../db/kingdom/Bacteria/sprot -evalue 1e-06 -num_threads 1 -num_descriptions 1 -num_alignments 1 -seg no > examples\/prokka\/GCF_900087585\.1\/sprot\.blast 2> /dev/null
[15:12:22] Modify product: Uncharacterized oxidoreductase Rv0484c => putative oxidoreductase
[15:12:22] Modify product: Uncharacterized ABC transporter ATP-binding protein HI_1470 => putative ABC transporter ATP-binding protein
[15:12:22] Modify product: Uncharacterized ABC transporter ATP-binding protein YbiT => putative ABC transporter ATP-binding protein YbiT
[15:12:22] Modify product: Probable type I restriction enzyme BthVORF4518P M protein => putative type I restriction enzymeP M protein
[15:12:22] Modify product: Probable molybdenum cofactor guanylyltransferase => putative molybdenum cofactor guanylyltransferase
[15:12:22] Modify product: Probable FMN/FAD exporter YeeO => putative FMN/FAD exporter YeeO
[15:12:22] Modify product: Probable adenylyltransferase/sulfurtransferase MoeZ => putative adenylyltransferase/sulfurtransferase MoeZ
[15:12:22] Modify product: Probable transcriptional regulatory protein HP_0162 => putative transcriptional regulatory protein
[15:12:22] Modify product: Uncharacterized protease YdcP => putative protease YdcP
[15:12:22] Modify product: Putative peptidyl-prolyl cis-trans isomerase HP_0175 => Putative peptidyl-prolyl cis-trans isomerase
[15:12:22] Modify product: Probable nicotinate-nucleotide pyrophosphorylase [carboxylating] => putative nicotinate-nucleotide pyrophosphorylase [carboxylating]
[15:12:22] Modify product: Uncharacterized GTP-binding protein YjiA => putative GTP-binding protein YjiA
[15:12:22] Modify product: Uncharacterized ABC transporter ATP-binding protein TM_0288 => putative ABC transporter ATP-binding protein
[15:12:22] Modify product: Bifunctional protein FolD => Bifunctional protein FolD protein
[15:12:22] Modify product: Uncharacterized FAD-linked oxidoreductase Rv2280 => putative FAD-linked oxidoreductase
[15:12:22] Modify product: Probable type I restriction enzyme BthVORF4518P M protein => putative type I restriction enzymeP M protein
[15:12:22] Modify product: Probable peroxiredoxin => putative peroxiredoxin
[15:12:22] Modify product: Probable GTP-binding protein EngB => putative GTP-binding protein EngB
[15:12:22] Modify product: Uncharacterized metal-dependent hydrolase YcfH => putative metal-dependent hydrolase YcfH
[15:12:22] Modify product: Probable undecaprenyl-phosphate N-acetylglucosaminyl 1-phosphate transferase => putative undecaprenyl-phosphate N-acetylglucosaminyl 1-phosphate transferase
[15:12:22] Modify product: N utilization substance protein B homolog => N utilization substance protein B 
[15:12:22] Modify product: Nucleoid-associated protein HP_0035 => Nucleoid-associated protein
[15:12:23] Modify product: Putative 2-hydroxyacid dehydrogenase HI_1556 => Putative 2-hydroxyacid dehydrogenase
[15:12:23] Modify product: Uncharacterized glycosyltransferase Rv1514c => putative glycosyltransferase
[15:12:23] Modify product: Carbon storage regulator homolog => Carbon storage regulator 
[15:12:23] Modify product: Probable phospholipid ABC transporter permease protein MlaE => putative phospholipid ABC transporter permease protein MlaE
[15:12:23] Modify product: Uncharacterized RNA pseudouridine synthase Rv1540 => putative RNA pseudouridine synthase
[15:12:23] Modify product: RutC family protein HI_0719 => RutC family protein
[15:12:23] Modify product: Probable amino-acid ABC transporter-binding protein HI_1080 => putative amino-acid ABC transporter-binding protein
[15:12:23] Modify product: Protease HtpX homolog => Protease HtpX 
[15:12:23] Modify product: Probable tautomerase HP_0924 => putative tautomerase
[15:12:23] Modify product: Uncharacterized FAD-linked oxidoreductase Rv2280 => putative FAD-linked oxidoreductase
[15:12:23] Modify product: Probable nicotinate-nucleotide adenylyltransferase => putative nicotinate-nucleotide adenylyltransferase
[15:12:23] Modify product: Probable protein-export membrane protein SecG => putative protein-export membrane protein SecG
[15:12:23] Modify product: Probable dual-specificity RNA methyltransferase RlmN => putative dual-specificity RNA methyltransferase RlmN
[15:12:23] Modify product: Probable peptidoglycan glycosyltransferase FtsW => putative peptidoglycan glycosyltransferase FtsW
[15:12:23] Modify product: Probable cysteine desulfurase => putative cysteine desulfurase
[15:12:23] Modify product: Uncharacterized HIT-like protein HP_0404 => putative HIT-like protein
[15:12:23] Modify product: Probable thiol peroxidase => putative thiol peroxidase
[15:12:23] Modify product: Probable BsuMI modification methylase subunit YdiO => putative BsuMI modification methylase subunit YdiO
[15:12:23] Modify product: Uncharacterized zinc protease Rv2782c => putative zinc protease
[15:12:23] Modify product: Uncharacterized AAA domain-containing protein Rv2559c => putative AAA domain-containing protein
[15:12:23] Modify product: Aminopeptidase HP_1037 => Aminopeptidase
[15:12:23] Modify product: Probable septum site-determining protein MinC => putative septum site-determining protein MinC
[15:12:23] Modify product: Chemotaxis protein CheY homolog => Chemotaxis protein CheY 
[15:12:23] Modify product: Uncharacterized zinc protease Rv2782c => putative zinc protease
[15:12:23] Modify product: Probable chromosome-partitioning protein ParB => putative chromosome-partitioning protein ParB
[15:12:23] Modify product: Probable formaldehyde dehydrogenase AdhA => putative formaldehyde dehydrogenase AdhA
[15:12:23] Modify product: Probable cardiolipin synthase YwiE => putative cardiolipin synthase YwiE
[15:12:23] Modify product: Uncharacterized RNA pseudouridine synthase HP_0347 => putative RNA pseudouridine synthase
[15:12:23] Modify product: Probable L-asparaginase => putative L-asparaginase
[15:12:23] Cleaned 51 /product names
[15:12:23] Deleting unwanted file: examples/prokka/GCF_900087585.1/sprot.faa
[15:12:23] Deleting unwanted file: examples/prokka/GCF_900087585.1/sprot.blast
[15:12:24] There are still 640 unannotated CDS left (started with 1532)
[15:12:24] Will use hmmer3 to search against /home/mingzhi/prokka/bin/../db/hmm/HAMAP.hmm with 1 CPUs
[15:12:24] Running: cat examples\/prokka\/GCF_900087585\.1\/HAMAP\.hmm\.faa | parallel --gnu --plain -j 1 --block 83524 --recstart '>' --pipe hmmscan --noali --notextw --acc -E 1e-06 --cpu 1 /home/mingzhi/prokka/bin/../db/hmm/HAMAP.hmm /dev/stdin > examples\/prokka\/GCF_900087585\.1\/HAMAP\.hmm\.hmmer3 2> /dev/null
[15:12:57] Deleting unwanted file: examples/prokka/GCF_900087585.1/HAMAP.hmm.faa
[15:12:57] Deleting unwanted file: examples/prokka/GCF_900087585.1/HAMAP.hmm.hmmer3
[15:12:57] Labelling remaining 591 proteins as 'hypothetical protein'
[15:12:57] Possible /pseudo 'L-lactate permease' at gnl|X|DPDPODFO_4 position 20566
[15:12:57] Possible /pseudo 'Phospholipase A1' at gnl|X|DPDPODFO_7 position 169691
[15:12:57] Possible /pseudo 'Chromosome partition protein Smc' at gnl|X|DPDPODFO_11 position 86548
[15:12:57] Possible /pseudo 'Glutamine transport system permease protein GlnP' at gnl|X|DPDPODFO_15 position 20745
[15:12:57] Possible /pseudo 'Acetate kinase' at gnl|X|DPDPODFO_18 position 5524
[15:12:57] Possible /pseudo 'Phosphate acetyltransferase' at gnl|X|DPDPODFO_18 position 6587
[15:12:57] Possible /pseudo 'Phosphate acetyltransferase' at gnl|X|DPDPODFO_18 position 7002
[15:12:57] Possible /pseudo 'NAD-dependent protein deacylase' at gnl|X|DPDPODFO_20 position 67811
[15:12:57] Possible /pseudo 'Murein DD-endopeptidase MepM' at gnl|X|DPDPODFO_25 position 19933
[15:12:57] Possible /pseudo 'Acetone carboxylase alpha subunit' at gnl|X|DPDPODFO_29 position 27065
[15:12:57] Possible /pseudo 'Flagellar biosynthetic protein FliP' at gnl|X|DPDPODFO_29 position 40802
[15:12:57] Found 833 unique /gene codes.
[15:12:57] Fixed 2 duplicate /gene - trxA_1 trxA_2
[15:12:57] Fixed 3 duplicate /gene - smc_1 smc_2 smc_3
[15:12:57] Fixed 5 duplicate /gene - dpnA_1 dpnA_2 dpnA_3 dpnA_4 dpnA_5
[15:12:57] Fixed 2 duplicate /gene - hcpB_1 hcpB_2
[15:12:57] Fixed 3 duplicate /gene - cheV_1 cheV_2 cheV_3
[15:12:57] Fixed 3 duplicate /gene - exbD_1 exbD_2 exbD_3
[15:12:57] Fixed 2 duplicate /gene - hemN_1 hemN_2
[15:12:57] Fixed 3 duplicate /gene - pta_1 pta_2 pta_3
[15:12:57] Fixed 2 duplicate /gene - ackA_1 ackA_2
[15:12:57] Fixed 2 duplicate /gene - flgG_1 flgG_2
[15:12:57] Fixed 2 duplicate /gene - topA_1 topA_2
[15:12:57] Fixed 2 duplicate /gene - ftsH_1 ftsH_2
[15:12:57] Fixed 3 duplicate /gene - hsdR_1 hsdR_2 hsdR_3
[15:12:57] Fixed 3 duplicate /gene - xerH_1 xerH_2 xerH_3
[15:12:57] Fixed 3 duplicate /gene - mepM_1 mepM_2 mepM_3
[15:12:57] Fixed 2 duplicate /gene - acxB_1 acxB_2
[15:12:57] Fixed 2 duplicate /gene - atpD_1 atpD_2
[15:12:57] Fixed 2 duplicate /gene - nth_1 nth_2
[15:12:57] Fixed 2 duplicate /gene - flhB_1 flhB_2
[15:12:57] Fixed 2 duplicate /gene - xseA_1 xseA_2
[15:12:57] Fixed 2 duplicate /gene - fliP_1 fliP_2
[15:12:57] Fixed 2 duplicate /gene - flgE_1 flgE_2
[15:12:57] Fixed 2 duplicate /gene - tyrA_1 tyrA_2
[15:12:57] Fixed 2 duplicate /gene - era_1 era_2
[15:12:57] Fixed 2 duplicate /gene - hcpC_1 hcpC_2
[15:12:57] Fixed 2 duplicate /gene - queE_1 queE_2
[15:12:57] Fixed 3 duplicate /gene - exbB_1 exbB_2 exbB_3
[15:12:57] Fixed 2 duplicate /gene - copA_1 copA_2
[15:12:57] Fixed 2 duplicate /gene - mnmA_1 mnmA_2
[15:12:57] Fixed 2 duplicate /gene - cobB_1 cobB_2
[15:12:57] Fixed 2 duplicate /gene - der_1 der_2
[15:12:57] Fixed 2 duplicate /gene - pldA_1 pldA_2
[15:12:57] Fixed 2 duplicate /gene - pyrD_1 pyrD_2
[15:12:57] Fixed 2 duplicate /gene - lpxE_1 lpxE_2
[15:12:57] Fixed 2 duplicate /gene - vapD_1 vapD_2
[15:12:57] Fixed 2 duplicate /gene - lldP_1 lldP_2
[15:12:57] Fixed 2 duplicate /gene - bhuA_1 bhuA_2
[15:12:57] Fixed 2 duplicate /gene - acpP_1 acpP_2
[15:12:57] Fixed 2 duplicate /gene - htpX_1 htpX_2
[15:12:57] Fixed 2 duplicate /gene - yohD_1 yohD_2
[15:12:57] Fixed 3 duplicate /gene - virB4_1 virB4_2 virB4_3
[15:12:57] Fixed 2 duplicate /gene - hcpD_1 hcpD_2
[15:12:57] Fixed 2 duplicate /gene - pyrC_1 pyrC_2
[15:12:57] Fixed 2 duplicate /gene - atpF_1 atpF_2
[15:12:57] Fixed 2 duplicate /gene - hydA_1 hydA_2
[15:12:57] Fixed 3 duplicate /gene - fecA_1 fecA_2 fecA_3
[15:12:57] Fixed 2 duplicate /gene - glnP_1 glnP_2
[15:12:57] Fixed 4 duplicate /gene - vacA_1 vacA_2 vacA_3 vacA_4
[15:12:57] Fixed 2 duplicate /gene - yafQ_1 yafQ_2
[15:12:57] Fixed 2 duplicate /gene - fliN_1 fliN_2
[15:12:57] Fixed 50 colliding /gene names.
[15:12:57] Adding /locus_tag identifiers
[15:12:57] Assigned 1569 locus_tags to CDS and RNA features.
[15:12:57] Writing outputs to examples/prokka/GCF_900087585.1/
[15:12:59] Generating annotation statistics file
[15:12:59] Generating Genbank and Sequin files
[15:12:59] Running: tbl2asn -V b -a r10k -l paired-ends -M n -N 1 -y 'Annotated using prokka 1.12 from https://github.com/tseemann/prokka' -Z examples\/prokka\/GCF_900087585\.1\/GCF_900087585\.1\.err -i examples\/prokka\/GCF_900087585\.1\/GCF_900087585\.1\.fsa 2> /dev/null
[15:13:03] Deleting unwanted file: examples/prokka/GCF_900087585.1/errorsummary.val
[15:13:03] Deleting unwanted file: examples/prokka/GCF_900087585.1/GCF_900087585.1.dr
[15:13:03] Deleting unwanted file: examples/prokka/GCF_900087585.1/GCF_900087585.1.fixedproducts
[15:13:03] Deleting unwanted file: examples/prokka/GCF_900087585.1/GCF_900087585.1.ecn
[15:13:03] Deleting unwanted file: examples/prokka/GCF_900087585.1/GCF_900087585.1.val
[15:13:03] Repairing broken .GBK output that tbl2asn produces...
[15:13:03] Running: sed 's/COORDINATES: profile/COORDINATES:profile/' < examples\/prokka\/GCF_900087585\.1\/GCF_900087585\.1\.gbf > examples\/prokka\/GCF_900087585\.1\/GCF_900087585\.1\.gbk
[15:13:03] Deleting unwanted file: examples/prokka/GCF_900087585.1/GCF_900087585.1.gbf
[15:13:03] Output files:
[15:13:03] examples/prokka/GCF_900087585.1/GCF_900087585.1.gff
[15:13:03] examples/prokka/GCF_900087585.1/GCF_900087585.1.log
[15:13:03] examples/prokka/GCF_900087585.1/GCF_900087585.1.txt
[15:13:03] examples/prokka/GCF_900087585.1/GCF_900087585.1.sqn
[15:13:03] examples/prokka/GCF_900087585.1/GCF_900087585.1.fsa
[15:13:03] examples/prokka/GCF_900087585.1/GCF_900087585.1.faa
[15:13:03] examples/prokka/GCF_900087585.1/GCF_900087585.1.fna
[15:13:03] examples/prokka/GCF_900087585.1/GCF_900087585.1.err
[15:13:03] examples/prokka/GCF_900087585.1/GCF_900087585.1.tsv
[15:13:03] examples/prokka/GCF_900087585.1/GCF_900087585.1.ffn
[15:13:03] examples/prokka/GCF_900087585.1/GCF_900087585.1.tbl
[15:13:03] examples/prokka/GCF_900087585.1/GCF_900087585.1.gbk
[15:13:03] Annotation finished successfully.
[15:13:03] Walltime used: 3.07 minutes
[15:13:03] If you use this result please cite the Prokka paper:
[15:13:03] Seemann T (2014) Prokka: rapid prokaryotic genome annotation. Bioinformatics. 30(14):2068-9.
[15:13:03] Type 'prokka --citation' for more details.
[15:13:03] Thank you, come again.
