[15:16:07] This is prokka 1.12
[15:16:07] Written by Torsten Seemann <torsten.seemann@gmail.com>
[15:16:07] Homepage is https://github.com/tseemann/prokka
[15:16:07] Local time is Wed Jan 24 15:16:07 2018
[15:16:07] You are mingzhi
[15:16:07] Operating system is linux
[15:16:07] You have BioPerl 1.007001
[15:16:07] System has 4 cores.
[15:16:07] Will use maximum of 1 cores.
[15:16:07] Annotating as >>> Bacteria <<<
[15:16:07] Generating locus_tag from 'examples/genomes/GCF_900087925.1/GCF_900087925.1_genomic.fna' contents.
[15:16:07] Setting --locustag OOEMJHNJ from MD5 88e63173a3a077acf13fbc9eff363554
[15:16:07] Enabling options to ensure Genbank/ENA/DDJB submission compliance.
[15:16:07] Re-using existing --outdir examples/prokka/GCF_900087925.1
[15:16:07] Using filename prefix: GCF_900087925.1.XXX
[15:16:07] Setting HMMER_NCPU=1
[15:16:07] Writing log to: examples/prokka/GCF_900087925.1/GCF_900087925.1.log
[15:16:07] Command: /home/mingzhi/prokka/bin/prokka --cpus 1 --force --centre X --compliant --outdir examples/prokka/GCF_900087925.1 --prefix GCF_900087925.1 examples/genomes/GCF_900087925.1/GCF_900087925.1_genomic.fna --quiet
[15:16:07] Appending to PATH: /home/mingzhi/prokka/bin/../binaries/linux
[15:16:07] Appending to PATH: /home/mingzhi/prokka/bin/../binaries/linux/../common
[15:16:07] Appending to PATH: /home/mingzhi/prokka/bin
[15:16:07] Looking for 'aragorn' - found /home/mingzhi/prokka/bin/../binaries/linux/aragorn
[15:16:07] Determined aragorn version is 1.2
[15:16:07] Looking for 'blastp' - found /usr/bin/blastp
[15:16:07] Determined blastp version is 2.6
[15:16:07] Looking for 'cmpress' - found /usr/bin/cmpress
[15:16:07] Determined cmpress version is 1.1
[15:16:07] Looking for 'cmscan' - found /usr/bin/cmscan
[15:16:07] Determined cmscan version is 1.1
[15:16:07] Looking for 'egrep' - found /bin/egrep
[15:16:07] Looking for 'find' - found /usr/bin/find
[15:16:07] Looking for 'grep' - found /bin/grep
[15:16:07] Looking for 'hmmpress' - found /usr/bin/hmmpress
[15:16:07] Determined hmmpress version is 3.1
[15:16:07] Looking for 'hmmscan' - found /usr/bin/hmmscan
[15:16:07] Determined hmmscan version is 3.1
[15:16:07] Looking for 'java' - found /usr/bin/java
[15:16:07] Looking for 'less' - found /usr/bin/less
[15:16:07] Looking for 'makeblastdb' - found /usr/bin/makeblastdb
[15:16:07] Determined makeblastdb version is 2.6
[15:16:07] Looking for 'minced' - found /home/mingzhi/prokka/bin/../binaries/linux/../common/minced
[15:16:07] Determined minced version is 2.0
[15:16:07] Looking for 'parallel' - found /usr/bin/parallel
[15:16:07] Determined parallel version is 20161222
[15:16:07] Looking for 'prodigal' - found /home/mingzhi/prokka/bin/../binaries/linux/prodigal
[15:16:07] Determined prodigal version is 2.6
[15:16:07] Looking for 'prokka-genbank_to_fasta_db' - found /home/mingzhi/prokka/bin/prokka-genbank_to_fasta_db
[15:16:07] Looking for 'sed' - found /bin/sed
[15:16:07] Looking for 'tbl2asn' - found /home/mingzhi/prokka/bin/../binaries/linux/tbl2asn
[15:16:07] Determined tbl2asn version is 25.3
[15:16:07] Using genetic code table 11.
[15:16:07] Loading and checking input file: examples/genomes/GCF_900087925.1/GCF_900087925.1_genomic.fna
[15:16:07] Skipping short (<200 bp) contig: NZ_FLOZ01000083.1
[15:16:07] Skipping short (<200 bp) contig: NZ_FLOZ01000085.1
[15:16:07] Skipping short (<200 bp) contig: NZ_FLOZ01000093.1
[15:16:07] Skipping short (<200 bp) contig: NZ_FLOZ01000094.1
[15:16:07] Wrote 93 contigs totalling 1641012 bp.
[15:16:07] Predicting tRNAs and tmRNAs
[15:16:07] Running: aragorn -l -gc11  -w examples\/prokka\/GCF_900087925\.1\/GCF_900087925\.1\.fna
[15:16:08] 1 tmRNA [6680,7065] 84,128 VNNTDYAPAYAKAA*
[15:16:08] 2 tRNA-Met [47664,47740] 35 (cat)
[15:16:08] 1 tRNA-Phe [57196,57271] 34 (gaa)
[15:16:08] 1 tRNA-Ser c[2395,2486] 36 (gct)
[15:16:08] 2 tRNA-Val [21162,21237] 34 (gac)
[15:16:08] 3 tRNA-Lys [94683,94758] 34 (ttt)
[15:16:08] 4 tRNA-Glu [94769,94843] 34 (ttc)
[15:16:08] 5 tRNA-Val [94885,94960] 34 (tac)
[15:16:08] 6 tRNA-Asp [95001,95077] 35 (gtc)
[15:16:08] 7 tRNA-Glu [95140,95215] 35 (ttc)
[15:16:08] 1 tRNA-Arg [11182,11258] 35 (gcg)
[15:16:08] 2 tRNA-Ala c[35671,35746] 34 (tgc)
[15:16:08] 3 tRNA-Ile c[35761,35837] 35 (gat)
[15:16:08] 4 tRNA-Leu [40617,40701] 35 (tag)
[15:16:08] 1 tRNA-Met c[1471,1547] 35 (cat)
[15:16:08] 2 tRNA-Gln c[1566,1640] 33 (ttg)
[15:16:08] 1 tRNA-Arg c[345,421] 35 (tct)
[15:16:08] 2 tRNA-Arg c[444,520] 35 (tcg)
[15:16:08] 3 tRNA-His c[578,654] 35 (gtg)
[15:16:08] 4 tRNA-Pro c[720,797] 36 (tgg)
[15:16:08] 1 tRNA-Ala [69656,69731] 34 (ggc)
[15:16:08] 2 tRNA-Asn [92638,92712] 33 (gtt)
[15:16:08] 1 tRNA-Trp c[16917,16992] 34 (cca)
[15:16:08] 2 tRNA-Thr c[18552,18626] 33 (ggt)
[15:16:08] 3 tRNA-Gly c[18657,18733] 35 (tcc)
[15:16:08] 4 tRNA-Tyr c[18749,18833] 35 (gta)
[15:16:08] 5 tRNA-Thr c[18861,18936] 34 (tgt)
[15:16:08] 6 tRNA-Leu c[24334,24420] 35 (caa)
[15:16:08] 7 tRNA-Leu c[24476,24562] 35 (gag)
[15:16:08] 1 tRNA-Ser c[31275,31362] 35 (gga)
[15:16:08] 2 tRNA-Pro c[84312,84389] 36 (ggg)
[15:16:08] 1 tRNA-Arg [41603,41679] 35 (cct)
[15:16:08] 1 tRNA-Ser c[44443,44530] 35 (tga)
[15:16:08] 2 tRNA-Cys c[44578,44652] 33 (gca)
[15:16:08] 3 tRNA-Leu c[44726,44812] 35 (taa)
[15:16:08] 4 tRNA-Gly c[45208,45282] 33 (gcc)
[15:16:08] 1 tRNA-Met [8157,8234] 36 (cat)
[15:16:08] 1 tRNA-Asp [104,180] 35 (gtc)
[15:16:08] Found 38 tRNAs
[15:16:08] Predicting Ribosomal RNAs
[15:16:08] You need either Barrnap or RNAmmer installed to predict rRNAs!
[15:16:08] Skipping ncRNA search, enable with --rfam if desired.
[15:16:08] Total of 37 tRNA + rRNA features
[15:16:08] Searching for CRISPR repeats
[15:16:09] Found 0 CRISPRs
[15:16:09] Predicting coding sequences
[15:16:09] Contigs total 1641012 bp, so using single mode
[15:16:09] Running: prodigal -i examples\/prokka\/GCF_900087925\.1\/GCF_900087925\.1\.fna -c -m -g 11 -p single -f sco -q
[15:16:10] Excluding CDS which overlaps existing RNA (tRNA) at gnl|X|OOEMJHNJ_1:46581..47702 on + strand
[15:16:11] Excluding CDS which overlaps existing RNA (tRNA) at gnl|X|OOEMJHNJ_12:1596..2222 on + strand
[15:16:12] Found 1530 CDS
[15:16:12] Connecting features back to sequences
[15:16:12] Not using genus-specific database. Try --usegenus to enable it.
[15:16:12] Annotating CDS, please be patient.
[15:16:12] Will use 1 CPUs for similarity searching.
[15:16:12] There are still 1530 unannotated CDS left (started with 1530)
[15:16:12] Will use blast to search against /home/mingzhi/prokka/bin/../db/kingdom/Bacteria/sprot with 1 CPUs
[15:16:12] Running: cat examples\/prokka\/GCF_900087925\.1\/sprot\.faa | parallel --gnu --plain -j 1 --block 248572 --recstart '>' --pipe blastp -query - -db /home/mingzhi/prokka/bin/../db/kingdom/Bacteria/sprot -evalue 1e-06 -num_threads 1 -num_descriptions 1 -num_alignments 1 -seg no > examples\/prokka\/GCF_900087925\.1\/sprot\.blast 2> /dev/null
[15:18:29] Modify product: Probable molybdenum cofactor guanylyltransferase => putative molybdenum cofactor guanylyltransferase
[15:18:29] Modify product: Probable FMN/FAD exporter YeeO => putative FMN/FAD exporter YeeO
[15:18:29] Modify product: Probable dual-specificity RNA methyltransferase RlmN => putative dual-specificity RNA methyltransferase RlmN
[15:18:29] Modify product: Uncharacterized ABC transporter ATP-binding protein TM_0288 => putative ABC transporter ATP-binding protein
[15:18:29] Modify product: Bifunctional protein FolD => Bifunctional protein FolD protein
[15:18:29] Modify product: Nucleoid-associated protein HP_0035 => Nucleoid-associated protein
[15:18:30] Modify product: N utilization substance protein B homolog => N utilization substance protein B 
[15:18:30] Modify product: Uncharacterized oxidoreductase Rv0484c => putative oxidoreductase
[15:18:30] Modify product: Uncharacterized ABC transporter ATP-binding protein HI_1470 => putative ABC transporter ATP-binding protein
[15:18:30] Modify product: Uncharacterized ABC transporter ATP-binding protein YbiT => putative ABC transporter ATP-binding protein YbiT
[15:18:30] Modify product: Probable type I restriction enzyme BthVORF4518P M protein => putative type I restriction enzymeP M protein
[15:18:30] Modify product: Uncharacterized FAD-linked oxidoreductase Rv2280 => putative FAD-linked oxidoreductase
[15:18:30] Modify product: Probable cardiolipin synthase YwiE => putative cardiolipin synthase YwiE
[15:18:30] Modify product: Uncharacterized RNA pseudouridine synthase HP_0347 => putative RNA pseudouridine synthase
[15:18:30] Modify product: Probable formaldehyde dehydrogenase AdhA => putative formaldehyde dehydrogenase AdhA
[15:18:30] Modify product: Putative peptidyl-prolyl cis-trans isomerase HP_0175 => Putative peptidyl-prolyl cis-trans isomerase
[15:18:30] Modify product: Uncharacterized protease YdcP => putative protease YdcP
[15:18:30] Modify product: Probable transcriptional regulatory protein HP_0162 => putative transcriptional regulatory protein
[15:18:30] Modify product: Probable cysteine desulfurase => putative cysteine desulfurase
[15:18:30] Modify product: Uncharacterized HIT-like protein HP_0404 => putative HIT-like protein
[15:18:30] Modify product: Probable thiol peroxidase => putative thiol peroxidase
[15:18:30] Modify product: Probable protein-export membrane protein SecG => putative protein-export membrane protein SecG
[15:18:30] Modify product: Probable nicotinate-nucleotide adenylyltransferase => putative nicotinate-nucleotide adenylyltransferase
[15:18:30] Modify product: Uncharacterized GTP-binding protein YjiA => putative GTP-binding protein YjiA
[15:18:30] Modify product: Uncharacterized FAD-linked oxidoreductase Rv2280 => putative FAD-linked oxidoreductase
[15:18:30] Modify product: Carbon storage regulator homolog => Carbon storage regulator 
[15:18:30] Modify product: Probable phospholipid ABC transporter permease protein MlaE => putative phospholipid ABC transporter permease protein MlaE
[15:18:30] Modify product: Chemotaxis protein CheY homolog => Chemotaxis protein CheY 
[15:18:30] Modify product: Probable septum site-determining protein MinC => putative septum site-determining protein MinC
[15:18:31] Modify product: Aminopeptidase HP_1037 => Aminopeptidase
[15:18:31] Modify product: Uncharacterized AAA domain-containing protein Rv2559c => putative AAA domain-containing protein
[15:18:31] Modify product: Uncharacterized zinc protease Rv2782c => putative zinc protease
[15:18:31] Modify product: Uncharacterized glycosyltransferase Rv1514c => putative glycosyltransferase
[15:18:31] Modify product: Putative 2-hydroxyacid dehydrogenase HI_1556 => Putative 2-hydroxyacid dehydrogenase
[15:18:31] Modify product: Probable peptidoglycan glycosyltransferase FtsW => putative peptidoglycan glycosyltransferase FtsW
[15:18:31] Modify product: Probable L-asparaginase => putative L-asparaginase
[15:18:31] Modify product: Probable adenylyltransferase/sulfurtransferase MoeZ => putative adenylyltransferase/sulfurtransferase MoeZ
[15:18:31] Modify product: Uncharacterized zinc protease Rv2782c => putative zinc protease
[15:18:31] Modify product: Probable nicotinate-nucleotide pyrophosphorylase [carboxylating] => putative nicotinate-nucleotide pyrophosphorylase [carboxylating]
[15:18:31] Modify product: Uncharacterized RNA pseudouridine synthase Rv1540 => putative RNA pseudouridine synthase
[15:18:31] Modify product: RutC family protein HI_0719 => RutC family protein
[15:18:31] Modify product: Probable amino-acid ABC transporter-binding protein HI_1080 => putative amino-acid ABC transporter-binding protein
[15:18:31] Modify product: Protease HtpX homolog => Protease HtpX 
[15:18:31] Modify product: Probable tautomerase HP_0924 => putative tautomerase
[15:18:31] Modify product: Probable undecaprenyl-phosphate N-acetylglucosaminyl 1-phosphate transferase => putative undecaprenyl-phosphate N-acetylglucosaminyl 1-phosphate transferase
[15:18:31] Modify product: Uncharacterized metal-dependent hydrolase YcfH => putative metal-dependent hydrolase YcfH
[15:18:31] Modify product: Probable GTP-binding protein EngB => putative GTP-binding protein EngB
[15:18:31] Modify product: Probable peroxiredoxin => putative peroxiredoxin
[15:18:31] Modify product: Probable type I restriction enzyme BthVORF4518P M protein => putative type I restriction enzymeP M protein
[15:18:31] Modify product: Probable BsuMI modification methylase subunit YdiO => putative BsuMI modification methylase subunit YdiO
[15:18:31] Modify product: Probable chromosome-partitioning protein ParB => putative chromosome-partitioning protein ParB
[15:18:31] Cleaned 51 /product names
[15:18:31] Deleting unwanted file: examples/prokka/GCF_900087925.1/sprot.faa
[15:18:31] Deleting unwanted file: examples/prokka/GCF_900087925.1/sprot.blast
[15:18:32] There are still 637 unannotated CDS left (started with 1530)
[15:18:32] Will use hmmer3 to search against /home/mingzhi/prokka/bin/../db/hmm/HAMAP.hmm with 1 CPUs
[15:18:32] Running: cat examples\/prokka\/GCF_900087925\.1\/HAMAP\.hmm\.faa | parallel --gnu --plain -j 1 --block 83007 --recstart '>' --pipe hmmscan --noali --notextw --acc -E 1e-06 --cpu 1 /home/mingzhi/prokka/bin/../db/hmm/HAMAP.hmm /dev/stdin > examples\/prokka\/GCF_900087925\.1\/HAMAP\.hmm\.hmmer3 2> /dev/null
[15:19:04] Deleting unwanted file: examples/prokka/GCF_900087925.1/HAMAP.hmm.faa
[15:19:04] Deleting unwanted file: examples/prokka/GCF_900087925.1/HAMAP.hmm.hmmer3
[15:19:04] Labelling remaining 588 proteins as 'hypothetical protein'
[15:19:04] Possible /pseudo 'Chromosome partition protein Smc' at gnl|X|OOEMJHNJ_5 position 36300
[15:19:04] Possible /pseudo 'Citrate carrier' at gnl|X|OOEMJHNJ_11 position 79631
[15:19:04] Possible /pseudo 'L-lactate permease' at gnl|X|OOEMJHNJ_11 position 83001
[15:19:04] Possible /pseudo 'Acetate kinase' at gnl|X|OOEMJHNJ_12 position 5357
[15:19:04] Possible /pseudo 'Phosphate acetyltransferase' at gnl|X|OOEMJHNJ_12 position 6420
[15:19:04] Possible /pseudo 'Phosphate acetyltransferase' at gnl|X|OOEMJHNJ_12 position 6835
[15:19:04] Possible /pseudo 'NAD-dependent protein deacylase' at gnl|X|OOEMJHNJ_14 position 12939
[15:19:04] Possible /pseudo 'Murein DD-endopeptidase MepM' at gnl|X|OOEMJHNJ_22 position 8031
[15:19:04] Possible /pseudo 'Flagellar biosynthetic protein FliP' at gnl|X|OOEMJHNJ_28 position 36346
[15:19:04] Possible /pseudo 'Glutamine transport system permease protein GlnP' at gnl|X|OOEMJHNJ_38 position 20286
[15:19:04] Found 832 unique /gene codes.
[15:19:04] Fixed 2 duplicate /gene - fliN_1 fliN_2
[15:19:04] Fixed 2 duplicate /gene - queE_1 queE_2
[15:19:04] Fixed 2 duplicate /gene - ackA_1 ackA_2
[15:19:04] Fixed 3 duplicate /gene - exbD_1 exbD_2 exbD_3
[15:19:04] Fixed 3 duplicate /gene - mepM_1 mepM_2 mepM_3
[15:19:04] Fixed 2 duplicate /gene - vapD_1 vapD_2
[15:19:04] Fixed 2 duplicate /gene - flgE_1 flgE_2
[15:19:04] Fixed 2 duplicate /gene - tyrA_1 tyrA_2
[15:19:04] Fixed 2 duplicate /gene - murI_1 murI_2
[15:19:04] Fixed 2 duplicate /gene - xseA_1 xseA_2
[15:19:04] Fixed 2 duplicate /gene - hemN_1 hemN_2
[15:19:04] Fixed 2 duplicate /gene - mboIR_1 mboIR_2
[15:19:04] Fixed 2 duplicate /gene - pyrC_1 pyrC_2
[15:19:04] Fixed 3 duplicate /gene - cheV_1 cheV_2 cheV_3
[15:19:04] Fixed 2 duplicate /gene - acpP_1 acpP_2
[15:19:04] Fixed 3 duplicate /gene - hsdR_1 hsdR_2 hsdR_3
[15:19:04] Fixed 3 duplicate /gene - exbB_1 exbB_2 exbB_3
[15:19:04] Fixed 2 duplicate /gene - hydA_1 hydA_2
[15:19:04] Fixed 2 duplicate /gene - trxA_1 trxA_2
[15:19:04] Fixed 2 duplicate /gene - hcpD_1 hcpD_2
[15:19:04] Fixed 4 duplicate /gene - vacA_1 vacA_2 vacA_3 vacA_4
[15:19:04] Fixed 2 duplicate /gene - fliP_1 fliP_2
[15:19:04] Fixed 2 duplicate /gene - atpF_1 atpF_2
[15:19:04] Fixed 3 duplicate /gene - fecA_1 fecA_2 fecA_3
[15:19:04] Fixed 2 duplicate /gene - der_1 der_2
[15:19:04] Fixed 2 duplicate /gene - flhB_1 flhB_2
[15:19:04] Fixed 2 duplicate /gene - cobB_1 cobB_2
[15:19:04] Fixed 2 duplicate /gene - copA_1 copA_2
[15:19:04] Fixed 2 duplicate /gene - ftsH_1 ftsH_2
[15:19:04] Fixed 2 duplicate /gene - pyrD_1 pyrD_2
[15:19:04] Fixed 2 duplicate /gene - topA_1 topA_2
[15:19:04] Fixed 3 duplicate /gene - smc_1 smc_2 smc_3
[15:19:04] Fixed 2 duplicate /gene - hcpB_1 hcpB_2
[15:19:04] Fixed 3 duplicate /gene - pta_1 pta_2 pta_3
[15:19:04] Fixed 2 duplicate /gene - yafQ_1 yafQ_2
[15:19:04] Fixed 2 duplicate /gene - coaD_1 coaD_2
[15:19:04] Fixed 3 duplicate /gene - virB4_1 virB4_2 virB4_3
[15:19:04] Fixed 2 duplicate /gene - yohD_1 yohD_2
[15:19:04] Fixed 2 duplicate /gene - lpxE_1 lpxE_2
[15:19:04] Fixed 2 duplicate /gene - atpD_1 atpD_2
[15:19:04] Fixed 5 duplicate /gene - dpnA_1 dpnA_2 dpnA_3 dpnA_4 dpnA_5
[15:19:04] Fixed 2 duplicate /gene - htpX_1 htpX_2
[15:19:04] Fixed 2 duplicate /gene - citT_1 citT_2
[15:19:04] Fixed 2 duplicate /gene - lldP_1 lldP_2
[15:19:04] Fixed 2 duplicate /gene - hcpC_1 hcpC_2
[15:19:04] Fixed 2 duplicate /gene - bhuA_1 bhuA_2
[15:19:04] Fixed 2 duplicate /gene - nth_1 nth_2
[15:19:04] Fixed 3 duplicate /gene - xerH_1 xerH_2 xerH_3
[15:19:04] Fixed 2 duplicate /gene - era_1 era_2
[15:19:04] Fixed 2 duplicate /gene - mnmA_1 mnmA_2
[15:19:04] Fixed 2 duplicate /gene - flgG_1 flgG_2
[15:19:04] Fixed 2 duplicate /gene - glnP_1 glnP_2
[15:19:04] Fixed 52 colliding /gene names.
[15:19:04] Adding /locus_tag identifiers
[15:19:05] Assigned 1568 locus_tags to CDS and RNA features.
[15:19:05] Writing outputs to examples/prokka/GCF_900087925.1/
[15:19:06] Generating annotation statistics file
[15:19:06] Generating Genbank and Sequin files
[15:19:06] Running: tbl2asn -V b -a r10k -l paired-ends -M n -N 1 -y 'Annotated using prokka 1.12 from https://github.com/tseemann/prokka' -Z examples\/prokka\/GCF_900087925\.1\/GCF_900087925\.1\.err -i examples\/prokka\/GCF_900087925\.1\/GCF_900087925\.1\.fsa 2> /dev/null
[15:19:11] Deleting unwanted file: examples/prokka/GCF_900087925.1/errorsummary.val
[15:19:11] Deleting unwanted file: examples/prokka/GCF_900087925.1/GCF_900087925.1.dr
[15:19:11] Deleting unwanted file: examples/prokka/GCF_900087925.1/GCF_900087925.1.fixedproducts
[15:19:11] Deleting unwanted file: examples/prokka/GCF_900087925.1/GCF_900087925.1.ecn
[15:19:11] Deleting unwanted file: examples/prokka/GCF_900087925.1/GCF_900087925.1.val
[15:19:11] Repairing broken .GBK output that tbl2asn produces...
[15:19:11] Running: sed 's/COORDINATES: profile/COORDINATES:profile/' < examples\/prokka\/GCF_900087925\.1\/GCF_900087925\.1\.gbf > examples\/prokka\/GCF_900087925\.1\/GCF_900087925\.1\.gbk
[15:19:11] Deleting unwanted file: examples/prokka/GCF_900087925.1/GCF_900087925.1.gbf
[15:19:11] Output files:
[15:19:11] examples/prokka/GCF_900087925.1/GCF_900087925.1.log
[15:19:11] examples/prokka/GCF_900087925.1/GCF_900087925.1.tbl
[15:19:11] examples/prokka/GCF_900087925.1/GCF_900087925.1.fsa
[15:19:11] examples/prokka/GCF_900087925.1/GCF_900087925.1.fna
[15:19:11] examples/prokka/GCF_900087925.1/GCF_900087925.1.gbk
[15:19:11] examples/prokka/GCF_900087925.1/GCF_900087925.1.txt
[15:19:11] examples/prokka/GCF_900087925.1/GCF_900087925.1.gff
[15:19:11] examples/prokka/GCF_900087925.1/GCF_900087925.1.ffn
[15:19:11] examples/prokka/GCF_900087925.1/GCF_900087925.1.err
[15:19:11] examples/prokka/GCF_900087925.1/GCF_900087925.1.tsv
[15:19:11] examples/prokka/GCF_900087925.1/GCF_900087925.1.sqn
[15:19:11] examples/prokka/GCF_900087925.1/GCF_900087925.1.faa
[15:19:11] Annotation finished successfully.
[15:19:11] Walltime used: 3.07 minutes
[15:19:11] If you use this result please cite the Prokka paper:
[15:19:11] Seemann T (2014) Prokka: rapid prokaryotic genome annotation. Bioinformatics. 30(14):2068-9.
[15:19:11] Type 'prokka --citation' for more details.
[15:19:11] Thank you, come again.
