[11:39:07] This is prokka 1.12
[11:39:07] Written by Torsten Seemann <torsten.seemann@gmail.com>
[11:39:07] Homepage is https://github.com/tseemann/prokka
[11:39:07] Local time is Wed Jan 24 11:39:07 2018
[11:39:07] You are mingzhi
[11:39:07] Operating system is linux
[11:39:07] You have BioPerl 1.007001
[11:39:07] System has 4 cores.
[11:39:07] Will use maximum of 1 cores.
[11:39:07] Annotating as >>> Bacteria <<<
[11:39:07] Generating locus_tag from 'testing/genomes/GCF_900087765.1/GCF_900087765.1_genomic.fna' contents.
[11:39:07] Setting --locustag EKEBIHOE from MD5 e4eb218e4e3c8d16a0198e1690239dcc
[11:39:07] Enabling options to ensure Genbank/ENA/DDJB submission compliance.
[11:39:07] Creating new output folder: testing/prokka/GCF_900087765.1
[11:39:07] Running: mkdir -p testing\/prokka\/GCF_900087765\.1
[11:39:07] Using filename prefix: GCF_900087765.1.XXX
[11:39:07] Setting HMMER_NCPU=1
[11:39:07] Writing log to: testing/prokka/GCF_900087765.1/GCF_900087765.1.log
[11:39:07] Command: /home/mingzhi/prokka/bin/prokka --cpus 1 --force --centre X --compliant --outdir testing/prokka/GCF_900087765.1 --prefix GCF_900087765.1 testing/genomes/GCF_900087765.1/GCF_900087765.1_genomic.fna
[11:39:07] Appending to PATH: /home/mingzhi/prokka/bin/../binaries/linux
[11:39:07] Appending to PATH: /home/mingzhi/prokka/bin/../binaries/linux/../common
[11:39:07] Appending to PATH: /home/mingzhi/prokka/bin
[11:39:07] Looking for 'aragorn' - found /home/mingzhi/prokka/bin/../binaries/linux/aragorn
[11:39:07] Determined aragorn version is 1.2
[11:39:07] Looking for 'blastp' - found /usr/bin/blastp
[11:39:07] Determined blastp version is 2.6
[11:39:07] Looking for 'cmpress' - found /usr/bin/cmpress
[11:39:07] Determined cmpress version is 1.1
[11:39:07] Looking for 'cmscan' - found /usr/bin/cmscan
[11:39:07] Determined cmscan version is 1.1
[11:39:07] Looking for 'egrep' - found /bin/egrep
[11:39:07] Looking for 'find' - found /usr/bin/find
[11:39:07] Looking for 'grep' - found /bin/grep
[11:39:07] Looking for 'hmmpress' - found /usr/bin/hmmpress
[11:39:07] Determined hmmpress version is 3.1
[11:39:07] Looking for 'hmmscan' - found /usr/bin/hmmscan
[11:39:07] Determined hmmscan version is 3.1
[11:39:07] Looking for 'java' - found /usr/bin/java
[11:39:07] Looking for 'less' - found /usr/bin/less
[11:39:07] Looking for 'makeblastdb' - found /usr/bin/makeblastdb
[11:39:07] Determined makeblastdb version is 2.6
[11:39:07] Looking for 'minced' - found /home/mingzhi/prokka/bin/../binaries/linux/../common/minced
[11:39:07] Determined minced version is 2.0
[11:39:07] Looking for 'parallel' - found /usr/bin/parallel
[11:39:07] Determined parallel version is 20161222
[11:39:07] Looking for 'prodigal' - found /home/mingzhi/prokka/bin/../binaries/linux/prodigal
[11:39:07] Determined prodigal version is 2.6
[11:39:07] Looking for 'prokka-genbank_to_fasta_db' - found /home/mingzhi/prokka/bin/prokka-genbank_to_fasta_db
[11:39:07] Looking for 'sed' - found /bin/sed
[11:39:07] Looking for 'tbl2asn' - found /home/mingzhi/prokka/bin/../binaries/linux/tbl2asn
[11:39:07] Determined tbl2asn version is 25.3
[11:39:07] Using genetic code table 11.
[11:39:07] Loading and checking input file: testing/genomes/GCF_900087765.1/GCF_900087765.1_genomic.fna
[11:39:07] Skipping short (<200 bp) contig: NZ_FLOX01000074.1
[11:39:07] Skipping short (<200 bp) contig: NZ_FLOX01000075.1
[11:39:07] Wrote 73 contigs totalling 1635173 bp.
[11:39:07] Predicting tRNAs and tmRNAs
[11:39:07] Running: aragorn -l -gc11  -w testing\/prokka\/GCF_900087765\.1\/GCF_900087765\.1\.fna
[11:39:08] 1 tRNA-Met c[1511,1587] 35 (cat)
[11:39:08] 2 tRNA-Gln c[1606,1680] 33 (ttg)
[11:39:08] 1 tRNA-Trp c[21870,21945] 34 (cca)
[11:39:08] 2 tRNA-Thr c[23517,23591] 33 (ggt)
[11:39:08] 3 tRNA-Gly c[23622,23698] 35 (tcc)
[11:39:08] 4 tRNA-Tyr c[23715,23799] 35 (gta)
[11:39:08] 5 tRNA-Thr c[23827,23902] 34 (tgt)
[11:39:08] 6 tRNA-Leu c[29301,29387] 35 (caa)
[11:39:08] 7 tRNA-Leu c[29443,29529] 35 (gag)
[11:39:08] 1 tRNA-Phe c[7050,7125] 34 (gaa)
[11:39:08] 1 tRNA-Arg c[344,420] 35 (tct)
[11:39:08] 2 tRNA-Arg c[443,519] 35 (tcg)
[11:39:08] 3 tRNA-His c[577,653] 35 (gtg)
[11:39:08] 4 tRNA-Pro c[719,796] 36 (tgg)
[11:39:08] 1 tRNA-Gly [17527,17601] 33 (gcc)
[11:39:08] 2 tRNA-Leu [17997,18083] 35 (taa)
[11:39:08] 3 tRNA-Cys [18157,18231] 33 (gca)
[11:39:08] 4 tRNA-Ser [18279,18366] 35 (tga)
[11:39:08] 1 tRNA-Ala [69420,69495] 34 (ggc)
[11:39:08] 2 tRNA-Asn [92402,92476] 33 (gtt)
[11:39:08] 1 tRNA-Glu c[4161,4236] 35 (ttc)
[11:39:08] 2 tRNA-Asp c[4299,4375] 35 (gtc)
[11:39:08] 3 tRNA-Val c[4416,4491] 34 (tac)
[11:39:08] 4 tRNA-Glu c[4533,4607] 34 (ttc)
[11:39:08] 5 tRNA-Lys c[4618,4693] 34 (ttt)
[11:39:08] 6 tRNA-Val c[78119,78194] 34 (gac)
[11:39:08] 7 tRNA-Ser [96933,97024] 36 (gct)
[11:39:08] 1 tRNA-Leu c[47038,47122] 35 (tag)
[11:39:08] 2 tRNA-Ile [51906,51982] 35 (gat)
[11:39:08] 3 tRNA-Ala [51997,52072] 34 (tgc)
[11:39:08] 4 tRNA-Arg c[76486,76562] 35 (gcg)
[11:39:08] 1 tmRNA [7444,7829] 84,128 VNNTDYAPAYAKAA*
[11:39:08] 2 tRNA-Met [48427,48503] 35 (cat)
[11:39:08] 1 tRNA-Met [8204,8281] 36 (cat)
[11:39:08] 1 tRNA-Ser c[31355,31442] 35 (gga)
[11:39:08] 2 tRNA-Pro c[84392,84469] 36 (ggg)
[11:39:08] 1 tRNA-Arg [41657,41733] 35 (cct)
[11:39:08] Found 37 tRNAs
[11:39:08] Predicting Ribosomal RNAs
[11:39:08] You need either Barrnap or RNAmmer installed to predict rRNAs!
[11:39:08] Skipping ncRNA search, enable with --rfam if desired.
[11:39:08] Total of 36 tRNA + rRNA features
[11:39:08] Searching for CRISPR repeats
[11:39:09] Found 0 CRISPRs
[11:39:09] Predicting coding sequences
[11:39:09] Contigs total 1635173 bp, so using single mode
[11:39:09] Running: prodigal -i testing\/prokka\/GCF_900087765\.1\/GCF_900087765\.1\.fna -c -m -g 11 -p single -f sco -q
[11:39:10] Excluding CDS which overlaps existing RNA (tRNA) at gnl|X|EKEBIHOE_1:1636..2262 on + strand
[11:39:11] Excluding CDS which overlaps existing RNA (tRNA) at gnl|X|EKEBIHOE_12:47344..48465 on + strand
[11:39:12] Found 1524 CDS
[11:39:12] Connecting features back to sequences
[11:39:12] Not using genus-specific database. Try --usegenus to enable it.
[11:39:12] Annotating CDS, please be patient.
[11:39:12] Will use 1 CPUs for similarity searching.
[11:39:12] There are still 1524 unannotated CDS left (started with 1524)
[11:39:12] Will use blast to search against /home/mingzhi/prokka/bin/../db/kingdom/Bacteria/sprot with 1 CPUs
[11:39:12] Running: cat testing\/prokka\/GCF_900087765\.1\/sprot\.faa | parallel --gnu --plain -j 1 --block 247649 --recstart '>' --pipe blastp -query - -db /home/mingzhi/prokka/bin/../db/kingdom/Bacteria/sprot -evalue 1e-06 -num_threads 1 -num_descriptions 1 -num_alignments 1 -seg no > testing\/prokka\/GCF_900087765\.1\/sprot\.blast 2> /dev/null
[11:41:28] Modify product: Uncharacterized FAD-linked oxidoreductase Rv2280 => putative FAD-linked oxidoreductase
[11:41:28] Modify product: Probable phospholipid ABC transporter permease protein MlaE => putative phospholipid ABC transporter permease protein MlaE
[11:41:29] Modify product: Carbon storage regulator homolog => Carbon storage regulator 
[11:41:29] Modify product: Probable cysteine desulfurase => putative cysteine desulfurase
[11:41:29] Modify product: Uncharacterized HIT-like protein HP_0404 => putative HIT-like protein
[11:41:29] Modify product: Probable thiol peroxidase => putative thiol peroxidase
[11:41:29] Modify product: Uncharacterized oxidoreductase Rv0484c => putative oxidoreductase
[11:41:29] Modify product: Uncharacterized ABC transporter ATP-binding protein HI_1470 => putative ABC transporter ATP-binding protein
[11:41:29] Modify product: Uncharacterized ABC transporter ATP-binding protein YbiT => putative ABC transporter ATP-binding protein YbiT
[11:41:29] Modify product: Probable type I restriction enzyme BthVORF4518P M protein => putative type I restriction enzymeP M protein
[11:41:29] Modify product: Probable tautomerase HP_0924 => putative tautomerase
[11:41:29] Modify product: Protease HtpX homolog => Protease HtpX 
[11:41:29] Modify product: Probable amino-acid ABC transporter-binding protein HI_1080 => putative amino-acid ABC transporter-binding protein
[11:41:29] Modify product: RutC family protein HI_0719 => RutC family protein
[11:41:29] Modify product: Uncharacterized RNA pseudouridine synthase Rv1540 => putative RNA pseudouridine synthase
[11:41:29] Modify product: Uncharacterized GTP-binding protein YjiA => putative GTP-binding protein YjiA
[11:41:29] Modify product: Probable nicotinate-nucleotide adenylyltransferase => putative nicotinate-nucleotide adenylyltransferase
[11:41:29] Modify product: N utilization substance protein B homolog => N utilization substance protein B 
[11:41:29] Modify product: Nucleoid-associated protein HP_0035 => Nucleoid-associated protein
[11:41:29] Modify product: Probable transcriptional regulatory protein HP_0162 => putative transcriptional regulatory protein
[11:41:29] Modify product: Uncharacterized protease YdcP => putative protease YdcP
[11:41:29] Modify product: Putative peptidyl-prolyl cis-trans isomerase HP_0175 => Putative peptidyl-prolyl cis-trans isomerase
[11:41:29] Modify product: Uncharacterized RNA pseudouridine synthase HP_0347 => putative RNA pseudouridine synthase
[11:41:29] Modify product: Probable cardiolipin synthase YwiE => putative cardiolipin synthase YwiE
[11:41:29] Modify product: Probable molybdenum cofactor guanylyltransferase => putative molybdenum cofactor guanylyltransferase
[11:41:29] Modify product: Probable FMN/FAD exporter YeeO => putative FMN/FAD exporter YeeO
[11:41:29] Modify product: Bifunctional protein FolD => Bifunctional protein FolD protein
[11:41:29] Modify product: Uncharacterized ABC transporter ATP-binding protein TM_0288 => putative ABC transporter ATP-binding protein
[11:41:29] Modify product: Probable protein-export membrane protein SecG => putative protein-export membrane protein SecG
[11:41:29] Modify product: Chemotaxis protein CheY homolog => Chemotaxis protein CheY 
[11:41:30] Modify product: Probable septum site-determining protein MinC => putative septum site-determining protein MinC
[11:41:30] Modify product: Aminopeptidase HP_1037 => Aminopeptidase
[11:41:30] Modify product: Uncharacterized AAA domain-containing protein Rv2559c => putative AAA domain-containing protein
[11:41:30] Modify product: Uncharacterized zinc protease Rv2782c => putative zinc protease
[11:41:30] Modify product: Probable peptidoglycan glycosyltransferase FtsW => putative peptidoglycan glycosyltransferase FtsW
[11:41:30] Modify product: Probable adenylyltransferase/sulfurtransferase MoeZ => putative adenylyltransferase/sulfurtransferase MoeZ
[11:41:30] Modify product: Probable dual-specificity RNA methyltransferase RlmN => putative dual-specificity RNA methyltransferase RlmN
[11:41:30] Modify product: Probable peroxiredoxin => putative peroxiredoxin
[11:41:30] Modify product: Probable GTP-binding protein EngB => putative GTP-binding protein EngB
[11:41:30] Modify product: Uncharacterized metal-dependent hydrolase YcfH => putative metal-dependent hydrolase YcfH
[11:41:30] Modify product: Probable undecaprenyl-phosphate N-acetylglucosaminyl 1-phosphate transferase => putative undecaprenyl-phosphate N-acetylglucosaminyl 1-phosphate transferase
[11:41:30] Modify product: Uncharacterized zinc protease Rv2782c => putative zinc protease
[11:41:30] Modify product: Probable BsuMI modification methylase subunit YdiO => putative BsuMI modification methylase subunit YdiO
[11:41:30] Modify product: Probable type I restriction enzyme BthVORF4518P M protein => putative type I restriction enzymeP M protein
[11:41:30] Modify product: Uncharacterized FAD-linked oxidoreductase Rv2280 => putative FAD-linked oxidoreductase
[11:41:30] Modify product: Probable formaldehyde dehydrogenase AdhA => putative formaldehyde dehydrogenase AdhA
[11:41:30] Modify product: Probable nicotinate-nucleotide pyrophosphorylase [carboxylating] => putative nicotinate-nucleotide pyrophosphorylase [carboxylating]
[11:41:30] Modify product: Probable chromosome-partitioning protein ParB => putative chromosome-partitioning protein ParB
[11:41:30] Modify product: Uncharacterized glycosyltransferase Rv1514c => putative glycosyltransferase
[11:41:30] Modify product: Putative 2-hydroxyacid dehydrogenase HI_1556 => Putative 2-hydroxyacid dehydrogenase
[11:41:30] Modify product: Probable L-asparaginase => putative L-asparaginase
[11:41:30] Cleaned 51 /product names
[11:41:30] Deleting unwanted file: testing/prokka/GCF_900087765.1/sprot.faa
[11:41:30] Deleting unwanted file: testing/prokka/GCF_900087765.1/sprot.blast
[11:41:30] There are still 636 unannotated CDS left (started with 1524)
[11:41:30] Will use hmmer3 to search against /home/mingzhi/prokka/bin/../db/hmm/HAMAP.hmm with 1 CPUs
[11:41:30] Running: cat testing\/prokka\/GCF_900087765\.1\/HAMAP\.hmm\.faa | parallel --gnu --plain -j 1 --block 82833 --recstart '>' --pipe hmmscan --noali --notextw --acc -E 1e-06 --cpu 1 /home/mingzhi/prokka/bin/../db/hmm/HAMAP.hmm /dev/stdin > testing\/prokka\/GCF_900087765\.1\/HAMAP\.hmm\.hmmer3 2> /dev/null
[11:42:03] Deleting unwanted file: testing/prokka/GCF_900087765.1/HAMAP.hmm.faa
[11:42:03] Deleting unwanted file: testing/prokka/GCF_900087765.1/HAMAP.hmm.hmmer3
[11:42:03] Labelling remaining 588 proteins as 'hypothetical protein'
[11:42:03] Possible /pseudo 'Acetate kinase' at gnl|X|EKEBIHOE_1 position 5397
[11:42:03] Possible /pseudo 'Phosphate acetyltransferase' at gnl|X|EKEBIHOE_1 position 6460
[11:42:03] Possible /pseudo 'Phosphate acetyltransferase' at gnl|X|EKEBIHOE_1 position 6875
[11:42:03] Possible /pseudo 'L-lactate permease' at gnl|X|EKEBIHOE_10 position 20878
[11:42:03] Possible /pseudo 'Citrate carrier' at gnl|X|EKEBIHOE_10 position 24197
[11:42:03] Possible /pseudo 'NAD-dependent protein deacylase' at gnl|X|EKEBIHOE_17 position 32858
[11:42:03] Possible /pseudo 'Murein DD-endopeptidase MepM' at gnl|X|EKEBIHOE_21 position 8030
[11:42:03] Possible /pseudo 'Flagellar biosynthetic protein FliP' at gnl|X|EKEBIHOE_27 position 36658
[11:42:03] Possible /pseudo 'Acetone carboxylase alpha subunit' at gnl|X|EKEBIHOE_27 position 50390
[11:42:03] Found 828 unique /gene codes.
[11:42:03] Fixed 2 duplicate /gene - trxA_1 trxA_2
[11:42:03] Fixed 2 duplicate /gene - atpD_1 atpD_2
[11:42:03] Fixed 2 duplicate /gene - htpX_1 htpX_2
[11:42:03] Fixed 2 duplicate /gene - rpoA_1 rpoA_2
[11:42:03] Fixed 2 duplicate /gene - pyrC_1 pyrC_2
[11:42:03] Fixed 4 duplicate /gene - vacA_1 vacA_2 vacA_3 vacA_4
[11:42:03] Fixed 2 duplicate /gene - pyrD_1 pyrD_2
[11:42:03] Fixed 2 duplicate /gene - queE_1 queE_2
[11:42:03] Fixed 2 duplicate /gene - ackA_1 ackA_2
[11:42:03] Fixed 3 duplicate /gene - exbD_1 exbD_2 exbD_3
[11:42:03] Fixed 2 duplicate /gene - copA_1 copA_2
[11:42:03] Fixed 3 duplicate /gene - hsdR_1 hsdR_2 hsdR_3
[11:42:03] Fixed 5 duplicate /gene - dpnA_1 dpnA_2 dpnA_3 dpnA_4 dpnA_5
[11:42:03] Fixed 2 duplicate /gene - flhB_1 flhB_2
[11:42:03] Fixed 2 duplicate /gene - topA_1 topA_2
[11:42:03] Fixed 2 duplicate /gene - bhuA_1 bhuA_2
[11:42:03] Fixed 2 duplicate /gene - yafQ_1 yafQ_2
[11:42:03] Fixed 2 duplicate /gene - atpF_1 atpF_2
[11:42:03] Fixed 2 duplicate /gene - smc_1 smc_2
[11:42:03] Fixed 2 duplicate /gene - mnmA_1 mnmA_2
[11:42:03] Fixed 3 duplicate /gene - cheV_1 cheV_2 cheV_3
[11:42:03] Fixed 3 duplicate /gene - virB4_1 virB4_2 virB4_3
[11:42:03] Fixed 2 duplicate /gene - lldP_1 lldP_2
[11:42:03] Fixed 2 duplicate /gene - hydA_1 hydA_2
[11:42:03] Fixed 3 duplicate /gene - mepM_1 mepM_2 mepM_3
[11:42:03] Fixed 2 duplicate /gene - hemN_1 hemN_2
[11:42:03] Fixed 2 duplicate /gene - cobB_1 cobB_2
[11:42:03] Fixed 2 duplicate /gene - era_1 era_2
[11:42:03] Fixed 2 duplicate /gene - flgE_1 flgE_2
[11:42:03] Fixed 2 duplicate /gene - der_1 der_2
[11:42:03] Fixed 2 duplicate /gene - rplQ_1 rplQ_2
[11:42:03] Fixed 3 duplicate /gene - xerH_1 xerH_2 xerH_3
[11:42:03] Fixed 3 duplicate /gene - fecA_1 fecA_2 fecA_3
[11:42:03] Fixed 2 duplicate /gene - flgG_1 flgG_2
[11:42:03] Fixed 2 duplicate /gene - tcyB_1 tcyB_2
[11:42:03] Fixed 2 duplicate /gene - acxB_1 acxB_2
[11:42:03] Fixed 2 duplicate /gene - nth_1 nth_2
[11:42:03] Fixed 2 duplicate /gene - fliP_1 fliP_2
[11:42:03] Fixed 2 duplicate /gene - tyrA_1 tyrA_2
[11:42:03] Fixed 2 duplicate /gene - citT_1 citT_2
[11:42:03] Fixed 3 duplicate /gene - exbB_1 exbB_2 exbB_3
[11:42:03] Fixed 2 duplicate /gene - hcpD_1 hcpD_2
[11:42:03] Fixed 2 duplicate /gene - yohD_1 yohD_2
[11:42:03] Fixed 2 duplicate /gene - lpxE_1 lpxE_2
[11:42:03] Fixed 2 duplicate /gene - fliN_1 fliN_2
[11:42:03] Fixed 2 duplicate /gene - ftsH_1 ftsH_2
[11:42:03] Fixed 2 duplicate /gene - hcpC_1 hcpC_2
[11:42:03] Fixed 2 duplicate /gene - acpP_1 acpP_2
[11:42:03] Fixed 2 duplicate /gene - vapD_1 vapD_2
[11:42:03] Fixed 2 duplicate /gene - hcpB_1 hcpB_2
[11:42:03] Fixed 3 duplicate /gene - pta_1 pta_2 pta_3
[11:42:03] Fixed 51 colliding /gene names.
[11:42:03] Adding /locus_tag identifiers
[11:42:03] Assigned 1561 locus_tags to CDS and RNA features.
[11:42:03] Writing outputs to testing/prokka/GCF_900087765.1/
[11:42:05] Generating annotation statistics file
[11:42:05] Generating Genbank and Sequin files
[11:42:05] Running: tbl2asn -V b -a r10k -l paired-ends -M n -N 1 -y 'Annotated using prokka 1.12 from https://github.com/tseemann/prokka' -Z testing\/prokka\/GCF_900087765\.1\/GCF_900087765\.1\.err -i testing\/prokka\/GCF_900087765\.1\/GCF_900087765\.1\.fsa 2> /dev/null
[11:42:09] Deleting unwanted file: testing/prokka/GCF_900087765.1/errorsummary.val
[11:42:09] Deleting unwanted file: testing/prokka/GCF_900087765.1/GCF_900087765.1.dr
[11:42:09] Deleting unwanted file: testing/prokka/GCF_900087765.1/GCF_900087765.1.fixedproducts
[11:42:09] Deleting unwanted file: testing/prokka/GCF_900087765.1/GCF_900087765.1.ecn
[11:42:09] Deleting unwanted file: testing/prokka/GCF_900087765.1/GCF_900087765.1.val
[11:42:09] Repairing broken .GBK output that tbl2asn produces...
[11:42:09] Running: sed 's/COORDINATES: profile/COORDINATES:profile/' < testing\/prokka\/GCF_900087765\.1\/GCF_900087765\.1\.gbf > testing\/prokka\/GCF_900087765\.1\/GCF_900087765\.1\.gbk
[11:42:09] Deleting unwanted file: testing/prokka/GCF_900087765.1/GCF_900087765.1.gbf
[11:42:09] Output files:
[11:42:09] testing/prokka/GCF_900087765.1/GCF_900087765.1.tbl
[11:42:09] testing/prokka/GCF_900087765.1/GCF_900087765.1.fsa
[11:42:09] testing/prokka/GCF_900087765.1/GCF_900087765.1.gbk
[11:42:09] testing/prokka/GCF_900087765.1/GCF_900087765.1.fna
[11:42:09] testing/prokka/GCF_900087765.1/GCF_900087765.1.faa
[11:42:09] testing/prokka/GCF_900087765.1/GCF_900087765.1.err
[11:42:09] testing/prokka/GCF_900087765.1/GCF_900087765.1.tsv
[11:42:09] testing/prokka/GCF_900087765.1/GCF_900087765.1.txt
[11:42:09] testing/prokka/GCF_900087765.1/GCF_900087765.1.log
[11:42:09] testing/prokka/GCF_900087765.1/GCF_900087765.1.gff
[11:42:09] testing/prokka/GCF_900087765.1/GCF_900087765.1.sqn
[11:42:09] testing/prokka/GCF_900087765.1/GCF_900087765.1.ffn
[11:42:09] Annotation finished successfully.
[11:42:09] Walltime used: 3.03 minutes
[11:42:09] If you use this result please cite the Prokka paper:
[11:42:09] Seemann T (2014) Prokka: rapid prokaryotic genome annotation. Bioinformatics. 30(14):2068-9.
[11:42:09] Type 'prokka --citation' for more details.
[11:42:09] Thank you, come again.
