[11:45:14] This is prokka 1.12
[11:45:14] Written by Torsten Seemann <torsten.seemann@gmail.com>
[11:45:14] Homepage is https://github.com/tseemann/prokka
[11:45:14] Local time is Wed Jan 24 11:45:14 2018
[11:45:14] You are mingzhi
[11:45:14] Operating system is linux
[11:45:14] You have BioPerl 1.007001
[11:45:14] System has 4 cores.
[11:45:14] Will use maximum of 1 cores.
[11:45:14] Annotating as >>> Bacteria <<<
[11:45:14] Generating locus_tag from 'testing/genomes/GCF_900087475.1/GCF_900087475.1_genomic.fna' contents.
[11:45:14] Setting --locustag FHFNEIGL from MD5 f1f7e205e0339deff996297fb344fda3
[11:45:14] Enabling options to ensure Genbank/ENA/DDJB submission compliance.
[11:45:14] Creating new output folder: testing/prokka/GCF_900087475.1
[11:45:14] Running: mkdir -p testing\/prokka\/GCF_900087475\.1
[11:45:14] Using filename prefix: GCF_900087475.1.XXX
[11:45:14] Setting HMMER_NCPU=1
[11:45:14] Writing log to: testing/prokka/GCF_900087475.1/GCF_900087475.1.log
[11:45:14] Command: /home/mingzhi/prokka/bin/prokka --cpus 1 --force --centre X --compliant --outdir testing/prokka/GCF_900087475.1 --prefix GCF_900087475.1 testing/genomes/GCF_900087475.1/GCF_900087475.1_genomic.fna
[11:45:14] Appending to PATH: /home/mingzhi/prokka/bin/../binaries/linux
[11:45:14] Appending to PATH: /home/mingzhi/prokka/bin/../binaries/linux/../common
[11:45:14] Appending to PATH: /home/mingzhi/prokka/bin
[11:45:14] Looking for 'aragorn' - found /home/mingzhi/prokka/bin/../binaries/linux/aragorn
[11:45:14] Determined aragorn version is 1.2
[11:45:14] Looking for 'blastp' - found /usr/bin/blastp
[11:45:14] Determined blastp version is 2.6
[11:45:14] Looking for 'cmpress' - found /usr/bin/cmpress
[11:45:14] Determined cmpress version is 1.1
[11:45:14] Looking for 'cmscan' - found /usr/bin/cmscan
[11:45:14] Determined cmscan version is 1.1
[11:45:14] Looking for 'egrep' - found /bin/egrep
[11:45:14] Looking for 'find' - found /usr/bin/find
[11:45:14] Looking for 'grep' - found /bin/grep
[11:45:14] Looking for 'hmmpress' - found /usr/bin/hmmpress
[11:45:14] Determined hmmpress version is 3.1
[11:45:14] Looking for 'hmmscan' - found /usr/bin/hmmscan
[11:45:14] Determined hmmscan version is 3.1
[11:45:14] Looking for 'java' - found /usr/bin/java
[11:45:14] Looking for 'less' - found /usr/bin/less
[11:45:14] Looking for 'makeblastdb' - found /usr/bin/makeblastdb
[11:45:15] Determined makeblastdb version is 2.6
[11:45:15] Looking for 'minced' - found /home/mingzhi/prokka/bin/../binaries/linux/../common/minced
[11:45:15] Determined minced version is 2.0
[11:45:15] Looking for 'parallel' - found /usr/bin/parallel
[11:45:15] Determined parallel version is 20161222
[11:45:15] Looking for 'prodigal' - found /home/mingzhi/prokka/bin/../binaries/linux/prodigal
[11:45:15] Determined prodigal version is 2.6
[11:45:15] Looking for 'prokka-genbank_to_fasta_db' - found /home/mingzhi/prokka/bin/prokka-genbank_to_fasta_db
[11:45:15] Looking for 'sed' - found /bin/sed
[11:45:15] Looking for 'tbl2asn' - found /home/mingzhi/prokka/bin/../binaries/linux/tbl2asn
[11:45:15] Determined tbl2asn version is 25.3
[11:45:15] Using genetic code table 11.
[11:45:15] Loading and checking input file: testing/genomes/GCF_900087475.1/GCF_900087475.1_genomic.fna
[11:45:15] Skipping short (<200 bp) contig: NZ_FLOM01000078.1
[11:45:15] Wrote 77 contigs totalling 1643496 bp.
[11:45:15] Predicting tRNAs and tmRNAs
[11:45:15] Running: aragorn -l -gc11  -w testing\/prokka\/GCF_900087475\.1\/GCF_900087475\.1\.fna
[11:45:16] 1 tRNA-Met c[17428,17504] 35 (cat)
[11:45:16] 2 tmRNA c[58077,58462] 84,128 VNNTDYAPAYAKAA*
[11:45:16] 3 tRNA-Arg [107592,107668] 35 (cct)
[11:45:16] 1 tRNA-Val c[70849,70924] 34 (gac)
[11:45:16] 2 tRNA-Ser [89600,89691] 36 (gct)
[11:45:16] 1 tRNA-Leu [29441,29527] 35 (gag)
[11:45:16] 2 tRNA-Leu [29583,29669] 35 (caa)
[11:45:16] 3 tRNA-Thr [35067,35142] 34 (tgt)
[11:45:16] 4 tRNA-Tyr [35170,35254] 35 (gta)
[11:45:16] 5 tRNA-Gly [35270,35346] 35 (tcc)
[11:45:16] 6 tRNA-Thr [35377,35451] 33 (ggt)
[11:45:16] 7 tRNA-Trp [37011,37086] 34 (cca)
[11:45:16] 8 tRNA-Met [68102,68179] 36 (cat)
[11:45:16] 1 tRNA-Ser c[31334,31421] 35 (gga)
[11:45:16] 2 tRNA-Pro c[84370,84447] 36 (ggg)
[11:45:16] 1 tRNA-Gly [17509,17583] 33 (gcc)
[11:45:16] 2 tRNA-Leu [17979,18065] 35 (taa)
[11:45:16] 3 tRNA-Cys [18139,18213] 33 (gca)
[11:45:16] 4 tRNA-Ser [18261,18348] 35 (tga)
[11:45:16] 1 tRNA-Glu c[57239,57314] 35 (ttc)
[11:45:16] 2 tRNA-Asp c[57377,57453] 35 (gtc)
[11:45:16] 3 tRNA-Val c[57494,57569] 34 (tac)
[11:45:16] 4 tRNA-Glu c[57611,57685] 34 (ttc)
[11:45:16] 5 tRNA-Lys c[57696,57771] 34 (ttt)
[11:45:16] 1 tRNA-Arg [12610,12686] 35 (gcg)
[11:45:16] 2 tRNA-Ala c[37096,37171] 34 (tgc)
[11:45:16] 3 tRNA-Ile c[37186,37262] 35 (gat)
[11:45:16] 4 tRNA-Leu [42042,42126] 35 (tag)
[11:45:16] 1 tRNA-Pro [34698,34775] 36 (tgg)
[11:45:16] 2 tRNA-His [34841,34917] 35 (gtg)
[11:45:16] 3 tRNA-Arg [34975,35051] 35 (tcg)
[11:45:16] 4 tRNA-Arg [35074,35150] 35 (tct)
[11:45:16] 1 tRNA-Asn c[1428,1502] 33 (gtt)
[11:45:16] 1 tRNA-Phe [9137,9212] 34 (gaa)
[11:45:16] 1 tRNA-Ala [10808,10880] 34 (ggc)
[11:45:16] 1 tRNA-Met c[236,312] 35 (cat)
[11:45:16] 2 tRNA-Gln c[331,405] 33 (ttg)
[11:45:16] Found 37 tRNAs
[11:45:16] Predicting Ribosomal RNAs
[11:45:16] You need either Barrnap or RNAmmer installed to predict rRNAs!
[11:45:16] Skipping ncRNA search, enable with --rfam if desired.
[11:45:16] Total of 36 tRNA + rRNA features
[11:45:16] Searching for CRISPR repeats
[11:45:16] Found 0 CRISPRs
[11:45:16] Predicting coding sequences
[11:45:16] Contigs total 1643496 bp, so using single mode
[11:45:16] Running: prodigal -i testing\/prokka\/GCF_900087475\.1\/GCF_900087475\.1\.fna -c -m -g 11 -p single -f sco -q
[11:45:18] Excluding CDS which overlaps existing RNA (tRNA) at gnl|X|FHFNEIGL_1:17466..18587 on - strand
[11:45:19] Excluding CDS which overlaps existing RNA (tRNA) at gnl|X|FHFNEIGL_34:361..987 on + strand
[11:45:19] Found 1573 CDS
[11:45:19] Connecting features back to sequences
[11:45:19] Not using genus-specific database. Try --usegenus to enable it.
[11:45:19] Annotating CDS, please be patient.
[11:45:19] Will use 1 CPUs for similarity searching.
[11:45:20] There are still 1573 unannotated CDS left (started with 1573)
[11:45:20] Will use blast to search against /home/mingzhi/prokka/bin/../db/kingdom/Bacteria/sprot with 1 CPUs
[11:45:20] Running: cat testing\/prokka\/GCF_900087475\.1\/sprot\.faa | parallel --gnu --plain -j 1 --block 247987 --recstart '>' --pipe blastp -query - -db /home/mingzhi/prokka/bin/../db/kingdom/Bacteria/sprot -evalue 1e-06 -num_threads 1 -num_descriptions 1 -num_alignments 1 -seg no > testing\/prokka\/GCF_900087475\.1\/sprot\.blast 2> /dev/null
[11:47:57] Modify product: Uncharacterized RNA pseudouridine synthase Rv1540 => putative RNA pseudouridine synthase
[11:47:57] Modify product: Probable FMN/FAD exporter YeeO => putative FMN/FAD exporter YeeO
[11:47:57] Modify product: Probable molybdenum cofactor guanylyltransferase => putative molybdenum cofactor guanylyltransferase
[11:47:57] Modify product: Probable adenylyltransferase/sulfurtransferase MoeZ => putative adenylyltransferase/sulfurtransferase MoeZ
[11:47:58] Modify product: Probable type I restriction enzyme BthVORF4518P M protein => putative type I restriction enzymeP M protein
[11:47:58] Modify product: Uncharacterized ABC transporter ATP-binding protein YbiT => putative ABC transporter ATP-binding protein YbiT
[11:47:58] Modify product: Uncharacterized ABC transporter ATP-binding protein HI_1470 => putative ABC transporter ATP-binding protein
[11:47:58] Modify product: Uncharacterized ABC transporter ATP-binding protein TM_0288 => putative ABC transporter ATP-binding protein
[11:47:58] Modify product: Bifunctional protein FolD => Bifunctional protein FolD protein
[11:47:58] Modify product: Nucleoid-associated protein HP_0035 => Nucleoid-associated protein
[11:47:58] Modify product: Putative 2-hydroxyacid dehydrogenase HI_1556 => Putative 2-hydroxyacid dehydrogenase
[11:47:58] Modify product: Uncharacterized glycosyltransferase Rv1514c => putative glycosyltransferase
[11:47:58] Modify product: Uncharacterized FAD-linked oxidoreductase Rv2280 => putative FAD-linked oxidoreductase
[11:47:58] Modify product: Chemotaxis protein CheY homolog => Chemotaxis protein CheY 
[11:47:58] Modify product: Probable septum site-determining protein MinC => putative septum site-determining protein MinC
[11:47:58] Modify product: Aminopeptidase HP_1037 => Aminopeptidase
[11:47:58] Modify product: Uncharacterized AAA domain-containing protein Rv2559c => putative AAA domain-containing protein
[11:47:58] Modify product: Uncharacterized zinc protease Rv2782c => putative zinc protease
[11:47:58] Modify product: Carbon storage regulator homolog => Carbon storage regulator 
[11:47:58] Modify product: Probable phospholipid ABC transporter permease protein MlaE => putative phospholipid ABC transporter permease protein MlaE
[11:47:59] Modify product: Uncharacterized zinc protease Rv2782c => putative zinc protease
[11:47:59] Modify product: Probable transcriptional regulatory protein HP_0162 => putative transcriptional regulatory protein
[11:47:59] Modify product: Uncharacterized protease YdcP => putative protease YdcP
[11:47:59] Modify product: Putative peptidyl-prolyl cis-trans isomerase HP_0175 => Putative peptidyl-prolyl cis-trans isomerase
[11:47:59] Modify product: Probable nicotinate-nucleotide pyrophosphorylase [carboxylating] => putative nicotinate-nucleotide pyrophosphorylase [carboxylating]
[11:47:59] Modify product: Probable tautomerase HP_0924 => putative tautomerase
[11:47:59] Modify product: Protease HtpX homolog => Protease HtpX 
[11:47:59] Modify product: Probable amino-acid ABC transporter-binding protein HI_1080 => putative amino-acid ABC transporter-binding protein
[11:47:59] Modify product: RutC family protein HI_0719 => RutC family protein
[11:47:59] Modify product: Uncharacterized RNA pseudouridine synthase Rv1540 => putative RNA pseudouridine synthase
[11:47:59] Modify product: Probable peptidoglycan glycosyltransferase FtsW => putative peptidoglycan glycosyltransferase FtsW
[11:47:59] Modify product: Probable peroxiredoxin => putative peroxiredoxin
[11:47:59] Modify product: Probable GTP-binding protein EngB => putative GTP-binding protein EngB
[11:47:59] Modify product: Uncharacterized metal-dependent hydrolase YcfH => putative metal-dependent hydrolase YcfH
[11:47:59] Modify product: Probable undecaprenyl-phosphate N-acetylglucosaminyl 1-phosphate transferase => putative undecaprenyl-phosphate N-acetylglucosaminyl 1-phosphate transferase
[11:47:59] Modify product: N utilization substance protein B homolog => N utilization substance protein B 
[11:47:59] Modify product: Probable cardiolipin synthase YwiE => putative cardiolipin synthase YwiE
[11:47:59] Modify product: Uncharacterized RNA pseudouridine synthase HP_0347 => putative RNA pseudouridine synthase
[11:47:59] Modify product: Uncharacterized RNA pseudouridine synthase HP_0347 => putative RNA pseudouridine synthase
[11:48:00] Modify product: Probable protein-export membrane protein SecG => putative protein-export membrane protein SecG
[11:48:00] Modify product: Probable type I restriction enzyme BthVORF4518P M protein => putative type I restriction enzymeP M protein
[11:48:00] Modify product: Uncharacterized FAD-linked oxidoreductase Rv2280 => putative FAD-linked oxidoreductase
[11:48:00] Modify product: Probable thiol peroxidase => putative thiol peroxidase
[11:48:00] Modify product: Uncharacterized HIT-like protein HP_0404 => putative HIT-like protein
[11:48:00] Modify product: Probable cysteine desulfurase => putative cysteine desulfurase
[11:48:00] Modify product: Probable dual-specificity RNA methyltransferase RlmN => putative dual-specificity RNA methyltransferase RlmN
[11:48:00] Modify product: Probable chromosome-partitioning protein ParB => putative chromosome-partitioning protein ParB
[11:48:00] Modify product: Probable formaldehyde dehydrogenase AdhA => putative formaldehyde dehydrogenase AdhA
[11:48:00] Modify product: Probable BsuMI modification methylase subunit YdiO => putative BsuMI modification methylase subunit YdiO
[11:48:00] Modify product: Probable nicotinate-nucleotide adenylyltransferase => putative nicotinate-nucleotide adenylyltransferase
[11:48:01] Modify product: Uncharacterized oxidoreductase Rv0484c => putative oxidoreductase
[11:48:01] Modify product: Uncharacterized GTP-binding protein YjiA => putative GTP-binding protein YjiA
[11:48:01] Modify product: Probable L-asparaginase => putative L-asparaginase
[11:48:01] Modify product: Probable ABC transporter permease protein HI_1471 => putative ABC transporter permease protein
[11:48:01] Cleaned 54 /product names
[11:48:01] Deleting unwanted file: testing/prokka/GCF_900087475.1/sprot.faa
[11:48:01] Deleting unwanted file: testing/prokka/GCF_900087475.1/sprot.blast
[11:48:01] There are still 666 unannotated CDS left (started with 1573)
[11:48:01] Will use hmmer3 to search against /home/mingzhi/prokka/bin/../db/hmm/HAMAP.hmm with 1 CPUs
[11:48:01] Running: cat testing\/prokka\/GCF_900087475\.1\/HAMAP\.hmm\.faa | parallel --gnu --plain -j 1 --block 84672 --recstart '>' --pipe hmmscan --noali --notextw --acc -E 1e-06 --cpu 1 /home/mingzhi/prokka/bin/../db/hmm/HAMAP.hmm /dev/stdin > testing\/prokka\/GCF_900087475\.1\/HAMAP\.hmm\.hmmer3 2> /dev/null
[11:48:46] Deleting unwanted file: testing/prokka/GCF_900087475.1/HAMAP.hmm.faa
[11:48:46] Deleting unwanted file: testing/prokka/GCF_900087475.1/HAMAP.hmm.hmmer3
[11:48:46] Labelling remaining 614 proteins as 'hypothetical protein'
[11:48:46] Possible /pseudo 'Uridylate kinase' at gnl|X|FHFNEIGL_1 position 50465
[11:48:46] Possible /pseudo 'Hydroxymethylpyrimidine/phosphomethylpyrimidine kinase' at gnl|X|FHFNEIGL_1 position 115462
[11:48:46] Possible /pseudo 'Endonuclease MutS2' at gnl|X|FHFNEIGL_2 position 29163
[11:48:46] Possible /pseudo 'Endonuclease MutS2' at gnl|X|FHFNEIGL_2 position 29951
[11:48:46] Possible /pseudo 'Adenine permease AdeQ' at gnl|X|FHFNEIGL_4 position 75339
[11:48:46] Possible /pseudo 'Glutamine transport system permease protein GlnP' at gnl|X|FHFNEIGL_4 position 80229
[11:48:46] Possible /pseudo 'Copper-exporting P-type ATPase A' at gnl|X|FHFNEIGL_5 position 25949
[11:48:46] Possible /pseudo 'Flagellar biosynthetic protein FliP' at gnl|X|FHFNEIGL_7 position 40691
[11:48:46] Possible /pseudo 'Serine hydroxymethyltransferase' at gnl|X|FHFNEIGL_8 position 27236
[11:48:46] Possible /pseudo 'UDP-3-O-acylglucosamine N-acyltransferase' at gnl|X|FHFNEIGL_8 position 38939
[11:48:46] Possible /pseudo 'NAD kinase' at gnl|X|FHFNEIGL_9 position 18697
[11:48:46] Possible /pseudo 'Vitamin B12-binding protein' at gnl|X|FHFNEIGL_11 position 29106
[11:48:46] Possible /pseudo 'putative RNA pseudouridine synthase' at gnl|X|FHFNEIGL_12 position 21670
[11:48:46] Possible /pseudo 'NAD-dependent protein deacylase' at gnl|X|FHFNEIGL_14 position 14389
[11:48:46] Possible /pseudo 'Glutamate--tRNA ligase' at gnl|X|FHFNEIGL_15 position 41648
[11:48:46] Possible /pseudo 'L-lactate permease' at gnl|X|FHFNEIGL_17 position 20448
[11:48:46] Possible /pseudo 'Citrate carrier' at gnl|X|FHFNEIGL_17 position 23767
[11:48:46] Possible /pseudo 'Phosphate acetyltransferase' at gnl|X|FHFNEIGL_19 position 31861
[11:48:46] Possible /pseudo 'Phosphate acetyltransferase' at gnl|X|FHFNEIGL_19 position 32178
[11:48:46] Possible /pseudo 'Acetate kinase' at gnl|X|FHFNEIGL_34 position 4122
[11:48:46] Found 831 unique /gene codes.
[11:48:46] Fixed 2 duplicate /gene - thiD_1 thiD_2
[11:48:46] Fixed 2 duplicate /gene - era_1 era_2
[11:48:46] Fixed 2 duplicate /gene - trxA_1 trxA_2
[11:48:46] Fixed 2 duplicate /gene - xerH_1 xerH_2
[11:48:46] Fixed 3 duplicate /gene - fecA_1 fecA_2 fecA_3
[11:48:46] Fixed 2 duplicate /gene - queE_1 queE_2
[11:48:46] Fixed 2 duplicate /gene - rplB_1 rplB_2
[11:48:46] Fixed 2 duplicate /gene - citT_1 citT_2
[11:48:46] Fixed 2 duplicate /gene - lldP_1 lldP_2
[11:48:46] Fixed 2 duplicate /gene - gltX_1 gltX_2
[11:48:46] Fixed 2 duplicate /gene - vapD_1 vapD_2
[11:48:46] Fixed 2 duplicate /gene - nth_1 nth_2
[11:48:46] Fixed 2 duplicate /gene - acpP_1 acpP_2
[11:48:46] Fixed 2 duplicate /gene - hcpC_1 hcpC_2
[11:48:46] Fixed 2 duplicate /gene - yafQ_1 yafQ_2
[11:48:46] Fixed 2 duplicate /gene - pyrC_1 pyrC_2
[11:48:46] Fixed 2 duplicate /gene - ackA_1 ackA_2
[11:48:46] Fixed 2 duplicate /gene - rsgA_1 rsgA_2
[11:48:46] Fixed 2 duplicate /gene - gyrA_1 gyrA_2
[11:48:46] Fixed 2 duplicate /gene - glnP_1 glnP_2
[11:48:46] Fixed 2 duplicate /gene - flgE_1 flgE_2
[11:48:46] Fixed 2 duplicate /gene - htpX_1 htpX_2
[11:48:46] Fixed 2 duplicate /gene - flhB_1 flhB_2
[11:48:46] Fixed 2 duplicate /gene - bhuA_1 bhuA_2
[11:48:46] Fixed 2 duplicate /gene - fliN_1 fliN_2
[11:48:46] Fixed 3 duplicate /gene - hsdR_1 hsdR_2 hsdR_3
[11:48:46] Fixed 2 duplicate /gene - nadK_1 nadK_2
[11:48:46] Fixed 3 duplicate /gene - pta_1 pta_2 pta_3
[11:48:46] Fixed 3 duplicate /gene - mepM_1 mepM_2 mepM_3
[11:48:46] Fixed 3 duplicate /gene - copA_1 copA_2 copA_3
[11:48:46] Fixed 2 duplicate /gene - lpxE_1 lpxE_2
[11:48:46] Fixed 2 duplicate /gene - pyrD_1 pyrD_2
[11:48:46] Fixed 2 duplicate /gene - pyrH_1 pyrH_2
[11:48:46] Fixed 2 duplicate /gene - glyA_1 glyA_2
[11:48:46] Fixed 2 duplicate /gene - topA_1 topA_2
[11:48:46] Fixed 3 duplicate /gene - virB4_1 virB4_2 virB4_3
[11:48:46] Fixed 2 duplicate /gene - cusB_1 cusB_2
[11:48:46] Fixed 2 duplicate /gene - fliP_1 fliP_2
[11:48:46] Fixed 2 duplicate /gene - hcpB_1 hcpB_2
[11:48:46] Fixed 6 duplicate /gene - dpnA_1 dpnA_2 dpnA_3 dpnA_4 dpnA_5 dpnA_6
[11:48:46] Fixed 2 duplicate /gene - flgG_1 flgG_2
[11:48:46] Fixed 3 duplicate /gene - cheV_1 cheV_2 cheV_3
[11:48:46] Fixed 2 duplicate /gene - hydA_1 hydA_2
[11:48:46] Fixed 2 duplicate /gene - pgdA_1 pgdA_2
[11:48:46] Fixed 2 duplicate /gene - mnmA_1 mnmA_2
[11:48:46] Fixed 2 duplicate /gene - rpsJ_1 rpsJ_2
[11:48:46] Fixed 2 duplicate /gene - adeQ_1 adeQ_2
[11:48:46] Fixed 2 duplicate /gene - yohD_1 yohD_2
[11:48:46] Fixed 3 duplicate /gene - exbD_1 exbD_2 exbD_3
[11:48:46] Fixed 2 duplicate /gene - lpxD_1 lpxD_2
[11:48:46] Fixed 2 duplicate /gene - atpF_1 atpF_2
[11:48:46] Fixed 2 duplicate /gene - secY_1 secY_2
[11:48:46] Fixed 2 duplicate /gene - tyrA_1 tyrA_2
[11:48:46] Fixed 2 duplicate /gene - cusA_1 cusA_2
[11:48:46] Fixed 3 duplicate /gene - mutS2_1 mutS2_2 mutS2_3
[11:48:46] Fixed 4 duplicate /gene - vacA_1 vacA_2 vacA_3 vacA_4
[11:48:46] Fixed 2 duplicate /gene - ftsH_1 ftsH_2
[11:48:46] Fixed 2 duplicate /gene - btuF_1 btuF_2
[11:48:46] Fixed 2 duplicate /gene - xseA_1 xseA_2
[11:48:46] Fixed 2 duplicate /gene - atpD_1 atpD_2
[11:48:46] Fixed 3 duplicate /gene - exbB_1 exbB_2 exbB_3
[11:48:46] Fixed 2 duplicate /gene - cobB_1 cobB_2
[11:48:46] Fixed 2 duplicate /gene - hemN_1 hemN_2
[11:48:46] Fixed 2 duplicate /gene - der_1 der_2
[11:48:46] Fixed 64 colliding /gene names.
[11:48:46] Adding /locus_tag identifiers
[11:48:46] Assigned 1610 locus_tags to CDS and RNA features.
[11:48:46] Writing outputs to testing/prokka/GCF_900087475.1/
[11:48:48] Generating annotation statistics file
[11:48:48] Generating Genbank and Sequin files
[11:48:48] Running: tbl2asn -V b -a r10k -l paired-ends -M n -N 1 -y 'Annotated using prokka 1.12 from https://github.com/tseemann/prokka' -Z testing\/prokka\/GCF_900087475\.1\/GCF_900087475\.1\.err -i testing\/prokka\/GCF_900087475\.1\/GCF_900087475\.1\.fsa 2> /dev/null
[11:48:54] Deleting unwanted file: testing/prokka/GCF_900087475.1/errorsummary.val
[11:48:54] Deleting unwanted file: testing/prokka/GCF_900087475.1/GCF_900087475.1.dr
[11:48:54] Deleting unwanted file: testing/prokka/GCF_900087475.1/GCF_900087475.1.fixedproducts
[11:48:54] Deleting unwanted file: testing/prokka/GCF_900087475.1/GCF_900087475.1.ecn
[11:48:54] Deleting unwanted file: testing/prokka/GCF_900087475.1/GCF_900087475.1.val
[11:48:54] Repairing broken .GBK output that tbl2asn produces...
[11:48:54] Running: sed 's/COORDINATES: profile/COORDINATES:profile/' < testing\/prokka\/GCF_900087475\.1\/GCF_900087475\.1\.gbf > testing\/prokka\/GCF_900087475\.1\/GCF_900087475\.1\.gbk
[11:48:54] Deleting unwanted file: testing/prokka/GCF_900087475.1/GCF_900087475.1.gbf
[11:48:54] Output files:
[11:48:54] testing/prokka/GCF_900087475.1/GCF_900087475.1.fsa
[11:48:54] testing/prokka/GCF_900087475.1/GCF_900087475.1.txt
[11:48:54] testing/prokka/GCF_900087475.1/GCF_900087475.1.log
[11:48:54] testing/prokka/GCF_900087475.1/GCF_900087475.1.fna
[11:48:54] testing/prokka/GCF_900087475.1/GCF_900087475.1.ffn
[11:48:54] testing/prokka/GCF_900087475.1/GCF_900087475.1.err
[11:48:54] testing/prokka/GCF_900087475.1/GCF_900087475.1.gff
[11:48:54] testing/prokka/GCF_900087475.1/GCF_900087475.1.tbl
[11:48:54] testing/prokka/GCF_900087475.1/GCF_900087475.1.faa
[11:48:54] testing/prokka/GCF_900087475.1/GCF_900087475.1.gbk
[11:48:54] testing/prokka/GCF_900087475.1/GCF_900087475.1.sqn
[11:48:54] testing/prokka/GCF_900087475.1/GCF_900087475.1.tsv
[11:48:54] Annotation finished successfully.
[11:48:54] Walltime used: 3.67 minutes
[11:48:54] If you use this result please cite the Prokka paper:
[11:48:54] Seemann T (2014) Prokka: rapid prokaryotic genome annotation. Bioinformatics. 30(14):2068-9.
[11:48:54] Type 'prokka --citation' for more details.
[11:48:54] Thank you, come again.
