[11:45:16] This is prokka 1.12
[11:45:16] Written by Torsten Seemann <torsten.seemann@gmail.com>
[11:45:16] Homepage is https://github.com/tseemann/prokka
[11:45:16] Local time is Wed Jan 24 11:45:16 2018
[11:45:16] You are mingzhi
[11:45:16] Operating system is linux
[11:45:16] You have BioPerl 1.007001
[11:45:16] System has 4 cores.
[11:45:16] Will use maximum of 1 cores.
[11:45:16] Annotating as >>> Bacteria <<<
[11:45:16] Generating locus_tag from 'testing/genomes/GCF_900087495.1/GCF_900087495.1_genomic.fna' contents.
[11:45:16] Setting --locustag EKGGEFJM from MD5 e400ef3697804cb96d00e563ded057fb
[11:45:16] Enabling options to ensure Genbank/ENA/DDJB submission compliance.
[11:45:16] Creating new output folder: testing/prokka/GCF_900087495.1
[11:45:16] Running: mkdir -p testing\/prokka\/GCF_900087495\.1
[11:45:16] Using filename prefix: GCF_900087495.1.XXX
[11:45:16] Setting HMMER_NCPU=1
[11:45:16] Writing log to: testing/prokka/GCF_900087495.1/GCF_900087495.1.log
[11:45:16] Command: /home/mingzhi/prokka/bin/prokka --cpus 1 --force --centre X --compliant --outdir testing/prokka/GCF_900087495.1 --prefix GCF_900087495.1 testing/genomes/GCF_900087495.1/GCF_900087495.1_genomic.fna
[11:45:16] Appending to PATH: /home/mingzhi/prokka/bin/../binaries/linux
[11:45:16] Appending to PATH: /home/mingzhi/prokka/bin/../binaries/linux/../common
[11:45:16] Appending to PATH: /home/mingzhi/prokka/bin
[11:45:16] Looking for 'aragorn' - found /home/mingzhi/prokka/bin/../binaries/linux/aragorn
[11:45:16] Determined aragorn version is 1.2
[11:45:16] Looking for 'blastp' - found /usr/bin/blastp
[11:45:16] Determined blastp version is 2.6
[11:45:16] Looking for 'cmpress' - found /usr/bin/cmpress
[11:45:16] Determined cmpress version is 1.1
[11:45:16] Looking for 'cmscan' - found /usr/bin/cmscan
[11:45:16] Determined cmscan version is 1.1
[11:45:16] Looking for 'egrep' - found /bin/egrep
[11:45:16] Looking for 'find' - found /usr/bin/find
[11:45:16] Looking for 'grep' - found /bin/grep
[11:45:16] Looking for 'hmmpress' - found /usr/bin/hmmpress
[11:45:16] Determined hmmpress version is 3.1
[11:45:16] Looking for 'hmmscan' - found /usr/bin/hmmscan
[11:45:16] Determined hmmscan version is 3.1
[11:45:16] Looking for 'java' - found /usr/bin/java
[11:45:16] Looking for 'less' - found /usr/bin/less
[11:45:16] Looking for 'makeblastdb' - found /usr/bin/makeblastdb
[11:45:16] Determined makeblastdb version is 2.6
[11:45:16] Looking for 'minced' - found /home/mingzhi/prokka/bin/../binaries/linux/../common/minced
[11:45:16] Determined minced version is 2.0
[11:45:16] Looking for 'parallel' - found /usr/bin/parallel
[11:45:16] Determined parallel version is 20161222
[11:45:16] Looking for 'prodigal' - found /home/mingzhi/prokka/bin/../binaries/linux/prodigal
[11:45:17] Determined prodigal version is 2.6
[11:45:17] Looking for 'prokka-genbank_to_fasta_db' - found /home/mingzhi/prokka/bin/prokka-genbank_to_fasta_db
[11:45:17] Looking for 'sed' - found /bin/sed
[11:45:17] Looking for 'tbl2asn' - found /home/mingzhi/prokka/bin/../binaries/linux/tbl2asn
[11:45:17] Determined tbl2asn version is 25.3
[11:45:17] Using genetic code table 11.
[11:45:17] Loading and checking input file: testing/genomes/GCF_900087495.1/GCF_900087495.1_genomic.fna
[11:45:17] Skipping short (<200 bp) contig: NZ_FLOP01000067.1
[11:45:17] Skipping short (<200 bp) contig: NZ_FLOP01000068.1
[11:45:17] Skipping short (<200 bp) contig: NZ_FLOP01000069.1
[11:45:17] Skipping short (<200 bp) contig: NZ_FLOP01000070.1
[11:45:17] Skipping short (<200 bp) contig: NZ_FLOP01000071.1
[11:45:17] Wrote 66 contigs totalling 1629786 bp.
[11:45:17] Predicting tRNAs and tmRNAs
[11:45:17] Running: aragorn -l -gc11  -w testing\/prokka\/GCF_900087495\.1\/GCF_900087495\.1\.fna
[11:45:17] 1 tRNA-Met c[17553,17629] 35 (cat)
[11:45:17] 2 tmRNA c[58249,58634] 84,128 VNNTDYAPAYAKAA*
[11:45:17] 3 tRNA-Arg [107767,107843] 35 (cct)
[11:45:17] 1 tRNA-Glu c[56043,56118] 35 (ttc)
[11:45:17] 2 tRNA-Asp c[56181,56257] 35 (gtc)
[11:45:17] 3 tRNA-Val c[56298,56373] 34 (tac)
[11:45:17] 4 tRNA-Glu c[56415,56489] 34 (ttc)
[11:45:17] 5 tRNA-Lys c[56500,56575] 34 (ttt)
[11:45:17] 1 tRNA-Ala [60480,60555] 34 (ggc)
[11:45:17] 2 tRNA-Asn [83462,83536] 33 (gtt)
[11:45:17] 1 tRNA-Ser c[30879,30970] 36 (gct)
[11:45:17] 2 tRNA-Val [49644,49719] 34 (gac)
[11:45:17] 1 tRNA-Pro [35,112] 36 (ggg)
[11:45:17] 2 tRNA-Ser [53062,53149] 35 (gga)
[11:45:17] 1 tRNA-Gly [17508,17582] 33 (gcc)
[11:45:17] 2 tRNA-Leu [17978,18064] 35 (taa)
[11:45:17] 3 tRNA-Cys [18138,18212] 33 (gca)
[11:45:17] 4 tRNA-Ser [18260,18347] 35 (tga)
[11:45:17] 1 tRNA-Leu [29441,29527] 35 (gag)
[11:45:17] 2 tRNA-Leu [29583,29669] 35 (caa)
[11:45:17] 3 tRNA-Thr [35066,35141] 34 (tgt)
[11:45:17] 4 tRNA-Tyr [35169,35253] 35 (gta)
[11:45:17] 5 tRNA-Gly [35269,35345] 35 (tcc)
[11:45:17] 6 tRNA-Thr [35376,35450] 33 (ggt)
[11:45:17] 7 tRNA-Trp [37010,37085] 34 (cca)
[11:45:17] 1 tRNA-Arg [11167,11243] 35 (gcg)
[11:45:17] 2 tRNA-Ala c[35653,35728] 34 (tgc)
[11:45:17] 3 tRNA-Ile c[35743,35819] 35 (gat)
[11:45:17] 4 tRNA-Leu [40603,40687] 35 (tag)
[11:45:17] 1 tRNA-Met c[40325,40402] 36 (cat)
[11:45:17] 1 tRNA-Arg c[325,401] 35 (tct)
[11:45:17] 2 tRNA-Arg c[424,500] 35 (tcg)
[11:45:17] 3 tRNA-His c[558,634] 35 (gtg)
[11:45:17] 4 tRNA-Pro c[700,777] 36 (tgg)
[11:45:17] 1 tRNA-Met c[238,314] 35 (cat)
[11:45:17] 2 tRNA-Gln c[333,407] 33 (ttg)
[11:45:17] 1 tRNA-Phe c[7025,7100] 34 (gaa)
[11:45:17] Found 37 tRNAs
[11:45:17] Predicting Ribosomal RNAs
[11:45:17] You need either Barrnap or RNAmmer installed to predict rRNAs!
[11:45:17] Skipping ncRNA search, enable with --rfam if desired.
[11:45:17] Total of 36 tRNA + rRNA features
[11:45:17] Searching for CRISPR repeats
[11:45:18] Found 0 CRISPRs
[11:45:18] Predicting coding sequences
[11:45:18] Contigs total 1629786 bp, so using single mode
[11:45:18] Running: prodigal -i testing\/prokka\/GCF_900087495\.1\/GCF_900087495\.1\.fna -c -m -g 11 -p single -f sco -q
[11:45:20] Excluding CDS which overlaps existing RNA (tRNA) at gnl|X|EKGGEFJM_1:17591..18712 on - strand
[11:45:21] Excluding CDS which overlaps existing RNA (tRNA) at gnl|X|EKGGEFJM_18:363..989 on + strand
[11:45:21] Found 1538 CDS
[11:45:21] Connecting features back to sequences
[11:45:21] Not using genus-specific database. Try --usegenus to enable it.
[11:45:21] Annotating CDS, please be patient.
[11:45:21] Will use 1 CPUs for similarity searching.
[11:45:22] There are still 1538 unannotated CDS left (started with 1538)
[11:45:22] Will use blast to search against /home/mingzhi/prokka/bin/../db/kingdom/Bacteria/sprot with 1 CPUs
[11:45:22] Running: cat testing\/prokka\/GCF_900087495\.1\/sprot\.faa | parallel --gnu --plain -j 1 --block 247232 --recstart '>' --pipe blastp -query - -db /home/mingzhi/prokka/bin/../db/kingdom/Bacteria/sprot -evalue 1e-06 -num_threads 1 -num_descriptions 1 -num_alignments 1 -seg no > testing\/prokka\/GCF_900087495\.1\/sprot\.blast 2> /dev/null
[11:47:53] Modify product: Probable FMN/FAD exporter YeeO => putative FMN/FAD exporter YeeO
[11:47:53] Modify product: Probable molybdenum cofactor guanylyltransferase => putative molybdenum cofactor guanylyltransferase
[11:47:53] Modify product: Probable adenylyltransferase/sulfurtransferase MoeZ => putative adenylyltransferase/sulfurtransferase MoeZ
[11:47:53] Modify product: Probable type I restriction enzyme BthVORF4518P M protein => putative type I restriction enzymeP M protein
[11:47:53] Modify product: Uncharacterized ABC transporter ATP-binding protein YbiT => putative ABC transporter ATP-binding protein YbiT
[11:47:53] Modify product: Uncharacterized ABC transporter ATP-binding protein HI_1470 => putative ABC transporter ATP-binding protein
[11:47:53] Modify product: Uncharacterized oxidoreductase Rv0484c => putative oxidoreductase
[11:47:54] Modify product: Uncharacterized ABC transporter ATP-binding protein TM_0288 => putative ABC transporter ATP-binding protein
[11:47:54] Modify product: Bifunctional protein FolD => Bifunctional protein FolD protein
[11:47:54] Modify product: Probable peptidoglycan glycosyltransferase FtsW => putative peptidoglycan glycosyltransferase FtsW
[11:47:54] Modify product: Probable peroxiredoxin => putative peroxiredoxin
[11:47:54] Modify product: Probable GTP-binding protein EngB => putative GTP-binding protein EngB
[11:47:54] Modify product: Uncharacterized metal-dependent hydrolase YcfH => putative metal-dependent hydrolase YcfH
[11:47:54] Modify product: Probable undecaprenyl-phosphate N-acetylglucosaminyl 1-phosphate transferase => putative undecaprenyl-phosphate N-acetylglucosaminyl 1-phosphate transferase
[11:47:54] Modify product: N utilization substance protein B homolog => N utilization substance protein B 
[11:47:54] Modify product: Nucleoid-associated protein HP_0035 => Nucleoid-associated protein
[11:47:54] Modify product: Probable transcriptional regulatory protein HP_0162 => putative transcriptional regulatory protein
[11:47:54] Modify product: Uncharacterized protease YdcP => putative protease YdcP
[11:47:54] Modify product: Putative peptidyl-prolyl cis-trans isomerase HP_0175 => Putative peptidyl-prolyl cis-trans isomerase
[11:47:54] Modify product: Carbon storage regulator homolog => Carbon storage regulator 
[11:47:54] Modify product: Probable phospholipid ABC transporter permease protein MlaE => putative phospholipid ABC transporter permease protein MlaE
[11:47:54] Modify product: Probable protein-export membrane protein SecG => putative protein-export membrane protein SecG
[11:47:55] Modify product: Probable nicotinate-nucleotide adenylyltransferase => putative nicotinate-nucleotide adenylyltransferase
[11:47:55] Modify product: Uncharacterized zinc protease Rv2782c => putative zinc protease
[11:47:55] Modify product: Probable nicotinate-nucleotide pyrophosphorylase [carboxylating] => putative nicotinate-nucleotide pyrophosphorylase [carboxylating]
[11:47:55] Modify product: Uncharacterized glycosyltransferase Rv1514c => putative glycosyltransferase
[11:47:55] Modify product: Putative 2-hydroxyacid dehydrogenase HI_1556 => Putative 2-hydroxyacid dehydrogenase
[11:47:55] Modify product: Uncharacterized zinc protease Rv2782c => putative zinc protease
[11:47:55] Modify product: Uncharacterized AAA domain-containing protein Rv2559c => putative AAA domain-containing protein
[11:47:55] Modify product: Aminopeptidase HP_1037 => Aminopeptidase
[11:47:55] Modify product: Probable septum site-determining protein MinC => putative septum site-determining protein MinC
[11:47:55] Modify product: Chemotaxis protein CheY homolog => Chemotaxis protein CheY 
[11:47:55] Modify product: Probable tautomerase HP_0924 => putative tautomerase
[11:47:55] Modify product: Protease HtpX homolog => Protease HtpX 
[11:47:55] Modify product: Probable amino-acid ABC transporter-binding protein HI_1080 => putative amino-acid ABC transporter-binding protein
[11:47:55] Modify product: RutC family protein HI_0719 => RutC family protein
[11:47:55] Modify product: Uncharacterized RNA pseudouridine synthase Rv1540 => putative RNA pseudouridine synthase
[11:47:55] Modify product: Uncharacterized FAD-linked oxidoreductase Rv2280 => putative FAD-linked oxidoreductase
[11:47:55] Modify product: Probable cardiolipin synthase YwiE => putative cardiolipin synthase YwiE
[11:47:55] Modify product: Uncharacterized RNA pseudouridine synthase HP_0347 => putative RNA pseudouridine synthase
[11:47:55] Modify product: Uncharacterized RNA pseudouridine synthase HP_0347 => putative RNA pseudouridine synthase
[11:47:55] Modify product: Uncharacterized FAD-linked oxidoreductase Rv2280 => putative FAD-linked oxidoreductase
[11:47:55] Modify product: Probable cysteine desulfurase => putative cysteine desulfurase
[11:47:55] Modify product: Uncharacterized HIT-like protein HP_0404 => putative HIT-like protein
[11:47:55] Modify product: Probable thiol peroxidase => putative thiol peroxidase
[11:47:55] Modify product: Probable dual-specificity RNA methyltransferase RlmN => putative dual-specificity RNA methyltransferase RlmN
[11:47:56] Modify product: Probable chromosome-partitioning protein ParB => putative chromosome-partitioning protein ParB
[11:47:56] Modify product: Probable formaldehyde dehydrogenase AdhA => putative formaldehyde dehydrogenase AdhA
[11:47:56] Modify product: Probable type I restriction enzyme BthVORF4518P M protein => putative type I restriction enzymeP M protein
[11:47:56] Modify product: Probable BsuMI modification methylase subunit YdiO => putative BsuMI modification methylase subunit YdiO
[11:47:56] Modify product: Uncharacterized GTP-binding protein YjiA => putative GTP-binding protein YjiA
[11:47:56] Modify product: Probable L-asparaginase => putative L-asparaginase
[11:47:56] Cleaned 52 /product names
[11:47:56] Deleting unwanted file: testing/prokka/GCF_900087495.1/sprot.faa
[11:47:56] Deleting unwanted file: testing/prokka/GCF_900087495.1/sprot.blast
[11:47:56] There are still 644 unannotated CDS left (started with 1538)
[11:47:56] Will use hmmer3 to search against /home/mingzhi/prokka/bin/../db/hmm/HAMAP.hmm with 1 CPUs
[11:47:56] Running: cat testing\/prokka\/GCF_900087495\.1\/HAMAP\.hmm\.faa | parallel --gnu --plain -j 1 --block 82403 --recstart '>' --pipe hmmscan --noali --notextw --acc -E 1e-06 --cpu 1 /home/mingzhi/prokka/bin/../db/hmm/HAMAP.hmm /dev/stdin > testing\/prokka\/GCF_900087495\.1\/HAMAP\.hmm\.hmmer3 2> /dev/null
[11:48:38] Deleting unwanted file: testing/prokka/GCF_900087495.1/HAMAP.hmm.faa
[11:48:38] Deleting unwanted file: testing/prokka/GCF_900087495.1/HAMAP.hmm.hmmer3
[11:48:38] Labelling remaining 596 proteins as 'hypothetical protein'
[11:48:38] Possible /pseudo 'Murein DD-endopeptidase MepM' at gnl|X|EKGGEFJM_3 position 8011
[11:48:38] Possible /pseudo 'L-lactate permease' at gnl|X|EKGGEFJM_4 position 19937
[11:48:38] Possible /pseudo 'Citrate carrier' at gnl|X|EKGGEFJM_4 position 23256
[11:48:38] Possible /pseudo 'NAD-dependent protein deacylase' at gnl|X|EKGGEFJM_7 position 12919
[11:48:38] Possible /pseudo 'Acetone carboxylase alpha subunit' at gnl|X|EKGGEFJM_8 position 25610
[11:48:38] Possible /pseudo 'Flagellar biosynthetic protein FliP' at gnl|X|EKGGEFJM_8 position 40784
[11:48:38] Possible /pseudo 'putative RNA pseudouridine synthase' at gnl|X|EKGGEFJM_14 position 20212
[11:48:38] Possible /pseudo 'Glutamine transport system permease protein GlnP' at gnl|X|EKGGEFJM_15 position 28275
[11:48:38] Possible /pseudo 'Acetate kinase' at gnl|X|EKGGEFJM_18 position 4124
[11:48:38] Possible /pseudo 'Phosphate acetyltransferase' at gnl|X|EKGGEFJM_18 position 5187
[11:48:38] Possible /pseudo 'Phosphate acetyltransferase' at gnl|X|EKGGEFJM_18 position 5602
[11:48:38] Found 834 unique /gene codes.
[11:48:38] Fixed 3 duplicate /gene - mepM_1 mepM_2 mepM_3
[11:48:38] Fixed 2 duplicate /gene - hcpC_1 hcpC_2
[11:48:38] Fixed 2 duplicate /gene - fliN_1 fliN_2
[11:48:38] Fixed 2 duplicate /gene - hemN_1 hemN_2
[11:48:38] Fixed 2 duplicate /gene - xerH_1 xerH_2
[11:48:38] Fixed 5 duplicate /gene - dpnA_1 dpnA_2 dpnA_3 dpnA_4 dpnA_5
[11:48:38] Fixed 2 duplicate /gene - acxB_1 acxB_2
[11:48:38] Fixed 2 duplicate /gene - xseA_1 xseA_2
[11:48:38] Fixed 3 duplicate /gene - virB4_1 virB4_2 virB4_3
[11:48:38] Fixed 2 duplicate /gene - flgG_1 flgG_2
[11:48:38] Fixed 2 duplicate /gene - atpF_1 atpF_2
[11:48:38] Fixed 2 duplicate /gene - yohD_1 yohD_2
[11:48:38] Fixed 2 duplicate /gene - hcpB_1 hcpB_2
[11:48:38] Fixed 2 duplicate /gene - ackA_1 ackA_2
[11:48:38] Fixed 2 duplicate /gene - ftsH_1 ftsH_2
[11:48:38] Fixed 2 duplicate /gene - era_1 era_2
[11:48:38] Fixed 2 duplicate /gene - pyrC_1 pyrC_2
[11:48:38] Fixed 2 duplicate /gene - citT_1 citT_2
[11:48:38] Fixed 4 duplicate /gene - vacA_1 vacA_2 vacA_3 vacA_4
[11:48:38] Fixed 2 duplicate /gene - fucT_1 fucT_2
[11:48:38] Fixed 2 duplicate /gene - acpP_1 acpP_2
[11:48:38] Fixed 2 duplicate /gene - topA_1 topA_2
[11:48:38] Fixed 2 duplicate /gene - mnmA_1 mnmA_2
[11:48:38] Fixed 2 duplicate /gene - htpX_1 htpX_2
[11:48:38] Fixed 2 duplicate /gene - glnP_1 glnP_2
[11:48:38] Fixed 2 duplicate /gene - flhB_1 flhB_2
[11:48:38] Fixed 2 duplicate /gene - nth_1 nth_2
[11:48:38] Fixed 2 duplicate /gene - vapD_1 vapD_2
[11:48:38] Fixed 2 duplicate /gene - trxA_1 trxA_2
[11:48:38] Fixed 2 duplicate /gene - atpD_1 atpD_2
[11:48:38] Fixed 2 duplicate /gene - hcpD_1 hcpD_2
[11:48:38] Fixed 2 duplicate /gene - bhuA_1 bhuA_2
[11:48:38] Fixed 3 duplicate /gene - pta_1 pta_2 pta_3
[11:48:38] Fixed 2 duplicate /gene - flgE_1 flgE_2
[11:48:38] Fixed 2 duplicate /gene - copA_1 copA_2
[11:48:38] Fixed 3 duplicate /gene - fecA_1 fecA_2 fecA_3
[11:48:38] Fixed 3 duplicate /gene - hsdR_1 hsdR_2 hsdR_3
[11:48:38] Fixed 2 duplicate /gene - lldP_1 lldP_2
[11:48:38] Fixed 3 duplicate /gene - cheV_1 cheV_2 cheV_3
[11:48:38] Fixed 2 duplicate /gene - fliP_1 fliP_2
[11:48:38] Fixed 2 duplicate /gene - yafQ_1 yafQ_2
[11:48:38] Fixed 2 duplicate /gene - tyrA_1 tyrA_2
[11:48:38] Fixed 2 duplicate /gene - lpxE_1 lpxE_2
[11:48:38] Fixed 2 duplicate /gene - hydA_1 hydA_2
[11:48:38] Fixed 2 duplicate /gene - queE_1 queE_2
[11:48:38] Fixed 2 duplicate /gene - rsrIM_1 rsrIM_2
[11:48:38] Fixed 2 duplicate /gene - pyrD_1 pyrD_2
[11:48:38] Fixed 2 duplicate /gene - cobB_1 cobB_2
[11:48:38] Fixed 3 duplicate /gene - exbB_1 exbB_2 exbB_3
[11:48:38] Fixed 3 duplicate /gene - exbD_1 exbD_2 exbD_3
[11:48:38] Fixed 2 duplicate /gene - der_1 der_2
[11:48:38] Fixed 51 colliding /gene names.
[11:48:38] Adding /locus_tag identifiers
[11:48:38] Assigned 1575 locus_tags to CDS and RNA features.
[11:48:38] Writing outputs to testing/prokka/GCF_900087495.1/
[11:48:40] Generating annotation statistics file
[11:48:40] Generating Genbank and Sequin files
[11:48:40] Running: tbl2asn -V b -a r10k -l paired-ends -M n -N 1 -y 'Annotated using prokka 1.12 from https://github.com/tseemann/prokka' -Z testing\/prokka\/GCF_900087495\.1\/GCF_900087495\.1\.err -i testing\/prokka\/GCF_900087495\.1\/GCF_900087495\.1\.fsa 2> /dev/null
[11:48:46] Deleting unwanted file: testing/prokka/GCF_900087495.1/errorsummary.val
[11:48:46] Deleting unwanted file: testing/prokka/GCF_900087495.1/GCF_900087495.1.dr
[11:48:46] Deleting unwanted file: testing/prokka/GCF_900087495.1/GCF_900087495.1.fixedproducts
[11:48:46] Deleting unwanted file: testing/prokka/GCF_900087495.1/GCF_900087495.1.ecn
[11:48:46] Deleting unwanted file: testing/prokka/GCF_900087495.1/GCF_900087495.1.val
[11:48:46] Repairing broken .GBK output that tbl2asn produces...
[11:48:46] Running: sed 's/COORDINATES: profile/COORDINATES:profile/' < testing\/prokka\/GCF_900087495\.1\/GCF_900087495\.1\.gbf > testing\/prokka\/GCF_900087495\.1\/GCF_900087495\.1\.gbk
[11:48:46] Deleting unwanted file: testing/prokka/GCF_900087495.1/GCF_900087495.1.gbf
[11:48:46] Output files:
[11:48:46] testing/prokka/GCF_900087495.1/GCF_900087495.1.ffn
[11:48:46] testing/prokka/GCF_900087495.1/GCF_900087495.1.tsv
[11:48:46] testing/prokka/GCF_900087495.1/GCF_900087495.1.fsa
[11:48:46] testing/prokka/GCF_900087495.1/GCF_900087495.1.log
[11:48:46] testing/prokka/GCF_900087495.1/GCF_900087495.1.err
[11:48:46] testing/prokka/GCF_900087495.1/GCF_900087495.1.sqn
[11:48:46] testing/prokka/GCF_900087495.1/GCF_900087495.1.tbl
[11:48:46] testing/prokka/GCF_900087495.1/GCF_900087495.1.fna
[11:48:46] testing/prokka/GCF_900087495.1/GCF_900087495.1.gff
[11:48:46] testing/prokka/GCF_900087495.1/GCF_900087495.1.faa
[11:48:46] testing/prokka/GCF_900087495.1/GCF_900087495.1.gbk
[11:48:46] testing/prokka/GCF_900087495.1/GCF_900087495.1.txt
[11:48:46] Annotation finished successfully.
[11:48:46] Walltime used: 3.50 minutes
[11:48:46] If you use this result please cite the Prokka paper:
[11:48:46] Seemann T (2014) Prokka: rapid prokaryotic genome annotation. Bioinformatics. 30(14):2068-9.
[11:48:46] Type 'prokka --citation' for more details.
[11:48:46] Thank you, come again.
