[15:16:05] This is prokka 1.12
[15:16:05] Written by Torsten Seemann <torsten.seemann@gmail.com>
[15:16:05] Homepage is https://github.com/tseemann/prokka
[15:16:05] Local time is Wed Jan 24 15:16:05 2018
[15:16:05] You are mingzhi
[15:16:05] Operating system is linux
[15:16:05] You have BioPerl 1.007001
[15:16:05] System has 4 cores.
[15:16:05] Will use maximum of 1 cores.
[15:16:05] Annotating as >>> Bacteria <<<
[15:16:05] Generating locus_tag from 'examples/genomes/GCF_900087835.1/GCF_900087835.1_genomic.fna' contents.
[15:16:05] Setting --locustag NDKHHKNJ from MD5 7d4114738072c7658f1535c16522030e
[15:16:05] Enabling options to ensure Genbank/ENA/DDJB submission compliance.
[15:16:05] Re-using existing --outdir examples/prokka/GCF_900087835.1
[15:16:05] Using filename prefix: GCF_900087835.1.XXX
[15:16:05] Setting HMMER_NCPU=1
[15:16:05] Writing log to: examples/prokka/GCF_900087835.1/GCF_900087835.1.log
[15:16:05] Command: /home/mingzhi/prokka/bin/prokka --cpus 1 --force --centre X --compliant --outdir examples/prokka/GCF_900087835.1 --prefix GCF_900087835.1 examples/genomes/GCF_900087835.1/GCF_900087835.1_genomic.fna --quiet
[15:16:05] Appending to PATH: /home/mingzhi/prokka/bin/../binaries/linux
[15:16:05] Appending to PATH: /home/mingzhi/prokka/bin/../binaries/linux/../common
[15:16:05] Appending to PATH: /home/mingzhi/prokka/bin
[15:16:05] Looking for 'aragorn' - found /home/mingzhi/prokka/bin/../binaries/linux/aragorn
[15:16:05] Determined aragorn version is 1.2
[15:16:05] Looking for 'blastp' - found /usr/bin/blastp
[15:16:05] Determined blastp version is 2.6
[15:16:05] Looking for 'cmpress' - found /usr/bin/cmpress
[15:16:05] Determined cmpress version is 1.1
[15:16:05] Looking for 'cmscan' - found /usr/bin/cmscan
[15:16:05] Determined cmscan version is 1.1
[15:16:05] Looking for 'egrep' - found /bin/egrep
[15:16:05] Looking for 'find' - found /usr/bin/find
[15:16:05] Looking for 'grep' - found /bin/grep
[15:16:05] Looking for 'hmmpress' - found /usr/bin/hmmpress
[15:16:05] Determined hmmpress version is 3.1
[15:16:05] Looking for 'hmmscan' - found /usr/bin/hmmscan
[15:16:05] Determined hmmscan version is 3.1
[15:16:05] Looking for 'java' - found /usr/bin/java
[15:16:05] Looking for 'less' - found /usr/bin/less
[15:16:05] Looking for 'makeblastdb' - found /usr/bin/makeblastdb
[15:16:05] Determined makeblastdb version is 2.6
[15:16:05] Looking for 'minced' - found /home/mingzhi/prokka/bin/../binaries/linux/../common/minced
[15:16:05] Determined minced version is 2.0
[15:16:05] Looking for 'parallel' - found /usr/bin/parallel
[15:16:05] Determined parallel version is 20161222
[15:16:05] Looking for 'prodigal' - found /home/mingzhi/prokka/bin/../binaries/linux/prodigal
[15:16:05] Determined prodigal version is 2.6
[15:16:05] Looking for 'prokka-genbank_to_fasta_db' - found /home/mingzhi/prokka/bin/prokka-genbank_to_fasta_db
[15:16:05] Looking for 'sed' - found /bin/sed
[15:16:05] Looking for 'tbl2asn' - found /home/mingzhi/prokka/bin/../binaries/linux/tbl2asn
[15:16:05] Determined tbl2asn version is 25.3
[15:16:05] Using genetic code table 11.
[15:16:05] Loading and checking input file: examples/genomes/GCF_900087835.1/GCF_900087835.1_genomic.fna
[15:16:05] Skipping short (<200 bp) contig: NZ_FLPA01000055.1
[15:16:05] Skipping short (<200 bp) contig: NZ_FLPA01000059.1
[15:16:05] Skipping short (<200 bp) contig: NZ_FLPA01000067.1
[15:16:05] Skipping short (<200 bp) contig: NZ_FLPA01000069.1
[15:16:05] Wrote 65 contigs totalling 1630793 bp.
[15:16:05] Predicting tRNAs and tmRNAs
[15:16:05] Running: aragorn -l -gc11  -w examples\/prokka\/GCF_900087835\.1\/GCF_900087835\.1\.fna
[15:16:06] 1 tRNA-Phe [92738,92813] 34 (gaa)
[15:16:06] 1 tRNA-Met c[17574,17650] 35 (cat)
[15:16:06] 2 tmRNA c[58248,58633] 84,128 VNNTDYAPAYAKAA*
[15:16:06] 1 tRNA-Arg [41602,41678] 35 (cct)
[15:16:06] 1 tRNA-Arg [11179,11255] 35 (gcg)
[15:16:06] 2 tRNA-Ala c[35663,35738] 34 (tgc)
[15:16:06] 3 tRNA-Ile c[35753,35829] 35 (gat)
[15:16:06] 4 tRNA-Leu [40613,40697] 35 (tag)
[15:16:06] 1 tRNA-Gly [17526,17600] 33 (gcc)
[15:16:06] 2 tRNA-Leu [17996,18082] 35 (taa)
[15:16:06] 3 tRNA-Cys [18156,18230] 33 (gca)
[15:16:06] 4 tRNA-Ser [18278,18365] 35 (tga)
[15:16:06] 1 tRNA-Met [7729,7806] 36 (cat)
[15:16:06] 1 tRNA-Trp c[22095,22170] 34 (cca)
[15:16:06] 2 tRNA-Thr c[23731,23805] 33 (ggt)
[15:16:06] 3 tRNA-Gly c[23836,23912] 35 (tcc)
[15:16:06] 4 tRNA-Tyr c[23929,24013] 35 (gta)
[15:16:06] 5 tRNA-Thr c[24041,24116] 34 (tgt)
[15:16:06] 6 tRNA-Leu c[29515,29601] 35 (caa)
[15:16:06] 7 tRNA-Leu c[29657,29743] 35 (gag)
[15:16:06] 1 tRNA-Pro [53,130] 36 (ggg)
[15:16:06] 2 tRNA-Ser [53082,53169] 35 (gga)
[15:16:06] 1 tRNA-Arg c[343,419] 35 (tct)
[15:16:06] 2 tRNA-Arg c[442,518] 35 (tcg)
[15:16:06] 3 tRNA-His c[576,652] 35 (gtg)
[15:16:06] 4 tRNA-Pro c[718,795] 36 (tgg)
[15:16:06] 1 tRNA-Lys [56851,56926] 34 (ttt)
[15:16:06] 2 tRNA-Glu [56937,57011] 34 (ttc)
[15:16:06] 3 tRNA-Val [57053,57128] 34 (tac)
[15:16:06] 4 tRNA-Asp [57169,57245] 35 (gtc)
[15:16:06] 5 tRNA-Glu [57308,57383] 35 (ttc)
[15:16:06] 1 tRNA-Ala [69663,69738] 34 (ggc)
[15:16:06] 2 tRNA-Asn [92645,92719] 33 (gtt)
[15:16:06] 1 tRNA-Gln [37040,37114] 33 (ttg)
[15:16:06] 2 tRNA-Met [37133,37209] 35 (cat)
[15:16:06] 1 tRNA-Ser c[2503,2594] 36 (gct)
[15:16:06] 2 tRNA-Val [21298,21373] 34 (gac)
[15:16:06] Found 37 tRNAs
[15:16:06] Predicting Ribosomal RNAs
[15:16:06] You need either Barrnap or RNAmmer installed to predict rRNAs!
[15:16:06] Skipping ncRNA search, enable with --rfam if desired.
[15:16:06] Total of 36 tRNA + rRNA features
[15:16:06] Searching for CRISPR repeats
[15:16:07] Found 0 CRISPRs
[15:16:07] Predicting coding sequences
[15:16:07] Contigs total 1630793 bp, so using single mode
[15:16:07] Running: prodigal -i examples\/prokka\/GCF_900087835\.1\/GCF_900087835\.1\.fna -c -m -g 11 -p single -f sco -q
[15:16:08] Excluding CDS which overlaps existing RNA (tRNA) at gnl|X|NDKHHKNJ_5:17612..18733 on - strand
[15:16:09] Excluding CDS which overlaps existing RNA (tRNA) at gnl|X|NDKHHKNJ_29:36458..37084 on - strand
[15:16:10] Found 1526 CDS
[15:16:10] Connecting features back to sequences
[15:16:10] Not using genus-specific database. Try --usegenus to enable it.
[15:16:10] Annotating CDS, please be patient.
[15:16:10] Will use 1 CPUs for similarity searching.
[15:16:10] There are still 1526 unannotated CDS left (started with 1526)
[15:16:10] Will use blast to search against /home/mingzhi/prokka/bin/../db/kingdom/Bacteria/sprot with 1 CPUs
[15:16:10] Running: cat examples\/prokka\/GCF_900087835\.1\/sprot\.faa | parallel --gnu --plain -j 1 --block 248239 --recstart '>' --pipe blastp -query - -db /home/mingzhi/prokka/bin/../db/kingdom/Bacteria/sprot -evalue 1e-06 -num_threads 1 -num_descriptions 1 -num_alignments 1 -seg no > examples\/prokka\/GCF_900087835\.1\/sprot\.blast 2> /dev/null
[15:18:27] Modify product: Probable type I restriction enzyme BthVORF4518P M protein => putative type I restriction enzymeP M protein
[15:18:27] Modify product: Uncharacterized FAD-linked oxidoreductase Rv2280 => putative FAD-linked oxidoreductase
[15:18:27] Modify product: Carbon storage regulator homolog => Carbon storage regulator 
[15:18:27] Modify product: Probable phospholipid ABC transporter permease protein MlaE => putative phospholipid ABC transporter permease protein MlaE
[15:18:28] Modify product: Probable FMN/FAD exporter YeeO => putative FMN/FAD exporter YeeO
[15:18:28] Modify product: Probable molybdenum cofactor guanylyltransferase => putative molybdenum cofactor guanylyltransferase
[15:18:28] Modify product: Probable adenylyltransferase/sulfurtransferase MoeZ => putative adenylyltransferase/sulfurtransferase MoeZ
[15:18:28] Modify product: Probable cardiolipin synthase YwiE => putative cardiolipin synthase YwiE
[15:18:28] Modify product: Uncharacterized RNA pseudouridine synthase HP_0347 => putative RNA pseudouridine synthase
[15:18:28] Modify product: Probable tautomerase HP_0924 => putative tautomerase
[15:18:28] Modify product: Protease HtpX homolog => Protease HtpX 
[15:18:28] Modify product: Probable amino-acid ABC transporter-binding protein HI_1080 => putative amino-acid ABC transporter-binding protein
[15:18:28] Modify product: RutC family protein HI_0719 => RutC family protein
[15:18:28] Modify product: Uncharacterized RNA pseudouridine synthase Rv1540 => putative RNA pseudouridine synthase
[15:18:28] Modify product: Uncharacterized zinc protease Rv2782c => putative zinc protease
[15:18:28] Modify product: Uncharacterized AAA domain-containing protein Rv2559c => putative AAA domain-containing protein
[15:18:28] Modify product: Aminopeptidase HP_1037 => Aminopeptidase
[15:18:28] Modify product: Probable septum site-determining protein MinC => putative septum site-determining protein MinC
[15:18:28] Modify product: Chemotaxis protein CheY homolog => Chemotaxis protein CheY 
[15:18:28] Modify product: Probable formaldehyde dehydrogenase AdhA => putative formaldehyde dehydrogenase AdhA
[15:18:28] Modify product: Probable nicotinate-nucleotide pyrophosphorylase [carboxylating] => putative nicotinate-nucleotide pyrophosphorylase [carboxylating]
[15:18:28] Modify product: Probable undecaprenyl-phosphate N-acetylglucosaminyl 1-phosphate transferase => putative undecaprenyl-phosphate N-acetylglucosaminyl 1-phosphate transferase
[15:18:28] Modify product: Uncharacterized metal-dependent hydrolase YcfH => putative metal-dependent hydrolase YcfH
[15:18:28] Modify product: Probable GTP-binding protein EngB => putative GTP-binding protein EngB
[15:18:28] Modify product: Probable peroxiredoxin => putative peroxiredoxin
[15:18:28] Modify product: Bifunctional protein FolD => Bifunctional protein FolD protein
[15:18:28] Modify product: Uncharacterized ABC transporter ATP-binding protein TM_0288 => putative ABC transporter ATP-binding protein
[15:18:28] Modify product: Uncharacterized oxidoreductase Rv0484c => putative oxidoreductase
[15:18:28] Modify product: Uncharacterized ABC transporter ATP-binding protein HI_1470 => putative ABC transporter ATP-binding protein
[15:18:28] Modify product: Uncharacterized ABC transporter ATP-binding protein YbiT => putative ABC transporter ATP-binding protein YbiT
[15:18:28] Modify product: Probable type I restriction enzyme BthVORF4518P M protein => putative type I restriction enzymeP M protein
[15:18:28] Modify product: Probable transcriptional regulatory protein HP_0162 => putative transcriptional regulatory protein
[15:18:28] Modify product: Putative 2-hydroxyacid dehydrogenase HI_1556 => Putative 2-hydroxyacid dehydrogenase
[15:18:28] Modify product: Uncharacterized glycosyltransferase Rv1514c => putative glycosyltransferase
[15:18:28] Modify product: Probable protein-export membrane protein SecG => putative protein-export membrane protein SecG
[15:18:29] Modify product: Uncharacterized zinc protease Rv2782c => putative zinc protease
[15:18:29] Modify product: Putative peptidyl-prolyl cis-trans isomerase HP_0175 => Putative peptidyl-prolyl cis-trans isomerase
[15:18:29] Modify product: Uncharacterized protease YdcP => putative protease YdcP
[15:18:29] Modify product: Probable cysteine desulfurase => putative cysteine desulfurase
[15:18:29] Modify product: Uncharacterized HIT-like protein HP_0404 => putative HIT-like protein
[15:18:29] Modify product: Probable thiol peroxidase => putative thiol peroxidase
[15:18:29] Modify product: Nucleoid-associated protein HP_0035 => Nucleoid-associated protein
[15:18:29] Modify product: N utilization substance protein B homolog => N utilization substance protein B 
[15:18:29] Modify product: Uncharacterized GTP-binding protein YjiA => putative GTP-binding protein YjiA
[15:18:29] Modify product: Probable chromosome-partitioning protein ParB => putative chromosome-partitioning protein ParB
[15:18:29] Modify product: Probable peptidoglycan glycosyltransferase FtsW => putative peptidoglycan glycosyltransferase FtsW
[15:18:29] Modify product: Probable BsuMI modification methylase subunit YdiO => putative BsuMI modification methylase subunit YdiO
[15:18:29] Modify product: Probable nicotinate-nucleotide adenylyltransferase => putative nicotinate-nucleotide adenylyltransferase
[15:18:29] Modify product: Probable dual-specificity RNA methyltransferase RlmN => putative dual-specificity RNA methyltransferase RlmN
[15:18:29] Modify product: Probable L-asparaginase => putative L-asparaginase
[15:18:29] Cleaned 50 /product names
[15:18:29] Deleting unwanted file: examples/prokka/GCF_900087835.1/sprot.faa
[15:18:29] Deleting unwanted file: examples/prokka/GCF_900087835.1/sprot.blast
[15:18:30] There are still 638 unannotated CDS left (started with 1526)
[15:18:30] Will use hmmer3 to search against /home/mingzhi/prokka/bin/../db/hmm/HAMAP.hmm with 1 CPUs
[15:18:30] Running: cat examples\/prokka\/GCF_900087835\.1\/HAMAP\.hmm\.faa | parallel --gnu --plain -j 1 --block 83496 --recstart '>' --pipe hmmscan --noali --notextw --acc -E 1e-06 --cpu 1 /home/mingzhi/prokka/bin/../db/hmm/HAMAP.hmm /dev/stdin > examples\/prokka\/GCF_900087835\.1\/HAMAP\.hmm\.hmmer3 2> /dev/null
[15:19:02] Deleting unwanted file: examples/prokka/GCF_900087835.1/HAMAP.hmm.faa
[15:19:02] Deleting unwanted file: examples/prokka/GCF_900087835.1/HAMAP.hmm.hmmer3
[15:19:02] Labelling remaining 590 proteins as 'hypothetical protein'
[15:19:02] Possible /pseudo 'Glutamine transport system permease protein GlnP' at gnl|X|NDKHHKNJ_9 position 19858
[15:19:02] Possible /pseudo 'Citrate carrier' at gnl|X|NDKHHKNJ_18 position 17126
[15:19:02] Possible /pseudo 'L-lactate permease' at gnl|X|NDKHHKNJ_18 position 20496
[15:19:02] Possible /pseudo 'NAD-dependent protein deacylase' at gnl|X|NDKHHKNJ_21 position 12915
[15:19:02] Possible /pseudo 'Acetone carboxylase alpha subunit' at gnl|X|NDKHHKNJ_22 position 25630
[15:19:02] Possible /pseudo 'Flagellar biosynthetic protein FliP' at gnl|X|NDKHHKNJ_22 position 40804
[15:19:02] Possible /pseudo 'Phosphate acetyltransferase' at gnl|X|NDKHHKNJ_29 position 31889
[15:19:02] Possible /pseudo 'Phosphate acetyltransferase' at gnl|X|NDKHHKNJ_29 position 32206
[15:19:02] Possible /pseudo 'Acetate kinase' at gnl|X|NDKHHKNJ_29 position 33289
[15:19:02] Possible /pseudo 'Murein DD-endopeptidase MepM' at gnl|X|NDKHHKNJ_31 position 19983
[15:19:03] Found 831 unique /gene codes.
[15:19:03] Fixed 2 duplicate /gene - topA_1 topA_2
[15:19:03] Fixed 2 duplicate /gene - citT_1 citT_2
[15:19:03] Fixed 2 duplicate /gene - htpX_1 htpX_2
[15:19:03] Fixed 2 duplicate /gene - lldP_1 lldP_2
[15:19:03] Fixed 3 duplicate /gene - cheV_1 cheV_2 cheV_3
[15:19:03] Fixed 2 duplicate /gene - xseA_1 xseA_2
[15:19:03] Fixed 3 duplicate /gene - virB4_1 virB4_2 virB4_3
[15:19:03] Fixed 2 duplicate /gene - atpF_1 atpF_2
[15:19:03] Fixed 2 duplicate /gene - cobB_1 cobB_2
[15:19:03] Fixed 2 duplicate /gene - vapD_1 vapD_2
[15:19:03] Fixed 2 duplicate /gene - glnP_1 glnP_2
[15:19:03] Fixed 2 duplicate /gene - mnmA_1 mnmA_2
[15:19:03] Fixed 2 duplicate /gene - lpxE_1 lpxE_2
[15:19:03] Fixed 2 duplicate /gene - fliP_1 fliP_2
[15:19:03] Fixed 5 duplicate /gene - dpnA_1 dpnA_2 dpnA_3 dpnA_4 dpnA_5
[15:19:03] Fixed 2 duplicate /gene - pyrD_1 pyrD_2
[15:19:03] Fixed 2 duplicate /gene - der_1 der_2
[15:19:03] Fixed 4 duplicate /gene - vacA_1 vacA_2 vacA_3 vacA_4
[15:19:03] Fixed 3 duplicate /gene - exbB_1 exbB_2 exbB_3
[15:19:03] Fixed 2 duplicate /gene - era_1 era_2
[15:19:03] Fixed 2 duplicate /gene - xerH_1 xerH_2
[15:19:03] Fixed 2 duplicate /gene - yohD_1 yohD_2
[15:19:03] Fixed 2 duplicate /gene - nth_1 nth_2
[15:19:03] Fixed 2 duplicate /gene - ackA_1 ackA_2
[15:19:03] Fixed 2 duplicate /gene - trxA_1 trxA_2
[15:19:03] Fixed 2 duplicate /gene - atpD_1 atpD_2
[15:19:03] Fixed 2 duplicate /gene - hemN_1 hemN_2
[15:19:03] Fixed 2 duplicate /gene - copA_1 copA_2
[15:19:03] Fixed 2 duplicate /gene - smc_1 smc_2
[15:19:03] Fixed 2 duplicate /gene - ftsH_1 ftsH_2
[15:19:03] Fixed 2 duplicate /gene - pyrC_1 pyrC_2
[15:19:03] Fixed 2 duplicate /gene - hcpB_1 hcpB_2
[15:19:03] Fixed 3 duplicate /gene - mepM_1 mepM_2 mepM_3
[15:19:03] Fixed 2 duplicate /gene - acxB_1 acxB_2
[15:19:03] Fixed 2 duplicate /gene - acpP_1 acpP_2
[15:19:03] Fixed 2 duplicate /gene - flhB_1 flhB_2
[15:19:03] Fixed 2 duplicate /gene - fliN_1 fliN_2
[15:19:03] Fixed 2 duplicate /gene - flgG_1 flgG_2
[15:19:03] Fixed 3 duplicate /gene - exbD_1 exbD_2 exbD_3
[15:19:03] Fixed 3 duplicate /gene - fecA_1 fecA_2 fecA_3
[15:19:03] Fixed 2 duplicate /gene - flgE_1 flgE_2
[15:19:03] Fixed 3 duplicate /gene - hsdR_1 hsdR_2 hsdR_3
[15:19:03] Fixed 2 duplicate /gene - hcpC_1 hcpC_2
[15:19:03] Fixed 2 duplicate /gene - tyrA_1 tyrA_2
[15:19:03] Fixed 2 duplicate /gene - queE_1 queE_2
[15:19:03] Fixed 2 duplicate /gene - yafQ_1 yafQ_2
[15:19:03] Fixed 2 duplicate /gene - hcpD_1 hcpD_2
[15:19:03] Fixed 2 duplicate /gene - bhuA_1 bhuA_2
[15:19:03] Fixed 2 duplicate /gene - hydA_1 hydA_2
[15:19:03] Fixed 3 duplicate /gene - pta_1 pta_2 pta_3
[15:19:03] Fixed 50 colliding /gene names.
[15:19:03] Adding /locus_tag identifiers
[15:19:03] Assigned 1563 locus_tags to CDS and RNA features.
[15:19:03] Writing outputs to examples/prokka/GCF_900087835.1/
[15:19:04] Generating annotation statistics file
[15:19:04] Generating Genbank and Sequin files
[15:19:04] Running: tbl2asn -V b -a r10k -l paired-ends -M n -N 1 -y 'Annotated using prokka 1.12 from https://github.com/tseemann/prokka' -Z examples\/prokka\/GCF_900087835\.1\/GCF_900087835\.1\.err -i examples\/prokka\/GCF_900087835\.1\/GCF_900087835\.1\.fsa 2> /dev/null
[15:19:09] Deleting unwanted file: examples/prokka/GCF_900087835.1/errorsummary.val
[15:19:09] Deleting unwanted file: examples/prokka/GCF_900087835.1/GCF_900087835.1.dr
[15:19:09] Deleting unwanted file: examples/prokka/GCF_900087835.1/GCF_900087835.1.fixedproducts
[15:19:09] Deleting unwanted file: examples/prokka/GCF_900087835.1/GCF_900087835.1.ecn
[15:19:09] Deleting unwanted file: examples/prokka/GCF_900087835.1/GCF_900087835.1.val
[15:19:09] Repairing broken .GBK output that tbl2asn produces...
[15:19:09] Running: sed 's/COORDINATES: profile/COORDINATES:profile/' < examples\/prokka\/GCF_900087835\.1\/GCF_900087835\.1\.gbf > examples\/prokka\/GCF_900087835\.1\/GCF_900087835\.1\.gbk
[15:19:09] Deleting unwanted file: examples/prokka/GCF_900087835.1/GCF_900087835.1.gbf
[15:19:09] Output files:
[15:19:09] examples/prokka/GCF_900087835.1/GCF_900087835.1.txt
[15:19:09] examples/prokka/GCF_900087835.1/GCF_900087835.1.tsv
[15:19:09] examples/prokka/GCF_900087835.1/GCF_900087835.1.err
[15:19:09] examples/prokka/GCF_900087835.1/GCF_900087835.1.fna
[15:19:09] examples/prokka/GCF_900087835.1/GCF_900087835.1.gff
[15:19:09] examples/prokka/GCF_900087835.1/GCF_900087835.1.log
[15:19:09] examples/prokka/GCF_900087835.1/GCF_900087835.1.gbk
[15:19:09] examples/prokka/GCF_900087835.1/GCF_900087835.1.tbl
[15:19:09] examples/prokka/GCF_900087835.1/GCF_900087835.1.ffn
[15:19:09] examples/prokka/GCF_900087835.1/GCF_900087835.1.sqn
[15:19:09] examples/prokka/GCF_900087835.1/GCF_900087835.1.faa
[15:19:09] examples/prokka/GCF_900087835.1/GCF_900087835.1.fsa
[15:19:09] Annotation finished successfully.
[15:19:09] Walltime used: 3.07 minutes
[15:19:09] If you use this result please cite the Prokka paper:
[15:19:09] Seemann T (2014) Prokka: rapid prokaryotic genome annotation. Bioinformatics. 30(14):2068-9.
[15:19:09] Type 'prokka --citation' for more details.
[15:19:09] Thank you, come again.
