[15:09:59] This is prokka 1.12
[15:09:59] Written by Torsten Seemann <torsten.seemann@gmail.com>
[15:09:59] Homepage is https://github.com/tseemann/prokka
[15:09:59] Local time is Wed Jan 24 15:09:59 2018
[15:09:59] You are mingzhi
[15:09:59] Operating system is linux
[15:09:59] You have BioPerl 1.007001
[15:09:59] System has 4 cores.
[15:09:59] Will use maximum of 1 cores.
[15:09:59] Annotating as >>> Bacteria <<<
[15:09:59] Generating locus_tag from 'examples/genomes/GCF_900087595.1/GCF_900087595.1_genomic.fna' contents.
[15:09:59] Setting --locustag GEBNMNOD from MD5 0eb7678d6892f064809ce059c3595b6b
[15:09:59] Enabling options to ensure Genbank/ENA/DDJB submission compliance.
[15:09:59] Re-using existing --outdir examples/prokka/GCF_900087595.1
[15:09:59] Using filename prefix: GCF_900087595.1.XXX
[15:09:59] Setting HMMER_NCPU=1
[15:09:59] Writing log to: examples/prokka/GCF_900087595.1/GCF_900087595.1.log
[15:09:59] Command: /home/mingzhi/prokka/bin/prokka --cpus 1 --force --centre X --compliant --outdir examples/prokka/GCF_900087595.1 --prefix GCF_900087595.1 examples/genomes/GCF_900087595.1/GCF_900087595.1_genomic.fna --quiet
[15:09:59] Appending to PATH: /home/mingzhi/prokka/bin/../binaries/linux
[15:09:59] Appending to PATH: /home/mingzhi/prokka/bin/../binaries/linux/../common
[15:09:59] Appending to PATH: /home/mingzhi/prokka/bin
[15:09:59] Looking for 'aragorn' - found /home/mingzhi/prokka/bin/../binaries/linux/aragorn
[15:09:59] Determined aragorn version is 1.2
[15:09:59] Looking for 'blastp' - found /usr/bin/blastp
[15:09:59] Determined blastp version is 2.6
[15:09:59] Looking for 'cmpress' - found /usr/bin/cmpress
[15:09:59] Determined cmpress version is 1.1
[15:09:59] Looking for 'cmscan' - found /usr/bin/cmscan
[15:09:59] Determined cmscan version is 1.1
[15:09:59] Looking for 'egrep' - found /bin/egrep
[15:09:59] Looking for 'find' - found /usr/bin/find
[15:09:59] Looking for 'grep' - found /bin/grep
[15:09:59] Looking for 'hmmpress' - found /usr/bin/hmmpress
[15:09:59] Determined hmmpress version is 3.1
[15:09:59] Looking for 'hmmscan' - found /usr/bin/hmmscan
[15:09:59] Determined hmmscan version is 3.1
[15:09:59] Looking for 'java' - found /usr/bin/java
[15:09:59] Looking for 'less' - found /usr/bin/less
[15:09:59] Looking for 'makeblastdb' - found /usr/bin/makeblastdb
[15:09:59] Determined makeblastdb version is 2.6
[15:09:59] Looking for 'minced' - found /home/mingzhi/prokka/bin/../binaries/linux/../common/minced
[15:10:00] Determined minced version is 2.0
[15:10:00] Looking for 'parallel' - found /usr/bin/parallel
[15:10:00] Determined parallel version is 20161222
[15:10:00] Looking for 'prodigal' - found /home/mingzhi/prokka/bin/../binaries/linux/prodigal
[15:10:00] Determined prodigal version is 2.6
[15:10:00] Looking for 'prokka-genbank_to_fasta_db' - found /home/mingzhi/prokka/bin/prokka-genbank_to_fasta_db
[15:10:00] Looking for 'sed' - found /bin/sed
[15:10:00] Looking for 'tbl2asn' - found /home/mingzhi/prokka/bin/../binaries/linux/tbl2asn
[15:10:00] Determined tbl2asn version is 25.3
[15:10:00] Using genetic code table 11.
[15:10:00] Loading and checking input file: examples/genomes/GCF_900087595.1/GCF_900087595.1_genomic.fna
[15:10:00] Skipping short (<200 bp) contig: NZ_FLOY01000054.1
[15:10:00] Skipping short (<200 bp) contig: NZ_FLOY01000063.1
[15:10:00] Wrote 62 contigs totalling 1632951 bp.
[15:10:00] Predicting tRNAs and tmRNAs
[15:10:00] Running: aragorn -l -gc11  -w examples\/prokka\/GCF_900087595\.1\/GCF_900087595\.1\.fna
[15:10:01] 1 tRNA-Phe c[7050,7125] 34 (gaa)
[15:10:01] 1 tRNA-Met c[1472,1548] 35 (cat)
[15:10:01] 2 tRNA-Gln c[1567,1641] 33 (ttg)
[15:10:01] 1 tRNA-Met c[17575,17651] 35 (cat)
[15:10:01] 2 tmRNA c[58349,58734] 84,128 VNNTDYAPAYAKAA*
[15:10:01] 1 tRNA-Arg [12690,12766] 35 (gcg)
[15:10:01] 2 tRNA-Ala c[37179,37254] 34 (tgc)
[15:10:01] 3 tRNA-Ile c[37269,37345] 35 (gat)
[15:10:01] 4 tRNA-Leu [42129,42213] 35 (tag)
[15:10:01] 1 tRNA-Arg c[11982,12058] 35 (cct)
[15:10:01] 1 tRNA-Ala [69661,69736] 34 (ggc)
[15:10:01] 2 tRNA-Asn [92643,92717] 33 (gtt)
[15:10:01] 1 tRNA-Trp c[16916,16991] 34 (cca)
[15:10:01] 2 tRNA-Thr c[18551,18625] 33 (ggt)
[15:10:01] 3 tRNA-Gly c[18656,18732] 35 (tcc)
[15:10:01] 4 tRNA-Tyr c[18748,18832] 35 (gta)
[15:10:01] 5 tRNA-Thr c[18860,18935] 34 (tgt)
[15:10:01] 6 tRNA-Leu c[24320,24406] 35 (caa)
[15:10:01] 7 tRNA-Leu c[24462,24548] 35 (gag)
[15:10:01] 1 tRNA-Pro [54,131] 36 (ggg)
[15:10:01] 2 tRNA-Ser [53086,53173] 35 (gga)
[15:10:01] 1 tRNA-Pro [34635,34712] 36 (tgg)
[15:10:01] 2 tRNA-His [34778,34854] 35 (gtg)
[15:10:01] 3 tRNA-Arg [34912,34988] 35 (tcg)
[15:10:01] 4 tRNA-Arg [35011,35087] 35 (tct)
[15:10:01] 1 tRNA-Met c[39693,39770] 36 (cat)
[15:10:01] 1 tRNA-Ser c[38743,38830] 35 (tga)
[15:10:01] 2 tRNA-Cys c[38878,38952] 33 (gca)
[15:10:01] 3 tRNA-Leu c[39026,39112] 35 (taa)
[15:10:01] 4 tRNA-Gly c[39508,39582] 33 (gcc)
[15:10:01] 1 tRNA-Ser c[31017,31108] 36 (gct)
[15:10:01] 2 tRNA-Val [49783,49858] 34 (gac)
[15:10:01] 3 tRNA-Lys [123359,123434] 34 (ttt)
[15:10:01] 4 tRNA-Glu [123445,123519] 34 (ttc)
[15:10:01] 5 tRNA-Val [123561,123636] 34 (tac)
[15:10:01] 6 tRNA-Asp [123677,123753] 35 (gtc)
[15:10:01] 7 tRNA-Glu [123816,123891] 35 (ttc)
[15:10:01] Found 37 tRNAs
[15:10:01] Predicting Ribosomal RNAs
[15:10:01] You need either Barrnap or RNAmmer installed to predict rRNAs!
[15:10:01] Skipping ncRNA search, enable with --rfam if desired.
[15:10:01] Total of 36 tRNA + rRNA features
[15:10:01] Searching for CRISPR repeats
[15:10:01] Found 0 CRISPRs
[15:10:01] Predicting coding sequences
[15:10:01] Contigs total 1632951 bp, so using single mode
[15:10:01] Running: prodigal -i examples\/prokka\/GCF_900087595\.1\/GCF_900087595\.1\.fna -c -m -g 11 -p single -f sco -q
[15:10:03] Excluding CDS which overlaps existing RNA (tRNA) at gnl|X|GEBNMNOD_6:1597..2223 on + strand
[15:10:03] Excluding CDS which overlaps existing RNA (tRNA) at gnl|X|GEBNMNOD_7:17613..18734 on - strand
[15:10:04] Found 1527 CDS
[15:10:04] Connecting features back to sequences
[15:10:04] Not using genus-specific database. Try --usegenus to enable it.
[15:10:04] Annotating CDS, please be patient.
[15:10:04] Will use 1 CPUs for similarity searching.
[15:10:05] There are still 1527 unannotated CDS left (started with 1527)
[15:10:05] Will use blast to search against /home/mingzhi/prokka/bin/../db/kingdom/Bacteria/sprot with 1 CPUs
[15:10:05] Running: cat examples\/prokka\/GCF_900087595\.1\/sprot\.faa | parallel --gnu --plain -j 1 --block 248237 --recstart '>' --pipe blastp -query - -db /home/mingzhi/prokka/bin/../db/kingdom/Bacteria/sprot -evalue 1e-06 -num_threads 1 -num_descriptions 1 -num_alignments 1 -seg no > examples\/prokka\/GCF_900087595\.1\/sprot\.blast 2> /dev/null
[15:12:21] Modify product: Probable undecaprenyl-phosphate N-acetylglucosaminyl 1-phosphate transferase => putative undecaprenyl-phosphate N-acetylglucosaminyl 1-phosphate transferase
[15:12:21] Modify product: Uncharacterized metal-dependent hydrolase YcfH => putative metal-dependent hydrolase YcfH
[15:12:21] Modify product: Probable GTP-binding protein EngB => putative GTP-binding protein EngB
[15:12:21] Modify product: Probable peroxiredoxin => putative peroxiredoxin
[15:12:22] Modify product: Probable phospholipid ABC transporter permease protein MlaE => putative phospholipid ABC transporter permease protein MlaE
[15:12:22] Modify product: Carbon storage regulator homolog => Carbon storage regulator 
[15:12:22] Modify product: Probable dual-specificity RNA methyltransferase RlmN => putative dual-specificity RNA methyltransferase RlmN
[15:12:22] Modify product: Probable type I restriction enzyme BthVORF4518P M protein => putative type I restriction enzymeP M protein
[15:12:22] Modify product: Uncharacterized ABC transporter ATP-binding protein YbiT => putative ABC transporter ATP-binding protein YbiT
[15:12:22] Modify product: Uncharacterized ABC transporter ATP-binding protein HI_1470 => putative ABC transporter ATP-binding protein
[15:12:22] Modify product: Uncharacterized oxidoreductase Rv0484c => putative oxidoreductase
[15:12:22] Modify product: Probable peptidoglycan glycosyltransferase FtsW => putative peptidoglycan glycosyltransferase FtsW
[15:12:22] Modify product: Uncharacterized RNA pseudouridine synthase Rv1540 => putative RNA pseudouridine synthase
[15:12:22] Modify product: Probable FMN/FAD exporter YeeO => putative FMN/FAD exporter YeeO
[15:12:22] Modify product: Probable molybdenum cofactor guanylyltransferase => putative molybdenum cofactor guanylyltransferase
[15:12:22] Modify product: Uncharacterized ABC transporter ATP-binding protein TM_0288 => putative ABC transporter ATP-binding protein
[15:12:22] Modify product: Bifunctional protein FolD => Bifunctional protein FolD protein
[15:12:22] Modify product: Uncharacterized FAD-linked oxidoreductase Rv2280 => putative FAD-linked oxidoreductase
[15:12:22] Modify product: Probable cardiolipin synthase YwiE => putative cardiolipin synthase YwiE
[15:12:22] Modify product: Uncharacterized RNA pseudouridine synthase HP_0347 => putative RNA pseudouridine synthase
[15:12:22] Modify product: Probable adenylyltransferase/sulfurtransferase MoeZ => putative adenylyltransferase/sulfurtransferase MoeZ
[15:12:22] Modify product: Probable transcriptional regulatory protein HP_0162 => putative transcriptional regulatory protein
[15:12:22] Modify product: Uncharacterized GTP-binding protein YjiA => putative GTP-binding protein YjiA
[15:12:22] Modify product: Uncharacterized zinc protease Rv2782c => putative zinc protease
[15:12:22] Modify product: Probable formaldehyde dehydrogenase AdhA => putative formaldehyde dehydrogenase AdhA
[15:12:22] Modify product: Probable nicotinate-nucleotide adenylyltransferase => putative nicotinate-nucleotide adenylyltransferase
[15:12:22] Modify product: Probable protein-export membrane protein SecG => putative protein-export membrane protein SecG
[15:12:23] Modify product: Uncharacterized FAD-linked oxidoreductase Rv2280 => putative FAD-linked oxidoreductase
[15:12:23] Modify product: Uncharacterized zinc protease Rv2782c => putative zinc protease
[15:12:23] Modify product: Uncharacterized AAA domain-containing protein Rv2559c => putative AAA domain-containing protein
[15:12:23] Modify product: Aminopeptidase HP_1037 => Aminopeptidase
[15:12:23] Modify product: Probable septum site-determining protein MinC => putative septum site-determining protein MinC
[15:12:23] Modify product: Chemotaxis protein CheY homolog => Chemotaxis protein CheY 
[15:12:23] Modify product: Probable thiol peroxidase => putative thiol peroxidase
[15:12:23] Modify product: Uncharacterized HIT-like protein HP_0404 => putative HIT-like protein
[15:12:23] Modify product: Probable cysteine desulfurase => putative cysteine desulfurase
[15:12:23] Modify product: Uncharacterized RNA pseudouridine synthase Rv1540 => putative RNA pseudouridine synthase
[15:12:23] Modify product: RutC family protein HI_0719 => RutC family protein
[15:12:23] Modify product: Probable amino-acid ABC transporter-binding protein HI_1080 => putative amino-acid ABC transporter-binding protein
[15:12:23] Modify product: Protease HtpX homolog => Protease HtpX 
[15:12:23] Modify product: Probable tautomerase HP_0924 => putative tautomerase
[15:12:23] Modify product: Probable nicotinate-nucleotide pyrophosphorylase [carboxylating] => putative nicotinate-nucleotide pyrophosphorylase [carboxylating]
[15:12:23] Modify product: Probable chromosome-partitioning protein ParB => putative chromosome-partitioning protein ParB
[15:12:23] Modify product: Uncharacterized glycosyltransferase Rv1514c => putative glycosyltransferase
[15:12:23] Modify product: Putative 2-hydroxyacid dehydrogenase HI_1556 => Putative 2-hydroxyacid dehydrogenase
[15:12:23] Modify product: Nucleoid-associated protein HP_0035 => Nucleoid-associated protein
[15:12:23] Modify product: N utilization substance protein B homolog => N utilization substance protein B 
[15:12:23] Modify product: Putative peptidyl-prolyl cis-trans isomerase HP_0175 => Putative peptidyl-prolyl cis-trans isomerase
[15:12:23] Modify product: Uncharacterized protease YdcP => putative protease YdcP
[15:12:23] Modify product: Probable type I restriction enzyme BthVORF4518P M protein => putative type I restriction enzymeP M protein
[15:12:23] Modify product: Probable BsuMI modification methylase subunit YdiO => putative BsuMI modification methylase subunit YdiO
[15:12:23] Modify product: Probable L-asparaginase => putative L-asparaginase
[15:12:23] Cleaned 52 /product names
[15:12:23] Deleting unwanted file: examples/prokka/GCF_900087595.1/sprot.faa
[15:12:23] Deleting unwanted file: examples/prokka/GCF_900087595.1/sprot.blast
[15:12:23] There are still 636 unannotated CDS left (started with 1527)
[15:12:23] Will use hmmer3 to search against /home/mingzhi/prokka/bin/../db/hmm/HAMAP.hmm with 1 CPUs
[15:12:23] Running: cat examples\/prokka\/GCF_900087595\.1\/HAMAP\.hmm\.faa | parallel --gnu --plain -j 1 --block 82750 --recstart '>' --pipe hmmscan --noali --notextw --acc -E 1e-06 --cpu 1 /home/mingzhi/prokka/bin/../db/hmm/HAMAP.hmm /dev/stdin > examples\/prokka\/GCF_900087595\.1\/HAMAP\.hmm\.hmmer3 2> /dev/null
[15:12:56] Deleting unwanted file: examples/prokka/GCF_900087595.1/HAMAP.hmm.faa
[15:12:56] Deleting unwanted file: examples/prokka/GCF_900087595.1/HAMAP.hmm.hmmer3
[15:12:56] Labelling remaining 587 proteins as 'hypothetical protein'
[15:12:56] Possible /pseudo 'Murein DD-endopeptidase MepM' at gnl|X|GEBNMNOD_5 position 8030
[15:12:56] Possible /pseudo 'Acetate kinase' at gnl|X|GEBNMNOD_6 position 5358
[15:12:56] Possible /pseudo 'Phosphate acetyltransferase' at gnl|X|GEBNMNOD_6 position 6421
[15:12:56] Possible /pseudo 'Phosphate acetyltransferase' at gnl|X|GEBNMNOD_6 position 6836
[15:12:56] Possible /pseudo 'L-lactate permease' at gnl|X|GEBNMNOD_11 position 20467
[15:12:56] Possible /pseudo 'Citrate carrier' at gnl|X|GEBNMNOD_11 position 23786
[15:12:56] Possible /pseudo 'Flagellar biosynthetic protein FliP' at gnl|X|GEBNMNOD_13 position 40801
[15:12:56] Possible /pseudo 'NAD-dependent protein deacylase' at gnl|X|GEBNMNOD_15 position 67828
[15:12:56] Possible /pseudo 'Type-2 restriction enzyme MboI' at gnl|X|GEBNMNOD_27 position 30593
[15:12:56] Possible /pseudo 'Chromosome partition protein Smc' at gnl|X|GEBNMNOD_27 position 64921
[15:12:56] Found 831 unique /gene codes.
[15:12:56] Fixed 3 duplicate /gene - cheV_1 cheV_2 cheV_3
[15:12:56] Fixed 3 duplicate /gene - pta_1 pta_2 pta_3
[15:12:56] Fixed 2 duplicate /gene - pyrD_1 pyrD_2
[15:12:56] Fixed 3 duplicate /gene - mepM_1 mepM_2 mepM_3
[15:12:56] Fixed 3 duplicate /gene - virB4_1 virB4_2 virB4_3
[15:12:56] Fixed 2 duplicate /gene - mnmA_1 mnmA_2
[15:12:56] Fixed 2 duplicate /gene - atpF_1 atpF_2
[15:12:56] Fixed 2 duplicate /gene - nth_1 nth_2
[15:12:56] Fixed 2 duplicate /gene - fliP_1 fliP_2
[15:12:56] Fixed 2 duplicate /gene - atpD_1 atpD_2
[15:12:56] Fixed 3 duplicate /gene - fecA_1 fecA_2 fecA_3
[15:12:56] Fixed 2 duplicate /gene - pyrC_1 pyrC_2
[15:12:56] Fixed 2 duplicate /gene - lpxE_1 lpxE_2
[15:12:56] Fixed 2 duplicate /gene - cobB_1 cobB_2
[15:12:56] Fixed 2 duplicate /gene - hcpD_1 hcpD_2
[15:12:56] Fixed 2 duplicate /gene - hemN_1 hemN_2
[15:12:56] Fixed 2 duplicate /gene - tcyB_1 tcyB_2
[15:12:56] Fixed 2 duplicate /gene - acpP_1 acpP_2
[15:12:56] Fixed 4 duplicate /gene - vacA_1 vacA_2 vacA_3 vacA_4
[15:12:56] Fixed 2 duplicate /gene - tyrA_1 tyrA_2
[15:12:56] Fixed 2 duplicate /gene - mboIR_1 mboIR_2
[15:12:56] Fixed 2 duplicate /gene - flgG_1 flgG_2
[15:12:56] Fixed 3 duplicate /gene - xerH_1 xerH_2 xerH_3
[15:12:56] Fixed 3 duplicate /gene - hsdR_1 hsdR_2 hsdR_3
[15:12:56] Fixed 2 duplicate /gene - xseA_1 xseA_2
[15:12:56] Fixed 2 duplicate /gene - der_1 der_2
[15:12:56] Fixed 2 duplicate /gene - topA_1 topA_2
[15:12:56] Fixed 2 duplicate /gene - flhB_1 flhB_2
[15:12:56] Fixed 2 duplicate /gene - flgE_1 flgE_2
[15:12:56] Fixed 2 duplicate /gene - vapD_1 vapD_2
[15:12:56] Fixed 2 duplicate /gene - queE_1 queE_2
[15:12:56] Fixed 2 duplicate /gene - bhuA_1 bhuA_2
[15:12:56] Fixed 2 duplicate /gene - citT_1 citT_2
[15:12:56] Fixed 3 duplicate /gene - exbD_1 exbD_2 exbD_3
[15:12:56] Fixed 2 duplicate /gene - fliN_1 fliN_2
[15:12:56] Fixed 2 duplicate /gene - hydA_1 hydA_2
[15:12:56] Fixed 2 duplicate /gene - ackA_1 ackA_2
[15:12:56] Fixed 2 duplicate /gene - htpX_1 htpX_2
[15:12:56] Fixed 2 duplicate /gene - yohD_1 yohD_2
[15:12:56] Fixed 2 duplicate /gene - ftsH_1 ftsH_2
[15:12:56] Fixed 2 duplicate /gene - hcpC_1 hcpC_2
[15:12:56] Fixed 2 duplicate /gene - copA_1 copA_2
[15:12:56] Fixed 2 duplicate /gene - era_1 era_2
[15:12:56] Fixed 2 duplicate /gene - hcpB_1 hcpB_2
[15:12:56] Fixed 2 duplicate /gene - trxA_1 trxA_2
[15:12:56] Fixed 5 duplicate /gene - dpnA_1 dpnA_2 dpnA_3 dpnA_4 dpnA_5
[15:12:56] Fixed 2 duplicate /gene - yafQ_1 yafQ_2
[15:12:56] Fixed 3 duplicate /gene - smc_1 smc_2 smc_3
[15:12:56] Fixed 3 duplicate /gene - exbB_1 exbB_2 exbB_3
[15:12:56] Fixed 2 duplicate /gene - lldP_1 lldP_2
[15:12:56] Fixed 50 colliding /gene names.
[15:12:56] Adding /locus_tag identifiers
[15:12:56] Assigned 1564 locus_tags to CDS and RNA features.
[15:12:56] Writing outputs to examples/prokka/GCF_900087595.1/
[15:12:58] Generating annotation statistics file
[15:12:58] Generating Genbank and Sequin files
[15:12:58] Running: tbl2asn -V b -a r10k -l paired-ends -M n -N 1 -y 'Annotated using prokka 1.12 from https://github.com/tseemann/prokka' -Z examples\/prokka\/GCF_900087595\.1\/GCF_900087595\.1\.err -i examples\/prokka\/GCF_900087595\.1\/GCF_900087595\.1\.fsa 2> /dev/null
[15:13:02] Deleting unwanted file: examples/prokka/GCF_900087595.1/errorsummary.val
[15:13:02] Deleting unwanted file: examples/prokka/GCF_900087595.1/GCF_900087595.1.dr
[15:13:02] Deleting unwanted file: examples/prokka/GCF_900087595.1/GCF_900087595.1.fixedproducts
[15:13:02] Deleting unwanted file: examples/prokka/GCF_900087595.1/GCF_900087595.1.ecn
[15:13:02] Deleting unwanted file: examples/prokka/GCF_900087595.1/GCF_900087595.1.val
[15:13:02] Repairing broken .GBK output that tbl2asn produces...
[15:13:02] Running: sed 's/COORDINATES: profile/COORDINATES:profile/' < examples\/prokka\/GCF_900087595\.1\/GCF_900087595\.1\.gbf > examples\/prokka\/GCF_900087595\.1\/GCF_900087595\.1\.gbk
[15:13:02] Deleting unwanted file: examples/prokka/GCF_900087595.1/GCF_900087595.1.gbf
[15:13:02] Output files:
[15:13:02] examples/prokka/GCF_900087595.1/GCF_900087595.1.fna
[15:13:02] examples/prokka/GCF_900087595.1/GCF_900087595.1.gbk
[15:13:02] examples/prokka/GCF_900087595.1/GCF_900087595.1.sqn
[15:13:02] examples/prokka/GCF_900087595.1/GCF_900087595.1.txt
[15:13:02] examples/prokka/GCF_900087595.1/GCF_900087595.1.fsa
[15:13:02] examples/prokka/GCF_900087595.1/GCF_900087595.1.tbl
[15:13:02] examples/prokka/GCF_900087595.1/GCF_900087595.1.gff
[15:13:02] examples/prokka/GCF_900087595.1/GCF_900087595.1.log
[15:13:02] examples/prokka/GCF_900087595.1/GCF_900087595.1.ffn
[15:13:02] examples/prokka/GCF_900087595.1/GCF_900087595.1.err
[15:13:02] examples/prokka/GCF_900087595.1/GCF_900087595.1.faa
[15:13:02] examples/prokka/GCF_900087595.1/GCF_900087595.1.tsv
[15:13:02] Annotation finished successfully.
[15:13:02] Walltime used: 3.05 minutes
[15:13:02] If you use this result please cite the Prokka paper:
[15:13:02] Seemann T (2014) Prokka: rapid prokaryotic genome annotation. Bioinformatics. 30(14):2068-9.
[15:13:02] Type 'prokka --citation' for more details.
[15:13:02] Share and enjoy!
